-2.084819e+00 1.687224e-01 
1.938220e+00 -3.558098e-01 
-1.941816e+00 5.269164e-01 
1.737513e+00 -7.327192e-01 
-1.637488e+00 9.243177e-01 
1.386226e+00 -1.125749e+00 
-1.167006e+00 1.325860e+00 
8.879482e-01 -1.479011e+00 
-5.647273e-01 1.624411e+00 
2.759023e-01 -1.689172e+00 
9.533107e-02 1.704288e+00 
-3.867769e-01 -1.664312e+00 
7.280392e-01 1.539564e+00 
-1.015765e+00 -1.404511e+00 
1.262521e+00 1.207604e+00 
-1.528368e+00 -1.013783e+00 
1.655699e+00 8.164081e-01 
-1.877667e+00 -6.102515e-01 
1.896863e+00 4.343811e-01 
-2.061625e+00 -2.446378e-01 
1.996071e+00 7.549943e-02 
-2.096093e+00 9.551934e-02 
1.962776e+00 -2.781424e-01 
-1.985541e+00 4.468314e-01 
1.792993e+00 -6.496266e-01 
-1.717119e+00 8.362730e-01 
1.474567e+00 -1.041899e+00 
-1.281040e+00 1.243818e+00 
1.006150e+00 -1.411303e+00 
-7.018366e-01 1.575631e+00 
4.141449e-01 -1.661651e+00 
-4.689553e-02 1.708734e+00 
-2.442580e-01 -1.691337e+00 
5.984045e-01 1.592754e+00 
-8.880327e-01 -1.475906e+00 
1.158707e+00 1.287278e+00 
-1.431237e+00 -1.102036e+00 
1.584180e+00 9.010563e-01 
-1.817059e+00 -6.942166e-01 
1.857526e+00 5.142506e-01 
-2.035240e+00 -3.199455e-01 
1.986092e+00 1.512580e-01 
-2.100758e+00 2.286193e-02 
1.981077e+00 -2.013683e-01 
-2.021985e+00 3.686746e-01 
1.841578e+00 -5.676711e-01 
-1.788883e+00 7.493744e-01 
1.555882e+00 -9.572185e-01 
-1.388297e+00 1.158434e+00 
1.118537e+00 -1.338150e+00 
-8.353895e-01 1.517381e+00 
5.492349e-01 -1.623652e+00 
-1.896116e-01 1.701237e+00 
-1.010949e-01 -1.706586e+00 
4.647560e-01 1.637023e+00 
-7.555487e-01 -1.539845e+00 
1.048550e+00 1.363367e+00 
-1.326654e+00 -1.188990e+00 
1.505549e+00 9.859062e-01 
-1.748626e+00 -7.800059e-01 
1.811504e+00 5.953579e-01 
-2.001852e+00 -3.968151e-01 
1.970009e+00 2.275307e-01 
-2.098853e+00 -4.964847e-02 
1.993226e+00 -1.252749e-01 
-2.051336e+00 2.922613e-01 
1.883403e+00 -4.869427e-01 
-1.852813e+00 6.640771e-01 
1.630106e+00 -8.723684e-01 
-1.488347e+00 1.070963e+00 
1.224721e+00 -1.260701e+00 
-9.645660e-01 1.450842e+00 
6.804915e-01 -1.576083e+00 
-3.319599e-01 1.681829e+00 
4.182713e-02 -1.709847e+00 
3.277679e-01 1.671374e+00 
-6.191406e-01 -1.595040e+00 
9.324238e-01 1.434752e+00 
-1.215002e+00 -1.273471e+00 
1.419844e+00 1.070383e+00 
-1.672285e+00 -8.672885e-01 
1.758654e+00 6.776771e-01 
-1.961276e+00 -4.754905e-01 
1.947734e+00 3.045521e-01 
-2.090367e+00 -1.224153e-01 
1.999298e+00 -4.962099e-02 
-2.073768e+00 2.173294e-01 
1.918609e+00 -4.074411e-01 
-1.909012e+00 5.806625e-01 
1.697232e+00 -7.878757e-01 
-1.580870e+00 9.825223e-01 
1.324383e+00 -1.180041e+00 
-1.088601e+00 1.377327e+00 
8.072911e-01 -1.519988e+00 
-4.730652e-01 1.650830e+00 
1.836543e-01 -1.701195e+00 
1.881641e-01 1.694963e+00 
-4.796838e-01 -1.640358e+00 
8.107751e-01 1.500265e+00 
-1.096778e+00 -1.354176e+00 
1.327166e+00 1.153775e+00 
-1.588032e+00 -9.555527e-01 
1.698850e+00 7.610865e-01 
-1.913314e+00 -5.561326e-01 
1.919153e+00 3.825244e-01 
-2.075238e+00 -1.958340e-01 
1.999333e+00 2.585230e-02 
-2.089430e+00 1.435584e-01 
1.947344e+00 -3.290897e-01 
-1.957627e+00 4.992555e-01 
1.757303e+00 -7.041345e-01 
-1.665654e+00 8.940617e-01 
1.417275e+00 -1.097163e+00 
-1.206804e+00 1.298212e+00 
9.290701e-01 -1.456501e+00 
-6.120468e-01 1.608832e+00 
3.235728e-01 -1.680973e+00 
4.671358e-02 1.707147e+00 
-3.380804e-01 -1.674871e+00 
6.841198e-01 1.558724e+00 
-9.725894e-01 -1.429725e+00 
1.227691e+00 1.235237e+00 
-1.495950e+00 -1.044097e+00 
1.631998e+00 8.453547e-01 
-1.857777e+00 -6.387978e-01 
1.884130e+00 4.616059e-01 
-2.053364e+00 -2.702793e-01 
1.993336e+00 1.014109e-01 
-2.098432e+00 7.058630e-02 
1.969744e+00 -2.517500e-01 
-1.998837e+00 4.198462e-01 
1.810407e+00 -6.214151e-01 
-1.742590e+00 8.063469e-01 
1.503220e+00 -1.012946e+00 
-1.318572e+00 1.214877e+00 
1.045328e+00 -1.386796e+00 
-7.480328e-01 1.556685e+00 
4.608154e-01 -1.649770e+00 
-9.577574e-02 1.707515e+00 
-1.952396e-01 -1.697904e+00 
5.530375e-01 1.608978e+00 
-8.431401e-01 -1.498718e+00 
1.121666e+00 1.313804e+00 
-1.396230e+00 -1.132027e+00 
1.558042e+00 9.301281e-01 
-1.794501e+00 -7.234145e-01 
1.842520e+00 5.418970e-01 
-2.024599e+00 -3.460903e-01 
1.981273e+00 1.773177e-01 
-2.100845e+00 -1.975355e-03 
1.985927e+00 -1.752348e-01 
-2.032830e+00 3.423119e-01 
1.856661e+00 -5.398747e-01 
-1.811663e+00 7.199547e-01 
1.582111e+00 -9.281397e-01 
-1.423403e+00 1.128643e+00 
1.155631e+00 -1.312044e+00 
-8.801763e-01 1.495455e+00 
5.946659e-01 -1.608382e+00 
-2.384635e-01 1.695919e+00 
-5.206081e-02 -1.709055e+00 
4.181663e-01 1.649954e+00 
-7.092157e-01 -1.559800e+00 
1.009418e+00 1.388410e+00 
-1.289177e+00 -1.218274e+00 
1.476981e+00 1.014922e+00 
-1.723365e+00 -8.097614e-01 
1.794174e+00 6.234269e-01 
-1.988771e+00 -4.235548e-01 
1.963080e+00 2.538219e-01 
-2.096689e+00 -7.452830e-02 
1.995988e+00 -9.932020e-02 
-2.059792e+00 2.664389e-01 
1.896202e+00 -4.595708e-01 
-1.872930e+00 6.352790e-01 
1.653901e+00 -8.433595e-01 
-1.520905e+00 1.040722e+00 
1.259612e+00 -1.233377e+00 
-1.007674e+00 1.426374e+00 
7.244629e-01 -1.557770e+00 
-3.804850e-01 1.672490e+00 
9.058041e-02 -1.708212e+00 
2.801982e-01 1.680704e+00 
-5.716628e-01 -1.611730e+00 
8.913459e-01 1.457917e+00 
-1.175212e+00 -1.301613e+00 
1.388872e+00 1.099114e+00 
-1.644310e+00 -8.974474e-01 
1.738954e+00 7.061385e-01 
-1.945686e+00 -5.028907e-01 
1.938659e+00 3.311482e-01 
-2.085936e+00 -1.474747e-01 
1.999989e+00 -2.375788e-02 
-2.079889e+00 1.919432e-01 
1.929175e+00 -3.804752e-01 
-1.926512e+00 5.525454e-01 
1.718602e+00 -7.590863e-01 
-1.610795e+00 9.521766e-01 
1.356979e+00 -1.151851e+00 
-1.129785e+00 1.350784e+00 
8.496029e-01 -1.499012e+00 
-5.209618e-01 1.637643e+00 
2.318431e-01 -1.695545e+00 
1.398731e-01 1.700447e+00 
-4.313683e-01 -1.653438e+00 
7.679206e-01 1.521146e+00 
-1.054871e+00 -1.380710e+00 
1.293842e+00 1.181946e+00 
-1.557360e+00 -9.858962e-01 
1.676745e+00 7.898741e-01 
-1.895150e+00 -5.842255e-01 
1.907887e+00 4.094853e-01 
-2.068510e+00 -2.212044e-01 
1.997959e+00 5.171465e-02 
-2.093259e+00 1.184883e-01 
1.955725e+00 -3.024888e-01 
-1.972569e+00 4.718301e-01 
1.776275e+00 -6.756708e-01 
-1.692897e+00 8.638948e-01 
1.447508e+00 -1.068422e+00 
-1.245846e+00 1.270070e+00 
9.695435e-01 -1.433262e+00 
-6.590145e-01 1.592061e+00 
3.709288e-01 -1.671484e+00 
-2.026100e-03 1.708617e+00 
-2.892387e-01 -1.684081e+00 
6.396803e-01 1.576920e+00 
-9.287961e-01 -1.454169e+00 
1.192091e+00 1.262531e+00 
-1.462635e+00 -1.074340e+00 
1.607463e+00 8.743616e-01 
-1.836979e+00 -6.675743e-01 
1.870624e+00 4.889732e-01 
-2.044293e+00 -2.960816e-01 
1.989889e+00 1.273634e-01 
-2.099999e+00 4.570154e-02 
1.975983e+00 -2.254547e-01 
-2.011285e+00 3.930820e-01 
1.827018e+00 -5.933429e-01 
-1.767137e+00 7.765776e-01 
1.531045e+00 -9.839251e-01 
-1.355289e+00 1.185597e+00 
1.083807e+00 -1.361697e+00 
-7.937776e-01 1.536672e+00 
5.070873e-01 -1.636693e+00 
-1.446794e-01 1.704889e+00 
-1.461818e-01 -1.703074e+00 
5.072253e-01 1.624112e+00 
-7.977218e-01 -1.520600e+00 
1.083894e+00 1.339865e+00 
-1.360363e+00 -1.161823e+00 
1.531070e+00 9.592035e-01 
-1.771021e+00 -7.528169e-01 
1.826723e+00 5.696895e-01 
-2.013130e+00 -3.724298e-01 
1.975735e+00 2.034478e-01 
-2.100162e+00 -2.681161e-02 
1.990060e+00 -1.491719e-01 
-2.042849e+00 3.161448e-01 
1.870956e+00 -5.122242e-01 
-1.833526e+00 6.907379e-01 
1.607505e+00 -8.990652e-01 
-1.457648e+00 1.098656e+00 
1.191981e+00 -1.285480e+00 
-9.244174e-01 1.472607e+00 
6.396207e-01 -1.592030e+00 
-2.872372e-01 1.689210e+00 
-3.090130e-03 -1.710114e+00 
3.712127e-01 1.661684e+00 
-6.624565e-01 -1.578679e+00 
9.696017e-01 1.412856e+00 
-1.250888e+00 -1.247218e+00 
1.447585e+00 1.043868e+00 
-1.697174e+00 -8.396758e-01 
1.776037e+00 6.516354e-01 
-1.974837e+00 -4.505149e-01 
1.955421e+00 2.802099e-01 
-2.093751e+00 -9.945441e-02 
1.998039e+00 -7.340694e-02 
-2.067442e+00 2.407786e-01 
1.908230e+00 -4.323413e-01 
-1.892145e+00 6.067101e-01 
1.676863e+00 -8.144113e-01 
-1.552568e+00 1.010409e+00 
1.293727e+00 -1.205719e+00 
-1.050150e+00 1.401142e+00 
7.678872e-01 -1.538500e+00 
-4.288289e-01 1.661809e+00 
1.391715e-01 -1.705188e+00 
2.323515e-01 1.688741e+00 
-5.238631e-01 -1.627217e+00 
8.496391e-01 1.480345e+00 
-1.134673e+00 -1.329258e+00 
1.357087e+00 1.127686e+00 
-1.615407e+00 -9.276975e-01 
1.718434e+00 7.347211e-01 
-1.929222e+00 -5.305264e-01 
1.928839e+00 3.578635e-01 
-2.080723e+00 -1.726263e-01 
1.999972e+00 2.094668e-03 
-2.085222e+00 1.666795e-01 
1.938987e+00 -3.536401e-01 
-1.943129e+00 5.246662e-01 
1.739148e+00 -7.303987e-01 
-1.639805e+00 9.218635e-01 
1.388772e+00 -1.123439e+00 
-1.170258e+00 1.323640e+00 
8.913039e-01 -1.477215e+00 
-5.685739e-01 1.623194e+00 
2.797760e-01 -1.688556e+00 
9.139698e-02 1.704571e+00 
-3.828374e-01 -1.665217e+00 
7.245004e-01 1.541151e+00 
-1.012290e+00 -1.406582e+00 
1.259728e+00 1.209855e+00 
-1.525775e+00 -1.016241e+00 
1.653809e+00 8.187510e-01 
-1.876089e+00 -6.125559e-01 
1.895859e+00 4.365819e-01 
-2.060986e+00 -2.467098e-01 
1.995876e+00 7.759774e-02 
-2.096311e+00 9.349686e-02 
1.963368e+00 -2.760001e-01 
-1.986650e+00 4.446364e-01 
1.794434e+00 -6.473356e-01 
-1.719218e+00 8.338428e-01 
1.476920e+00 -1.039556e+00 
-1.284111e+00 1.241487e+00 
1.009350e+00 -1.409340e+00 
-7.055958e-01 1.574137e+00 
4.179408e-01 -1.660734e+00 
-5.085456e-02 1.708688e+00 
-2.402884e-01 -1.691921e+00 
5.947457e-01 1.594109e+00 
-8.844154e-01 -1.477788e+00 
1.155734e+00 1.289444e+00 
-1.428433e+00 -1.104472e+00 
1.582093e+00 9.034113e-01 
-1.815266e+00 -6.965746e-01 
1.856339e+00 5.164854e-01 
-2.034408e+00 -3.220570e-01 
1.985728e+00 1.533672e-01 
-2.100794e+00 2.084896e-02 
1.981497e+00 -1.992479e-01 
-2.022895e+00 3.665309e-01 
1.842830e+00 -5.654134e-01 
-1.790763e+00 7.469833e-01 
1.558039e+00 -9.548626e-01 
-1.391174e+00 1.156029e+00 
1.121570e+00 -1.336053e+00 
-8.390381e-01 1.515640e+00 
5.529332e-01 -1.622456e+00 
-1.935721e-01 1.700858e+00 
-9.712018e-02 -1.706838e+00 
4.609952e-01 1.638115e+00 
-7.518111e-01 -1.541501e+00 
1.045405e+00 1.365417e+00 
-1.323648e+00 -1.191374e+00 
1.503265e+00 9.882592e-01 
-1.746613e+00 -7.824106e-01 
1.810130e+00 5.976270e-01 
-2.000824e+00 -3.989738e-01 
1.969475e+00 2.296577e-01 
-2.098707e+00 -5.166312e-02 
1.993476e+00 -1.231700e-01 
-2.052051e+00 2.901626e-01 
1.884469e+00 -4.847194e-01 
-1.854477e+00 6.617352e-01 
1.632065e+00 -8.700160e-01 
-1.491019e+00 1.068516e+00 
1.227577e+00 -1.258500e+00 
-9.680819e-01 1.448890e+00 
6.840742e-01 -1.574635e+00 
-3.358977e-01 1.681123e+00 
4.578281e-02 -1.709766e+00 
3.239244e-01 1.672177e+00 
-6.153064e-01 -1.596437e+00 
9.291192e-01 1.436655e+00 
-1.211807e+00 -1.275769e+00 
1.417365e+00 1.072716e+00 
-1.670053e+00 -8.697282e-01 
1.757088e+00 6.799786e-01 
-1.960045e+00 -4.777020e-01 
1.947026e+00 3.067029e-01 
-2.090037e+00 -1.244428e-01 
1.999381e+00 -4.752468e-02 
-2.074294e+00 2.152675e-01 
1.919494e+00 -4.052511e-01 
-1.910463e+00 5.783753e-01 
1.698994e+00 -7.855394e-01 
-1.583329e+00 9.800630e-01 
1.327054e+00 -1.177766e+00 
-1.091964e+00 1.375200e+00 
8.107418e-01 -1.518320e+00 
-4.769560e-01 1.649809e+00 
1.875678e-01 -1.700787e+00 
1.842588e-01 1.695458e+00 
-4.757778e-01 -1.641466e+00 
8.073242e-01 1.501988e+00 
-1.093408e+00 -1.356350e+00 
1.324496e+00 1.156066e+00 
-1.585581e+00 -9.580105e-01 
1.697090e+00 7.634155e-01 
-1.911875e+00 -5.584001e-01 
1.918268e+00 3.847041e-01 
-2.074723e+00 -1.978851e-01 
1.999248e+00 2.794738e-02 
-2.089769e+00 1.415237e-01 
1.948051e+00 -3.269299e-01 
-1.958870e+00 4.970245e-01 
1.758871e+00 -7.018235e-01 
-1.667895e+00 8.916136e-01 
1.419755e+00 -1.094840e+00 
-1.209996e+00 1.295950e+00 
9.323740e-01 -1.454645e+00 
-6.158661e-01 1.607517e+00 
3.274221e-01 -1.680252e+00 
4.276836e-02 1.707318e+00 
-3.341277e-01 -1.675668e+00 
6.805380e-01 1.560235e+00 
-9.690635e-01 -1.431735e+00 
1.224834e+00 1.237461e+00 
-1.493284e+00 -1.046550e+00 
1.630041e+00 8.477030e-01 
-1.856126e+00 -6.411210e-01 
1.883064e+00 4.638181e-01 
-2.052659e+00 -2.723639e-01 
1.993083e+00 1.035122e-01 
-2.098588e+00 6.856833e-02 
1.970277e+00 -2.496159e-01 
-1.999877e+00 4.176694e-01 
1.811783e+00 -6.191352e-01 
-1.744614e+00 8.039287e-01 
1.505506e+00 -1.010597e+00 
-1.321578e+00 1.212517e+00 
1.048472e+00 -1.384784e+00 
-7.517567e-01 1.555103e+00 
4.645800e-01 -1.648755e+00 
-9.973794e-02 1.707354e+00 
-1.912655e-01 -1.698375e+00 
5.493416e-01 1.610245e+00 
-8.394790e-01 -1.500526e+00 
1.118632e+00 1.315934e+00 
-1.393356e+00 -1.134450e+00 
1.555888e+00 9.324843e-01 
-1.792633e+00 -7.257895e-01 
1.841269e+00 5.441435e-01 
-2.023701e+00 -3.482172e-01 
1.980852e+00 1.794323e-01 
-2.100819e+00 -3.987631e-03 
1.986289e+00 -1.731204e-01 
-2.033672e+00 3.401845e-01 
1.857849e+00 -5.376288e-01 
-1.813468e+00 7.175796e-01 
1.584199e+00 -9.257834e-01 
-1.426210e+00 1.126220e+00 
1.158604e+00 -1.309908e+00 
-8.837819e-01 1.493637e+00 
5.983266e-01 -1.607097e+00 
-2.424189e-01 1.695427e+00 
-4.808995e-02 -1.709193e+00 
4.143749e-01 1.650950e+00 
-7.054423e-01 -1.561370e+00 
1.006217e+00 1.390414e+00 
-1.286105e+00 -1.220633e+00 
1.474630e+00 1.017270e+00 
-1.721277e+00 -8.121797e-01 
1.792734e+00 6.257075e-01 
-1.987673e+00 -4.257311e-01 
1.962487e+00 2.559564e-01 
-2.096480e+00 -7.654610e-02 
1.996181e+00 -9.721907e-02 
-2.060442e+00 2.643538e-01 
1.897205e+00 -4.573591e-01 
-1.874521e+00 6.329555e-01 
1.655792e+00 -8.410114e-01 
-1.523504e+00 1.038268e+00 
1.262406e+00 -1.231148e+00 
-1.011140e+00 1.424357e+00 
7.280022e-01 -1.556243e+00 
-3.844095e-01 1.671674e+00 
9.452418e-02 -1.708019e+00 
2.763311e-01 1.681404e+00 
-5.678012e-01 -1.613030e+00 
8.879895e-01 1.459762e+00 
-1.171955e+00 -1.303872e+00 
1.386326e+00 1.101435e+00 
-1.642003e+00 -8.998955e-01 
1.737322e+00 7.084501e-01 
-1.944385e+00 -5.051212e-01 
1.937891e+00 3.333084e-01 
-2.085543e+00 -1.495091e-01 
2.000014e+00 -2.166282e-02 
-2.080351e+00 1.898918e-01 
1.929998e+00 -3.782960e-01 
-1.927892e+00 5.502775e-01 
1.720298e+00 -7.567579e-01 
-1.613179e+00 9.497187e-01 
1.359585e+00 -1.149557e+00 
-1.133091e+00 1.348606e+00 
8.530049e-01 -1.497276e+00 
-5.248309e-01 1.636518e+00 
2.357370e-01 -1.695028e+00 
1.359516e-01 1.700832e+00 
-4.274434e-01 -1.654442e+00 
7.644230e-01 1.522800e+00 
-1.051445e+00 -1.382831e+00 
1.291107e+00 1.184218e+00 
-1.554835e+00 -9.883554e-01 
1.674918e+00 7.922108e-01 
-1.893639e+00 -5.865123e-01 
1.906941e+00 4.116758e-01 
-2.067930e+00 -2.232659e-01 
1.997816e+00 5.381101e-02 
-2.093535e+00 1.164606e-01 
1.956372e+00 -3.003384e-01 
-1.973742e+00 4.696180e-01 
1.777777e+00 -6.733699e-01 
-1.695064e+00 8.614551e-01 
1.449922e+00 -1.066087e+00 
-1.248976e+00 1.267770e+00 
9.727941e-01 -1.431348e+00 
-6.628038e-01 1.590651e+00 
3.747513e-01 -1.670659e+00 
-5.979767e-03 1.708675e+00 
-2.852759e-01 -1.684767e+00 
6.360574e-01 1.578351e+00 
-9.252215e-01 -1.456114e+00 
1.189173e+00 1.264726e+00 
-1.459896e+00 -1.076786e+00 
1.605438e+00 8.767142e-01 
-1.835253e+00 -6.699160e-01 
1.869496e+00 4.911970e-01 
-2.043523e+00 -2.981797e-01 
1.989578e+00 1.294684e-01 
-2.100092e+00 4.368678e-02 
1.976457e+00 -2.233280e-01 
-2.012257e+00 3.909227e-01 
1.828329e+00 -5.910744e-01 
-1.769086e+00 7.741729e-01 
1.533263e+00 -9.815714e-01 
-1.358228e+00 1.183212e+00 
1.086893e+00 -1.359639e+00 
-7.974635e-01 1.535005e+00 
5.108183e-01 -1.635582e+00 
-1.486420e-01 1.704614e+00 
-1.422061e-01 -1.703431e+00 
5.034945e-01 1.625289e+00 
-7.940195e-01 -1.522331e+00 
1.080801e+00 1.341955e+00 
-1.357419e+00 -1.164227e+00 
1.528848e+00 9.615589e-01 
-1.769077e+00 -7.552080e-01 
1.825408e+00 5.719478e-01 
-2.012164e+00 -3.745729e-01 
1.975255e+00 2.055685e-01 
-2.100072e+00 -2.882452e-02 
1.990363e+00 -1.470629e-01 
-2.043625e+00 3.140328e-01 
1.872080e+00 -5.099901e-01 
-1.835257e+00 6.883798e-01 
1.609526e+00 -8.967101e-01 
-1.460385e+00 1.096219e+00 
1.194894e+00 -1.283308e+00 
-9.279773e-01 1.470717e+00 
6.432418e-01 -1.590658e+00 
-2.911848e-01 1.688606e+00 
8.740915e-04 -1.710138e+00 
3.673931e-01 1.662580e+00 
-6.586501e-01 -1.580160e+00 
9.663460e-01 1.414809e+00 
-1.247751e+00 -1.249546e+00 
1.445166e+00 1.046210e+00 
-1.695011e+00 -8.421060e-01 
1.774532e+00 6.539271e-01 
-1.973671e+00 -4.527093e-01 
1.954768e+00 2.823526e-01 
-2.093479e+00 -1.014767e-01 
1.998174e+00 -7.130871e-02 
-2.068027e+00 2.387061e-01 
1.909171e+00 -4.301411e-01 
-1.893662e+00 6.044054e-01 
1.678687e+00 -8.120688e-01 
-1.555094e+00 1.007951e+00 
1.296457e+00 -1.203464e+00 
-1.053563e+00 1.399065e+00 
7.713812e-01 -1.536899e+00 
-4.327371e-01 1.660885e+00 
1.431007e-01 -1.704882e+00 
2.284633e-01 1.689334e+00 
-5.199769e-01 -1.628418e+00 
8.462327e-01 1.482128e+00 
-1.131356e+00 -1.331475e+00 
1.354476e+00 1.129994e+00 
-1.613025e+00 -9.301518e-01 
1.716736e+00 7.370421e-01 
-1.927849e+00 -5.327761e-01 
1.928010e+00 3.600336e-01 
-2.080266e+00 -1.746688e-01 
1.999940e+00 4.189336e-03 
-2.085619e+00 1.646374e-01 
1.939750e+00 -3.514712e-01 
-1.944437e+00 5.224176e-01 
1.740776e+00 -7.280790e-01 
-1.642115e+00 9.194096e-01 
1.391313e+00 -1.121128e+00 
-1.173506e+00 1.321416e+00 
8.946555e-01 -1.475415e+00 
-5.724183e-01 1.621969e+00 
2.836478e-01 -1.687932e+00 
8.746189e-02 1.704845e+00 
-3.788967e-01 -1.666114e+00 
7.209581e-01 1.542732e+00 
-1.008811e+00 -1.408647e+00 
1.256929e+00 1.212103e+00 
-1.523176e+00 -1.018699e+00 
1.651915e+00 8.210944e-01 
-1.874506e+00 -6.148618e-01 
1.894851e+00 4.387835e-01 
-2.060341e+00 -2.487828e-01 
1.995676e+00 7.969625e-02 
-2.096525e+00 9.147480e-02 
1.963955e+00 -2.738584e-01 
-1.987753e+00 4.424429e-01 
1.795870e+00 -6.450455e-01 
-1.721310e+00 8.314135e-01 
1.479267e+00 -1.037213e+00 
-1.287177e+00 1.239153e+00 
1.012546e+00 -1.407373e+00 
-7.093523e-01 1.572635e+00 
4.217342e-01 -1.659808e+00 
-5.481394e-02 1.708632e+00 
-2.363183e-01 -1.692495e+00 
5.910837e-01 1.595456e+00 
-8.807945e-01 -1.479664e+00 
1.152755e+00 1.291607e+00 
-1.425623e+00 -1.106907e+00 
1.580001e+00 9.057665e-01 
-1.813466e+00 -6.989339e-01 
1.855147e+00 5.187210e-01 
-2.033571e+00 -3.241697e-01 
1.985360e+00 1.554768e-01 
-2.100825e+00 1.883610e-02 
1.981912e+00 -1.971280e-01 
-2.023799e+00 3.643886e-01 
1.844076e+00 -5.631566e-01 
-1.792637e+00 7.445934e-01 
1.560190e+00 -9.525067e-01 
-1.394044e+00 1.153622e+00 
1.124598e+00 -1.333952e+00 
-8.426833e-01 1.513892e+00 
5.566286e-01 -1.621252e+00 
-1.975323e-01 1.700470e+00 
-9.314567e-02 -1.707081e+00 
4.572317e-01 1.639199e+00 
-7.480705e-01 -1.543150e+00 
1.042256e+00 1.367464e+00 
-1.320637e+00 -1.193757e+00 
1.500976e+00 9.906120e-01 
-1.744595e+00 -7.848165e-01 
1.808750e+00 5.998971e-01 
-1.999790e+00 -4.011338e-01 
1.968936e+00 2.317852e-01 
-2.098555e+00 -5.367797e-02 
1.993722e+00 -1.210655e-01 
-2.052761e+00 2.880651e-01 
1.885529e+00 -4.824971e-01 
-1.856135e+00 6.593948e-01 
1.634019e+00 -8.676639e-01 
-1.493684e+00 1.066069e+00 
1.230428e+00 -1.256297e+00 
-9.715938e-01 1.446931e+00 
6.876536e-01 -1.573182e+00 
-3.398346e-01 1.680408e+00 
4.973762e-02 -1.709677e+00 
3.200789e-01 1.672972e+00 
-6.114698e-01 -1.597825e+00 
9.258103e-01 1.438554e+00 
-1.208606e+00 -1.278063e+00 
1.414880e+00 1.075048e+00 
-1.667815e+00 -8.721687e-01 
1.755517e+00 6.822809e-01 
-1.958808e+00 -4.799150e-01 
1.946314e+00 3.088544e-01 
-2.089702e+00 -1.264707e-01 
1.999458e+00 -4.542850e-02 
-2.074814e+00 2.132064e-01 
1.920373e+00 -4.030620e-01 
-1.911908e+00 5.760897e-01 
1.700751e+00 -7.832037e-01 
-1.585781e+00 9.776037e-01 
1.329720e+00 -1.175489e+00 
-1.095323e+00 1.373069e+00 
8.141887e-01 -1.516647e+00 
-4.808451e-01 1.648780e+00 
1.914797e-01 -1.700371e+00 
1.803521e-01 1.695943e+00 
-4.718701e-01 -1.642565e+00 
8.038695e-01 1.503706e+00 
-1.090034e+00 -1.358519e+00 
2.987806e+00 7.153534e-01 
2.673707e+00 7.493252e-01 
2.049015e+00 1.169119e+00 
9.671466e-01 1.867955e+00 
9.815245e-02 2.122817e+00 
-2.039526e-01 2.152758e+00 
-9.396953e-03 2.193853e+00 
6.053056e-01 2.138015e+00 
1.461475e+00 1.796831e+00 
2.241157e+00 1.335144e+00 
2.769628e+00 1.039951e+00 
3.057212e+00 9.066876e-01 
3.138394e+00 8.198311e-01 
3.033902e+00 7.303280e-01 
2.760221e+00 7.193408e-01 
2.230384e+00 1.031278e+00 
1.213384e+00 1.740076e+00 
2.386777e-01 2.102794e+00 
-1.849885e-01 2.146811e+00 
-9.231759e-02 2.185513e+00 
4.390330e-01 2.171236e+00 
1.268311e+00 1.895158e+00 
2.089240e+00 1.428215e+00 
2.675867e+00 1.087120e+00 
3.012977e+00 9.284273e-01 
3.137755e+00 8.392377e-01 
3.072432e+00 7.486433e-01 
2.836560e+00 7.046716e-01 
2.384890e+00 9.183322e-01 
1.467726e+00 1.585676e+00 
4.125658e-01 2.067044e+00 
-1.381230e-01 2.142282e+00 
-1.516459e-01 2.175416e+00 
2.894380e-01 2.190113e+00 
1.074697e+00 1.982506e+00 
1.924674e+00 1.529035e+00 
2.569291e+00 1.143831e+00 
2.957690e+00 9.532578e-01 
3.126823e+00 8.579632e-01 
3.101561e+00 7.684860e-01 
2.902201e+00 7.024354e-01 
2.512690e+00 8.337362e-01 
1.712146e+00 1.419139e+00 
6.135716e-01 2.009796e+00 
-6.488083e-02 2.137464e+00 
-1.877726e-01 2.165590e+00 
1.593689e-01 2.197539e+00 
8.865906e-01 2.055025e+00 
1.751010e+00 1.633295e+00 
2.451277e+00 1.210171e+00 
2.892448e+00 9.822694e-01 
3.106492e+00 8.763430e-01 
3.121805e+00 7.885593e-01 
2.958628e+00 7.088834e-01 
2.619307e+00 7.742359e-01 
1.933652e+00 1.256536e+00 
8.335097e-01 1.927584e+00 
3.159746e-02 2.129782e+00 
-2.038378e-01 2.156980e+00 
4.714852e-02 2.196874e+00 
7.055764e-01 2.112135e+00 
1.569323e+00 1.737847e+00 
2.321579e+00 1.286539e+00 
2.817545e+00 1.016882e+00 
3.077761e+00 8.952411e-01 
3.134558e+00 8.085015e-01 
3.008284e+00 7.212370e-01 
2.711897e+00 7.345098e-01 
2.129664e+00 1.107627e+00 
1.070514e+00 1.817031e+00 
1.541393e-01 2.115741e+00 
-1.990765e-01 2.149993e+00 
-4.749329e-02 2.190667e+00 
5.326278e-01 2.154064e+00 
1.379479e+00 1.839808e+00 
2.178008e+00 1.373712e+00 
2.731184e+00 1.058974e+00 
3.039671e+00 9.156629e-01 
3.139345e+00 8.281974e-01 
3.051431e+00 7.378483e-01 
2.794130e+00 7.113312e-01 
2.299785e+00 9.796188e-01 
1.322021e+00 1.676726e+00 
3.090462e-01 2.089838e+00 
-1.684363e-01 2.144772e+00 
-1.206656e-01 2.181273e+00 
3.727719e-01 2.180927e+00 
1.185212e+00 1.934130e+00 
2.020253e+00 1.470596e+00 
2.631823e+00 1.110166e+00 
2.990665e+00 9.385979e-01 
3.134334e+00 8.473187e-01 
3.086057e+00 7.570331e-01 
2.865888e+00 7.024145e-01 
2.442552e+00 8.787806e-01 
1.574404e+00 1.514953e+00 
4.957149e-01 2.045452e+00 
-1.098002e-01 2.140397e+00 
-1.697191e-01 2.171107e+00 
2.315227e-01 2.194477e+00 
9.934681e-01 2.015393e+00 
1.851445e+00 1.573382e+00 
2.520214e+00 1.170995e+00 
2.930964e+00 9.650707e-01 
3.119193e+00 8.658153e-01 
3.111196e+00 7.770719e-01 
2.927276e+00 7.043261e-01 
2.560383e+00 8.055792e-01 
1.809904e+00 1.348481e+00 
7.054711e-01 1.977902e+00 
-2.649647e-02 2.134703e+00 
-1.969936e-01 2.161735e+00 
1.093582e-01 2.198079e+00 
8.083920e-01 2.081286e+00 
1.674406e+00 1.678067e+00 
2.397409e+00 1.241517e+00 
2.861698e+00 9.962700e-01 
3.095255e+00 8.842953e-01 
3.128141e+00 7.970983e-01 
2.980583e+00 7.135474e-01 
2.660258e+00 7.550873e-01 
2.020497e+00 1.190826e+00 
9.326586e-01 1.884024e+00 
8.036989e-02 2.124827e+00 
-2.046089e-01 2.153776e+00 
4.400932e-03 2.194770e+00 
6.305017e-01 2.131913e+00 
1.489119e+00 1.781965e+00 
2.262042e+00 1.322455e+00 
2.782182e+00 1.033837e+00 
3.062742e+00 9.037221e-01 
3.137685e+00 8.169630e-01 
3.027609e+00 7.279011e-01 
2.748253e+00 7.227017e-01 
2.205618e+00 1.049945e+00 
1.176705e+00 1.760539e+00 
2.161378e-01 2.106521e+00 
-1.894311e-01 2.147566e+00 
-8.165203e-02 2.186896e+00 
4.623291e-01 2.167338e+00 
1.296623e+00 1.881399e+00 
2.112215e+00 1.414094e+00 
2.690329e+00 1.079674e+00 
3.020109e+00 9.250964e-01 
3.138482e+00 8.364550e-01 
3.067388e+00 7.458410e-01 
2.826119e+00 7.059472e-01 
2.364132e+00 9.330058e-01 
1.430887e+00 1.609324e+00 
3.853442e-01 2.073475e+00 
-1.466813e-01 2.142905e+00 
-1.445277e-01 2.176904e+00 
3.099891e-01 2.188163e+00 
1.102620e+00 1.970670e+00 
1.949253e+00 1.514055e+00 
2.585538e+00 1.134980e+00 
2.966386e+00 9.494129e-01 
3.129037e+00 8.552760e-01 
3.097913e+00 7.655655e-01 
2.893286e+00 7.021351e-01 
2.495593e+00 8.443522e-01 
1.677838e+00 1.443440e+00 
5.830181e-01 2.019608e+00 
-7.701120e-02 2.138276e+00 
-1.838212e-01 2.166956e+00 
1.771267e-01 2.197033e+00 
9.135160e-01 2.045441e+00 
1.776764e+00 1.618050e+00 
2.469134e+00 1.199916e+00 
2.902521e+00 9.777399e-01 
3.109977e+00 8.736602e-01 
3.119345e+00 7.856454e-01 
2.950884e+00 7.075296e-01 
2.604815e+00 7.815537e-01 
1.903015e+00 1.279516e+00 
8.004617e-01 1.941219e+00 
1.608649e-02 2.131194e+00 
-2.027084e-01 2.158140e+00 
6.242994e-02 2.197369e+00 
7.314717e-01 2.104768e+00 
1.596284e+00 1.722710e+00 
2.341260e+00 1.274767e+00 
2.829099e+00 1.011428e+00 
3.082480e+00 8.924205e-01 
3.133160e+00 8.056101e-01 
3.001435e+00 7.191403e-01 
2.699103e+00 7.392093e-01 
2.102721e+00 1.128169e+00 
1.034972e+00 1.835002e+00 
1.344213e-01 2.118366e+00 
-2.012496e-01 2.150896e+00 
-3.494147e-02 2.191828e+00 
5.571380e-01 2.148912e+00 
1.407523e+00 1.825304e+00 
2.199815e+00 1.360364e+00 
2.744544e+00 1.052312e+00 
3.045867e+00 9.125589e-01 
3.139217e+00 8.253591e-01 
3.045629e+00 7.352268e-01 
2.782794e+00 7.137536e-01 
2.276714e+00 9.966629e-01 
1.284923e+00 1.698812e+00 
2.843927e-01 2.094608e+00 
-1.746624e-01 2.145441e+00 
-1.115155e-01 2.182740e+00 
3.949603e-01 2.177914e+00 
1.213481e+00 1.921114e+00 
2.043988e+00 1.456025e+00 
2.647081e+00 1.102120e+00 
2.998490e+00 9.350662e-01 
3.135714e+00 8.445818e-01 
3.081618e+00 7.541543e-01 
2.856123e+00 7.029451e-01 
2.423457e+00 8.916609e-01 
1.538382e+00 1.539196e+00 
4.668938e-01 2.053269e+00 
-1.199649e-01 2.141055e+00 
-1.640270e-01 2.172560e+00 
2.508407e-01 2.193208e+00 
1.020992e+00 2.004510e+00 
1.876550e+00 1.558232e+00 
2.537152e+00 1.161548e+00 
2.940261e+00 9.609570e-01 
3.121976e+00 8.631457e-01 
3.108089e+00 7.741482e-01 
2.918914e+00 7.035232e-01 
2.544539e+00 8.146801e-01 
1.777128e+00 1.372390e+00 
6.738227e-01 1.989288e+00 
-4.003046e-02 2.135714e+00 
-1.942476e-01 2.163020e+00 
1.260374e-01 2.198045e+00 
8.348773e-01 2.072657e+00 
1.700658e+00 1.662826e+00 
2.415999e+00 1.230633e+00 
2.872369e+00 9.913800e-01 
3.099250e+00 8.815719e-01 
3.126130e+00 7.941934e-01 
2.973233e+00 7.118489e-01 
2.646566e+00 7.612279e-01 
1.991443e+00 1.212886e+00 
8.985397e-01 1.899458e+00 
6.319951e-02 2.126663e+00 
-2.047870e-01 2.154832e+00 
1.859255e-02 2.195589e+00 
6.558947e-01 2.125489e+00 
1.516599e+00 1.767009e+00 
2.282614e+00 1.309998e+00 
2.794472e+00 1.027900e+00 
3.068057e+00 9.007979e-01 
3.136790e+00 8.140874e-01 
3.021166e+00 7.255511e-01 
2.736074e+00 7.263943e-01 
2.180289e+00 1.069123e+00 
1.140265e+00 1.780390e+00 
1.943271e-01 2.109935e+00 
-1.932775e-01 2.148356e+00 
-7.048680e-02 2.188233e+00 
4.859659e-01 2.163126e+00 
1.324901e+00 1.867422e+00 
2.134906e+00 1.400153e+00 
2.704513e+00 1.072432e+00 
3.027001e+00 9.218278e-01 
3.138987e+00 8.336570e-01 
3.062142e+00 7.430757e-01 
2.815446e+00 7.074996e-01 
2.342790e+00 9.482929e-01 
1.393888e+00 1.632655e+00 
3.587329e-01 2.079459e+00 
-1.546631e-01 2.143530e+00 
-1.369022e-01 2.178396e+00 
3.309637e-01 2.185959e+00 
1.130656e+00 1.958519e+00 
1.973636e+00 1.499158e+00 
2.601542e+00 1.126332e+00 
2.974867e+00 9.456525e-01 
3.131045e+00 8.525784e-01 
3.094071e+00 7.626505e-01 
2.884164e+00 7.020279e-01 
2.478020e+00 8.555205e-01 
1.643046e+00 1.467798e+00 
5.528680e-01 2.028900e+00 
-8.865756e-02 2.139037e+00 
-1.794447e-01 2.168348e+00 
1.952678e-01 2.196348e+00 
9.405942e-01 2.035528e+00 
1.802354e+00 1.602818e+00 
2.486754e+00 1.189868e+00 
2.912397e+00 9.733228e-01 
3.113287e+00 8.709851e-01 
3.116728e+00 7.827285e-01 
2.942996e+00 7.063048e-01 
2.590012e+00 7.892998e-01 
1.871836e+00 1.302768e+00 
7.677710e-01 1.954266e+00 
1.098963e-03 2.132489e+00 
-2.011592e-01 2.159333e+00 
7.806803e-02 2.197739e+00 
7.575212e-01 2.097082e+00 
1.623062e+00 1.707534e+00 
2.360650e+00 1.263225e+00 
2.840418e+00 1.006127e+00 
3.087008e+00 8.896292e-01 
3.131602e+00 8.027148e-01 
2.994457e+00 7.171385e-01 
2.686093e+00 7.442636e-01 
2.075240e+00 1.149129e+00 
9.997797e-01 1.852322e+00 
1.153840e-01 2.120762e+00 
-2.028871e-01 2.151839e+00 
-2.194934e-02 2.192913e+00 
5.819017e-01 2.143437e+00 
1.435447e+00 1.810659e+00 
2.221310e+00 1.347235e+00 
2.757625e+00 1.045842e+00 
3.051831e+00 9.095050e-01 
3.138885e+00 8.225093e-01 
3.039652e+00 7.326661e-01 
2.771239e+00 7.164889e-01 
2.253061e+00 1.014278e+00 
1.247914e+00 1.720379e+00 
2.604485e-01 2.099001e+00 
-1.802795e-01 2.146135e+00 
-1.018442e-01 2.184186e+00 
4.175416e-01 2.174607e+00 
1.241787e+00 1.907830e+00 
2.067477e+00 1.441593e+00 
2.662072e+00 1.094278e+00 
3.006081e+00 9.316060e-01 
3.136872e+00 8.418295e-01 
3.076972e+00 7.512964e-01 
2.846129e+00 7.037177e-01 
2.403807e+00 9.051468e-01 
1.502027e+00 1.563292e+00 
4.385848e-01 2.060604e+00 
-1.295976e-01 2.141694e+00 
-1.578613e-01 2.174029e+00 
2.705745e-01 2.191718e+00 
1.048660e+00 1.993300e+00 
1.901484e+00 1.543128e+00 
2.553858e+00 1.152304e+00 
2.949357e+00 9.569385e-01 
3.124569e+00 8.604724e-01 
3.104804e+00 7.712239e-01 
2.910372e+00 7.028814e-01 
2.528293e+00 8.242785e-01 
1.743818e+00 1.396467e+00 
6.425364e-01 2.000129e+00 
-5.308588e-02 2.136650e+00 
-1.910959e-01 2.164334e+00 
1.430773e-01 2.197859e+00 
8.615108e-01 2.063704e+00 
1.726738e+00 1.647577e+00 
2.434332e+00 1.219967e+00 
2.882832e+00 9.866181e-01 
3.103071e+00 8.788653e-01 
3.123968e+00 7.912856e-01 
2.965754e+00 7.102627e-01 
2.632618e+00 7.677573e-01 
1.961853e+00 1.235280e+00 
8.647887e-01 1.914269e+00 
4.661666e-02 2.128341e+00 
-2.045049e-01 2.155924e+00 
3.316490e-02 2.196305e+00 
6.814696e-01 2.118743e+00 
1.543908e+00 1.751979e+00 
2.302877e+00 1.297775e+00 
2.806504e+00 1.022133e+00 
3.073163e+00 8.979120e-01 
3.135718e+00 8.112055e-01 
3.014578e+00 7.232830e-01 
2.723688e+00 7.304244e-01 
2.154405e+00 1.088788e+00 
1.104103e+00 1.799612e+00 
1.732407e-01 2.113059e+00 
-1.965391e-01 2.149183e+00 
-5.883467e-02 2.189518e+00 
5.099219e-01 2.158597e+00 
1.353121e+00 1.853247e+00 
2.157304e+00 1.386405e+00 
2.718417e+00 1.065390e+00 
3.033655e+00 9.186181e-01 
3.139273e+00 8.308443e-01 
3.056700e+00 7.403534e-01 
2.804545e+00 7.093392e-01 
2.320859e+00 9.641882e-01 
1.356793e+00 1.655612e+00 
3.327628e-01 2.085012e+00 
-1.620557e-01 2.144164e+00 
-1.287616e-01 2.179885e+00 
3.523585e-01 2.183490e+00 
1.158790e+00 1.946064e+00 
1.997811e+00 1.484357e+00 
2.617298e+00 1.117888e+00 
2.983130e+00 9.419732e-01 
3.132844e+00 8.498687e-01 
3.090028e+00 7.597441e-01 
2.874830e+00 7.021258e-01 
2.459948e+00 8.672581e-01 
1.607798e+00 1.492166e+00 
5.231438e-01 2.037682e+00 
-9.981115e-02 2.139755e+00 
-1.746324e-01 2.169763e+00 
2.138012e-01 2.195475e+00 
9.678258e-01 2.025285e+00 
1.827781e+00 1.587605e+00 
2.504141e+00 1.180027e+00 
2.922076e+00 9.690132e-01 
3.116421e+00 8.683147e-01 
3.113950e+00 7.798086e-01 
2.934954e+00 7.052158e-01 
2.574878e+00 7.974901e-01 
1.840111e+00 1.326268e+00 
7.354349e-01 1.966736e+00 
-1.338187e-02 2.133677e+00 
-1.991986e-01 2.160559e+00 
9.405997e-02 2.197979e+00 
7.837206e-01 2.089076e+00 
1.649659e+00 1.692328e+00 
2.379760e+00 1.251911e+00 
2.851509e+00 1.000971e+00 
3.091351e+00 8.868641e-01 
3.129887e+00 7.998160e-01 
2.987352e+00 7.152358e-01 
2.672861e+00 7.496797e-01 
2.047222e+00 1.170485e+00 
9.649480e-01 1.868993e+00 
9.700579e-02 2.122950e+00 
-2.040087e-01 2.152821e+00 
-8.533610e-03 2.193914e+00 
6.068978e-01 2.137638e+00 
1.463233e+00 1.795891e+00 
2.242491e+00 1.334332e+00 
2.770432e+00 1.039558e+00 
3.057569e+00 9.064982e-01 
3.138355e+00 8.196494e-01 
3.033508e+00 7.301719e-01 
2.759468e+00 7.195443e-01 
2.228830e+00 1.032447e+00 
1.211051e+00 1.741392e+00 
2.372262e-01 2.103040e+00 
-1.852881e-01 2.146858e+00 
-9.165603e-02 2.185602e+00 
4.405003e-01 2.170997e+00 
1.270108e+00 1.894292e+00 
2.090706e+00 1.427315e+00 
2.676792e+00 1.086641e+00 
3.013436e+00 9.282141e-01 
3.137808e+00 8.390616e-01 
3.072118e+00 7.484646e-01 
2.835905e+00 7.047445e-01 
2.383590e+00 9.192448e-01 
1.465395e+00 1.587184e+00 
4.108215e-01 2.067465e+00 
-1.386827e-01 2.142321e+00 
-1.512092e-01 2.175510e+00 
2.907291e-01 2.189997e+00 
1.076464e+00 1.981764e+00 
1.926239e+00 1.528082e+00 
2.570328e+00 1.143263e+00 
2.958248e+00 9.530113e-01 
3.126969e+00 8.577930e-01 
3.101335e+00 7.683006e-01 
2.901641e+00 7.024108e-01 
2.511619e+00 8.343936e-01 
1.709984e+00 1.420678e+00 
6.116219e-01 2.010434e+00 
-6.566454e-02 2.137517e+00 
-1.875343e-01 2.165676e+00 
1.604842e-01 2.197512e+00 
8.882942e-01 2.054426e+00 
1.752648e+00 1.632328e+00 
2.452417e+00 1.209514e+00 
2.893093e+00 9.819787e-01 
3.106718e+00 8.761725e-01 
3.121653e+00 7.883746e-01 
2.958141e+00 7.087938e-01 
2.618397e+00 7.746876e-01 
1.931724e+00 1.257986e+00 
8.314026e-01 1.928466e+00 
3.059764e-02 2.129875e+00 
-2.037788e-01 2.157052e+00 
4.810725e-02 2.196909e+00 
7.072144e-01 2.111677e+00 
1.571038e+00 1.736888e+00 
2.322836e+00 1.285785e+00 
2.818285e+00 1.016531e+00 
3.078066e+00 8.950612e-01 
3.134475e+00 8.083182e-01 
3.007853e+00 7.211013e-01 
2.711092e+00 7.347975e-01 
2.127971e+00 1.108917e+00 
1.068249e+00 1.818191e+00 
1.528679e-01 2.115915e+00 
-1.992306e-01 2.150049e+00 
-4.671043e-02 2.190743e+00 
5.341747e-01 2.153747e+00 
1.381261e+00 1.838893e+00 
2.179400e+00 1.372859e+00 
2.732039e+00 1.058546e+00 
3.040071e+00 9.154645e-01 
3.139343e+00 8.280178e-01 
3.051069e+00 7.376803e-01 
2.793417e+00 7.114757e-01 
2.298338e+00 9.806827e-01 
1.319667e+00 1.678142e+00 
3.074616e-01 2.090152e+00 
-1.688492e-01 2.144814e+00 
-1.201006e-01 2.181366e+00 
3.741676e-01 2.180744e+00 
1.187004e+00 1.933313e+00 
2.021765e+00 1.469668e+00 
2.632799e+00 1.109650e+00 
2.991169e+00 9.383717e-01 
3.134428e+00 8.471455e-01 
3.085782e+00 7.568500e-01 
2.865275e+00 7.024412e-01 
2.441357e+00 8.795798e-01 
1.572130e+00 1.516494e+00 
4.938721e-01 2.045962e+00 
-1.104605e-01 2.140439e+00 
-1.693718e-01 2.171199e+00 
2.327359e-01 2.194403e+00 
9.952097e-01 2.014712e+00 
1.853043e+00 1.572420e+00 
2.521295e+00 1.170390e+00 
2.931559e+00 9.648068e-01 
3.119375e+00 8.656460e-01 
3.111004e+00 7.768865e-01 
2.926751e+00 7.042706e-01 
2.559389e+00 8.061421e-01 
1.807841e+00 1.349993e+00 
7.034529e-01 1.978641e+00 
-2.736928e-02 2.134769e+00 
-1.968314e-01 2.161816e+00 
1.104057e-01 2.198081e+00 
8.100678e-01 2.080748e+00 
1.676076e+00 1.677100e+00 
2.398596e+00 1.240820e+00 
2.862381e+00 9.959559e-01 
3.095513e+00 8.841220e-01 
3.128018e+00 7.969141e-01 
2.980121e+00 7.134364e-01 
2.659396e+00 7.554655e-01 
2.018670e+00 1.192215e+00 
9.304833e-01 1.885022e+00 
7.926280e-02 2.124948e+00 
-2.046341e-01 2.153842e+00 
5.289674e-03 2.194825e+00 
6.321069e-01 2.131515e+00 
1.490867e+00 1.781019e+00 
2.263356e+00 1.321658e+00 
2.782969e+00 1.033455e+00 
3.063086e+00 9.035354e-01 
3.137633e+00 8.167808e-01 
3.027205e+00 7.277497e-01 
2.747486e+00 7.229260e-01 
2.204028e+00 1.051147e+00 
1.174386e+00 1.761816e+00 
2.147326e-01 2.106746e+00 
-1.896927e-01 2.147615e+00 
-8.095844e-02 2.186982e+00 
4.638186e-01 2.167080e+00 
1.298418e+00 1.880519e+00 
2.113663e+00 1.413205e+00 
2.691237e+00 1.079209e+00 
3.020553e+00 9.248873e-01 
3.138521e+00 8.362780e-01 
3.067061e+00 7.456644e-01 
2.825449e+00 7.060374e-01 
2.362796e+00 9.339574e-01 
1.428545e+00 1.610814e+00 
3.836376e-01 2.073867e+00 
-1.472049e-01 2.142944e+00 
-1.440591e-01 2.176999e+00 
3.113071e-01 2.188031e+00 
1.104395e+00 1.969908e+00 
1.950806e+00 1.513107e+00 
2.586561e+00 1.134425e+00 
2.966930e+00 9.491719e-01 
3.129170e+00 8.551052e-01 
3.097676e+00 7.653804e-01 
2.892713e+00 7.021225e-01 
2.494492e+00 8.450440e-01 
1.675645e+00 1.444984e+00 
5.810934e-01 2.020212e+00 
-7.776441e-02 2.138326e+00 
-1.835562e-01 2.167044e+00 
1.782661e-01 2.196995e+00 
9.152292e-01 2.044822e+00 
1.778392e+00 1.617084e+00 
2.470259e+00 1.199272e+00 
2.903153e+00 9.774564e-01 
3.110192e+00 8.734903e-01 
3.119184e+00 7.854605e-01 
2.950388e+00 7.074480e-01 
2.603885e+00 7.820322e-01 
1.901054e+00 1.280983e+00 
7.983774e-01 1.942064e+00 
1.512043e-02 2.131280e+00 
-2.026225e-01 2.158215e+00 
6.341144e-02 2.197396e+00 
7.331197e-01 2.104290e+00 
1.597988e+00 1.721748e+00 
2.342498e+00 1.274028e+00 
2.829824e+00 1.011087e+00 
3.082773e+00 8.922426e-01 
3.133066e+00 8.054265e-01 
3.000996e+00 7.190104e-01 
2.698284e+00 7.395194e-01 
2.100994e+00 1.129487e+00 
1.032729e+00 1.836120e+00 
1.331937e-01 2.118524e+00 
-2.013691e-01 2.150955e+00 
-3.413017e-02 2.191899e+00 
5.587017e-01 2.148574e+00 
1.409298e+00 1.824379e+00 
2.201188e+00 1.359524e+00 
2.745382e+00 1.051896e+00 
3.046252e+00 9.123638e-01 
3.139202e+00 8.251786e-01 
3.045255e+00 7.350625e-01 
2.782067e+00 7.139177e-01 
2.275231e+00 9.977635e-01 
1.282572e+00 1.700196e+00 
2.828526e-01 2.094897e+00 
-1.750368e-01 2.145484e+00 
-1.109174e-01 2.182832e+00 
3.963813e-01 2.177713e+00 
1.215275e+00 1.920279e+00 
2.045486e+00 1.455105e+00 
2.648039e+00 1.101616e+00 
2.998978e+00 9.348446e-01 
3.135794e+00 8.444077e-01 
3.081329e+00 7.539723e-01 
2.855496e+00 7.029868e-01 
2.422227e+00 8.924983e-01 
1.536085e+00 1.540729e+00 
4.650825e-01 2.053749e+00 
-1.205919e-01 2.141096e+00 
-1.636500e-01 2.172653e+00 
2.520801e-01 2.193120e+00 
1.022743e+00 2.003809e+00 
1.878137e+00 1.557272e+00 
2.538219e+00 1.160956e+00 
2.940844e+00 9.606993e-01 
3.122146e+00 8.629762e-01 
3.107886e+00 7.739627e-01 
2.918377e+00 7.034776e-01 
2.543521e+00 8.152740e-01 
1.775031e+00 1.373913e+00 
6.718273e-01 1.989992e+00 
-4.087278e-02 2.135776e+00 
-1.940597e-01 2.163103e+00 
1.271076e-01 2.198038e+00 
8.365624e-01 2.072099e+00 
1.702318e+00 1.661859e+00 
2.417169e+00 1.229950e+00 
2.873039e+00 9.910741e-01 
3.099498e+00 8.813997e-01 
3.125998e+00 7.940091e-01 
2.972763e+00 7.117449e-01 
2.645689e+00 7.616304e-01 
1.989582e+00 1.214297e+00 
8.963878e-01 1.900416e+00 
6.213041e-02 2.126774e+00 
-2.047826e-01 2.154900e+00 
1.950581e-02 2.195638e+00 
6.575118e-01 2.125071e+00 
1.518337e+00 1.766058e+00 
2.283909e+00 1.309216e+00 
2.795243e+00 1.027529e+00 
3.068387e+00 9.006138e-01 
3.136727e+00 8.139047e-01 
3.020752e+00 7.254048e-01 
2.735295e+00 7.266399e-01 
2.178664e+00 1.070356e+00 
1.137962e+00 1.781628e+00 
1.929681e-01 2.110141e+00 
-1.935016e-01 2.148407e+00 
-6.976192e-02 2.188316e+00 
4.874763e-01 2.162848e+00 
1.326693e+00 1.866529e+00 
2.136336e+00 1.399275e+00 
2.705404e+00 1.071979e+00 
3.027431e+00 9.216224e-01 
3.139012e+00 8.334790e-01 
3.061802e+00 7.429016e-01 
2.814762e+00 7.076077e-01 
2.341416e+00 9.492832e-01 
1.391537e+00 1.634123e+00 
3.570661e-01 2.079824e+00 
-1.551496e-01 2.143570e+00 
-1.364012e-01 2.178490e+00 
3.323085e-01 2.185811e+00 
1.132438e+00 1.957738e+00 
1.975176e+00 1.498216e+00 
2.602549e+00 1.125790e+00 
2.975398e+00 9.454168e-01 
3.131166e+00 8.524069e-01 
-1.389753e+00 2.076681e+00 
1.193301e+00 2.170245e+00 
3.137651e+00 1.400075e+00 
-1.395223e+00 2.074048e+00 
1.187076e+00 2.172882e+00 
3.133801e+00 1.400161e+00 
-1.400685e+00 2.071413e+00 
1.180845e+00 2.175512e+00 
3.129950e+00 1.400257e+00 
-1.406139e+00 2.068777e+00 
1.174608e+00 2.178134e+00 
3.126097e+00 1.400363e+00 
-1.411586e+00 2.066137e+00 
1.168364e+00 2.180749e+00 
3.122244e+00 1.400480e+00 
-1.417025e+00 2.063496e+00 
1.162112e+00 2.183358e+00 
3.118387e+00 1.400608e+00 
-1.422458e+00 2.060852e+00 
1.155852e+00 2.185960e+00 
3.114529e+00 1.400747e+00 
-1.427885e+00 2.058205e+00 
1.149583e+00 2.188556e+00 
3.110667e+00 1.400896e+00 
-1.433307e+00 2.055556e+00 
1.143305e+00 2.191145e+00 
3.106802e+00 1.401056e+00 
-1.438724e+00 2.052903e+00 
1.137017e+00 2.193728e+00 
3.102933e+00 1.401226e+00 
-1.444136e+00 2.050247e+00 
1.130718e+00 2.196304e+00 
3.099059e+00 1.401407e+00 
-1.449545e+00 2.047587e+00 
1.124408e+00 2.198875e+00 
3.095181e+00 1.401599e+00 
-1.454951e+00 2.044924e+00 
1.118086e+00 2.201440e+00 
3.091298e+00 1.401802e+00 
-1.460354e+00 2.042257e+00 
1.111751e+00 2.204000e+00 
3.087410e+00 1.402016e+00 
-1.465754e+00 2.039586e+00 
1.105404e+00 2.206553e+00 
3.083515e+00 1.402241e+00 
-1.471154e+00 2.036911e+00 
1.099042e+00 2.209102e+00 
3.079614e+00 1.402477e+00 
-1.476551e+00 2.034231e+00 
1.092666e+00 2.211644e+00 
3.075706e+00 1.402724e+00 
-1.481949e+00 2.031547e+00 
1.086276e+00 2.214182e+00 
3.071791e+00 1.402982e+00 
-1.487346e+00 2.028857e+00 
1.079870e+00 2.216715e+00 
3.067869e+00 1.403252e+00 
-1.492743e+00 2.026163e+00 
1.073447e+00 2.219242e+00 
3.063938e+00 1.403533e+00 
-1.498142e+00 2.023464e+00 
1.067008e+00 2.221764e+00 
3.059998e+00 1.403825e+00 
-1.503541e+00 2.020759e+00 
1.060551e+00 2.224282e+00 
3.056050e+00 1.404129e+00 
-1.508943e+00 2.018049e+00 
1.054076e+00 2.226795e+00 
3.052093e+00 1.404444e+00 
-1.514347e+00 2.015333e+00 
1.047582e+00 2.229303e+00 
3.048125e+00 1.404771e+00 
-1.519753e+00 2.012611e+00 
1.041069e+00 2.231806e+00 
3.044148e+00 1.405110e+00 
-1.525163e+00 2.009882e+00 
1.034536e+00 2.234305e+00 
3.040160e+00 1.405461e+00 
-1.530577e+00 2.007148e+00 
1.027983e+00 2.236800e+00 
3.036161e+00 1.405824e+00 
-1.535995e+00 2.004407e+00 
1.021408e+00 2.239289e+00 
3.032150e+00 1.406199e+00 
-1.541418e+00 2.001660e+00 
1.014812e+00 2.241775e+00 
3.028128e+00 1.406587e+00 
-1.546845e+00 1.998905e+00 
1.008193e+00 2.244256e+00 
3.024093e+00 1.406986e+00 
-1.552278e+00 1.996144e+00 
1.001551e+00 2.246733e+00 
3.020045e+00 1.407399e+00 
-1.557718e+00 1.993375e+00 
9.948847e-01 2.249205e+00 
3.015985e+00 1.407823e+00 
-1.563164e+00 1.990599e+00 
9.881946e-01 2.251673e+00 
3.011910e+00 1.408261e+00 
-1.568616e+00 1.987816e+00 
9.814796e-01 2.254137e+00 
3.007822e+00 1.408712e+00 
-1.574076e+00 1.985025e+00 
9.747391e-01 2.256597e+00 
3.003719e+00 1.409175e+00 
-1.579544e+00 1.982226e+00 
9.679724e-01 2.259052e+00 
2.999602e+00 1.409652e+00 
-1.585020e+00 1.979419e+00 
9.611790e-01 2.261503e+00 
2.995469e+00 1.410143e+00 
-1.590504e+00 1.976604e+00 
9.543582e-01 2.263950e+00 
2.991320e+00 1.410646e+00 
-1.595998e+00 1.973780e+00 
9.475094e-01 2.266393e+00 
2.987156e+00 1.411164e+00 
-1.601501e+00 1.970949e+00 
9.406321e-01 2.268831e+00 
2.982975e+00 1.411695e+00 
-1.607014e+00 1.968108e+00 
9.337256e-01 2.271264e+00 
2.978777e+00 1.412241e+00 
-1.612536e+00 1.965259e+00 
9.267893e-01 2.273694e+00 
2.974561e+00 1.412801e+00 
-1.618070e+00 1.962401e+00 
9.198227e-01 2.276118e+00 
2.970328e+00 1.413375e+00 
-1.623614e+00 1.959533e+00 
9.128252e-01 2.278539e+00 
2.966077e+00 1.413963e+00 
-1.629170e+00 1.956657e+00 
9.057962e-01 2.280954e+00 
2.961807e+00 1.414566e+00 
-1.634737e+00 1.953771e+00 
8.987350e-01 2.283365e+00 
2.957518e+00 1.415185e+00 
-1.640317e+00 1.950876e+00 
8.916412e-01 2.285771e+00 
2.953210e+00 1.415818e+00 
-1.645909e+00 1.947971e+00 
8.845142e-01 2.288172e+00 
2.948882e+00 1.416467e+00 
-1.651513e+00 1.945057e+00 
8.773534e-01 2.290568e+00 
2.944533e+00 1.417131e+00 
-1.657131e+00 1.942133e+00 
8.701582e-01 2.292959e+00 
2.940164e+00 1.417811e+00 
-1.662762e+00 1.939199e+00 
8.629281e-01 2.295345e+00 
2.935774e+00 1.418507e+00 
-1.668406e+00 1.936255e+00 
8.556626e-01 2.297725e+00 
2.931363e+00 1.419219e+00 
-1.674065e+00 1.933301e+00 
8.483611e-01 2.300100e+00 
2.926930e+00 1.419948e+00 
-1.679738e+00 1.930336e+00 
8.410230e-01 2.302469e+00 
2.922474e+00 1.420693e+00 
-1.685426e+00 1.927362e+00 
8.336479e-01 2.304832e+00 
2.917996e+00 1.421455e+00 
-1.691128e+00 1.924377e+00 
8.262352e-01 2.307189e+00 
2.913495e+00 1.422234e+00 
-1.696846e+00 1.921381e+00 
8.187845e-01 2.309540e+00 
2.908970e+00 1.423031e+00 
-1.702579e+00 1.918375e+00 
8.112952e-01 2.311884e+00 
2.904422e+00 1.423844e+00 
-1.708328e+00 1.915359e+00 
8.037668e-01 2.314222e+00 
2.899849e+00 1.424676e+00 
-1.714093e+00 1.912332e+00 
7.961988e-01 2.316553e+00 
2.895252e+00 1.425526e+00 
-1.719874e+00 1.909294e+00 
7.885908e-01 2.318876e+00 
2.890630e+00 1.426394e+00 
-1.725672e+00 1.906245e+00 
7.809423e-01 2.321193e+00 
2.885983e+00 1.427280e+00 
-1.731486e+00 1.903186e+00 
7.732528e-01 2.323501e+00 
2.881309e+00 1.428185e+00 
-1.737317e+00 1.900116e+00 
7.655219e-01 2.325802e+00 
2.876610e+00 1.429109e+00 
-1.743166e+00 1.897035e+00 
7.577491e-01 2.328095e+00 
2.871885e+00 1.430053e+00 
-1.749031e+00 1.893943e+00 
7.499341e-01 2.330379e+00 
2.867132e+00 1.431016e+00 
-1.754914e+00 1.890840e+00 
7.420764e-01 2.332654e+00 
2.862352e+00 1.431998e+00 
-1.760815e+00 1.887726e+00 
7.341756e-01 2.334921e+00 
2.857545e+00 1.433001e+00 
-1.766734e+00 1.884602e+00 
7.262313e-01 2.337178e+00 
2.852710e+00 1.434024e+00 
-1.772671e+00 1.881466e+00 
7.182431e-01 2.339425e+00 
2.847847e+00 1.435068e+00 
-1.778626e+00 1.878320e+00 
7.102107e-01 2.341662e+00 
2.842955e+00 1.436132e+00 
-1.784599e+00 1.875163e+00 
7.021337e-01 2.343889e+00 
2.838034e+00 1.437218e+00 
-1.790591e+00 1.871995e+00 
6.940118e-01 2.346105e+00 
2.833084e+00 1.438325e+00 
-1.796602e+00 1.868816e+00 
6.858447e-01 2.348310e+00 
2.828105e+00 1.439454e+00 
-1.802631e+00 1.865627e+00 
6.776319e-01 2.350503e+00 
2.823095e+00 1.440604e+00 
-1.808679e+00 1.862427e+00 
6.693733e-01 2.352684e+00 
2.818056e+00 1.441777e+00 
-1.814745e+00 1.859217e+00 
6.610686e-01 2.354853e+00 
2.812986e+00 1.442973e+00 
-1.820831e+00 1.855996e+00 
6.527175e-01 2.357009e+00 
2.807885e+00 1.444191e+00 
-1.826936e+00 1.852764e+00 
6.443197e-01 2.359152e+00 
2.802752e+00 1.445432e+00 
-1.833060e+00 1.849522e+00 
6.358750e-01 2.361281e+00 
2.797589e+00 1.446697e+00 
-1.839203e+00 1.846270e+00 
6.273833e-01 2.363396e+00 
2.792394e+00 1.447985e+00 
-1.845365e+00 1.843008e+00 
6.188442e-01 2.365496e+00 
2.787166e+00 1.449297e+00 
-1.851546e+00 1.839736e+00 
6.102577e-01 2.367581e+00 
2.781907e+00 1.450634e+00 
-1.857747e+00 1.836454e+00 
6.016235e-01 2.369650e+00 
2.776615e+00 1.451995e+00 
-1.863966e+00 1.833163e+00 
5.929416e-01 2.371704e+00 
2.771290e+00 1.453380e+00 
-1.870205e+00 1.829862e+00 
5.842118e-01 2.373741e+00 
2.765932e+00 1.454791e+00 
-1.876463e+00 1.826551e+00 
5.754339e-01 2.375760e+00 
2.760540e+00 1.456227e+00 
-1.882740e+00 1.823231e+00 
5.666080e-01 2.377762e+00 
2.755115e+00 1.457689e+00 
-1.889036e+00 1.819902e+00 
5.577340e-01 2.379746e+00 
2.749657e+00 1.459176e+00 
-1.895351e+00 1.816565e+00 
5.488117e-01 2.381711e+00 
2.744164e+00 1.460690e+00 
-1.901685e+00 1.813218e+00 
5.398413e-01 2.383656e+00 
2.738637e+00 1.462230e+00 
-1.908038e+00 1.809863e+00 
5.308226e-01 2.385582e+00 
2.733076e+00 1.463797e+00 
-1.914409e+00 1.806500e+00 
5.217558e-01 2.387487e+00 
2.727480e+00 1.465391e+00 
-1.920799e+00 1.803129e+00 
5.126409e-01 2.389371e+00 
2.721849e+00 1.467012e+00 
-1.927207e+00 1.799750e+00 
5.034779e-01 2.391233e+00 
2.716184e+00 1.468661e+00 
-1.933634e+00 1.796364e+00 
4.942669e-01 2.393073e+00 
2.710483e+00 1.470337e+00 
-1.940079e+00 1.792970e+00 
4.850081e-01 2.394890e+00 
2.704747e+00 1.472042e+00 
-1.946542e+00 1.789570e+00 
4.757016e-01 2.396683e+00 
2.698975e+00 1.473774e+00 
-1.953022e+00 1.786162e+00 
4.663476e-01 2.398453e+00 
2.693168e+00 1.475535e+00 
-1.959521e+00 1.782749e+00 
4.569462e-01 2.400197e+00 
2.687325e+00 1.477325e+00 
-1.966036e+00 1.779329e+00 
4.474977e-01 2.401916e+00 
2.681446e+00 1.479144e+00 
-1.972569e+00 1.775903e+00 
4.380023e-01 2.403609e+00 
2.675532e+00 1.480993e+00 
-1.979119e+00 1.772472e+00 
4.284603e-01 2.405275e+00 
2.669581e+00 1.482870e+00 
-1.985686e+00 1.769036e+00 
4.188720e-01 2.406914e+00 
2.663594e+00 1.484777e+00 
-1.992268e+00 1.765595e+00 
4.092377e-01 2.408525e+00 
2.657571e+00 1.486715e+00 
-1.998868e+00 1.762149e+00 
3.995577e-01 2.410107e+00 
2.651512e+00 1.488682e+00 
-2.005483e+00 1.758700e+00 
3.898324e-01 2.411660e+00 
2.645417e+00 1.490679e+00 
-2.012113e+00 1.755246e+00 
3.800623e-01 2.413183e+00 
2.639285e+00 1.492708e+00 
-2.018759e+00 1.751790e+00 
3.702477e-01 2.414675e+00 
2.633117e+00 1.494766e+00 
-2.025420e+00 1.748330e+00 
3.603891e-01 2.416136e+00 
2.626912e+00 1.496856e+00 
-2.032096e+00 1.744868e+00 
3.504870e-01 2.417565e+00 
2.620672e+00 1.498976e+00 
-2.038786e+00 1.741403e+00 
3.405419e-01 2.418961e+00 
2.614395e+00 1.501128e+00 
-2.045490e+00 1.737937e+00 
3.305543e-01 2.420324e+00 
2.608081e+00 1.503311e+00 
-2.052207e+00 1.734470e+00 
3.205248e-01 2.421653e+00 
2.601732e+00 1.505525e+00 
-2.058938e+00 1.731001e+00 
3.104540e-01 2.422947e+00 
2.595346e+00 1.507771e+00 
-2.065681e+00 1.727532e+00 
3.003424e-01 2.424206e+00 
2.588924e+00 1.510049e+00 
-2.072437e+00 1.724063e+00 
2.901908e-01 2.425429e+00 
2.582467e+00 1.512359e+00 
-2.079205e+00 1.720595e+00 
2.799998e-01 2.426616e+00 
2.575973e+00 1.514700e+00 
-2.085984e+00 1.717127e+00 
2.697702e-01 2.427766e+00 
2.569444e+00 1.517073e+00 
-2.092775e+00 1.713661e+00 
2.595025e-01 2.428877e+00 
2.562879e+00 1.519479e+00 
-2.099576e+00 1.710197e+00 
2.491977e-01 2.429951e+00 
2.556278e+00 1.521916e+00 
-2.106388e+00 1.706735e+00 
2.388564e-01 2.430985e+00 
2.549642e+00 1.524386e+00 
-2.113209e+00 1.703275e+00 
2.284795e-01 2.431980e+00 
2.542971e+00 1.526888e+00 
-2.120040e+00 1.699819e+00 
2.180678e-01 2.432934e+00 
2.536266e+00 1.529422e+00 
-2.126879e+00 1.696367e+00 
2.076222e-01 2.433848e+00 
2.529525e+00 1.531988e+00 
-2.133727e+00 1.692919e+00 
1.971435e-01 2.434721e+00 
2.522750e+00 1.534587e+00 
-2.140583e+00 1.689476e+00 
1.866327e-01 2.435551e+00 
2.515941e+00 1.537218e+00 
-2.147446e+00 1.686039e+00 
1.760906e-01 2.436340e+00 
2.509097e+00 1.539881e+00 
-2.154316e+00 1.682607e+00 
1.655183e-01 2.437085e+00 
2.502220e+00 1.542576e+00 
-2.161192e+00 1.679181e+00 
1.549167e-01 2.437787e+00 
2.495310e+00 1.545303e+00 
-2.168073e+00 1.675762e+00 
1.442869e-01 2.438445e+00 
2.488366e+00 1.548062e+00 
-2.174960e+00 1.672351e+00 
1.336298e-01 2.439058e+00 
2.481390e+00 1.550853e+00 
-2.181852e+00 1.668947e+00 
1.229465e-01 2.439627e+00 
2.474381e+00 1.553676e+00 
-2.188748e+00 1.665552e+00 
1.122380e-01 2.440151e+00 
2.467340e+00 1.556531e+00 
-2.195647e+00 1.662166e+00 
1.015055e-01 2.440628e+00 
2.460267e+00 1.559417e+00 
-2.202549e+00 1.658789e+00 
9.075010e-02 2.441060e+00 
2.453163e+00 1.562334e+00 
-2.209454e+00 1.655423e+00 
7.997286e-02 2.441445e+00 
2.446028e+00 1.565283e+00 
-2.216360e+00 1.652067e+00 
6.917497e-02 2.441784e+00 
2.438863e+00 1.568263e+00 
-2.223268e+00 1.648722e+00 
5.835758e-02 2.442075e+00 
2.431667e+00 1.571273e+00 
-2.230176e+00 1.645388e+00 
4.752188e-02 2.442319e+00 
2.424441e+00 1.574314e+00 
-2.237084e+00 1.642067e+00 
3.666906e-02 2.442515e+00 
2.417187e+00 1.577386e+00 
-2.243992e+00 1.638758e+00 
2.580034e-02 2.442663e+00 
2.409903e+00 1.580488e+00 
-2.250899e+00 1.635463e+00 
1.491694e-02 2.442763e+00 
2.402591e+00 1.583619e+00 
-2.257804e+00 1.632181e+00 
4.020114e-03 2.442814e+00 
2.395252e+00 1.586781e+00 
-2.264707e+00 1.628914e+00 
-6.888898e-03 2.442816e+00 
2.387885e+00 1.589971e+00 
-2.271606e+00 1.625661e+00 
-1.780883e-02 2.442770e+00 
2.380491e+00 1.593191e+00 
-2.278503e+00 1.622423e+00 
-2.873839e-02 2.442675e+00 
2.373072e+00 1.596439e+00 
-2.285395e+00 1.619201e+00 
-3.967632e-02 2.442530e+00 
2.365626e+00 1.599716e+00 
-2.292282e+00 1.615995e+00 
-5.062130e-02 2.442337e+00 
2.358156e+00 1.603020e+00 
-2.299164e+00 1.612807e+00 
-6.157204e-02 2.442094e+00 
2.350661e+00 1.606352e+00 
-2.306040e+00 1.609635e+00 
-7.252724e-02 2.441802e+00 
2.343142e+00 1.609712e+00 
-2.312910e+00 1.606481e+00 
-8.348557e-02 2.441460e+00 
2.335600e+00 1.613098e+00 
-2.319772e+00 1.603345e+00 
-9.444572e-02 2.441069e+00 
2.328035e+00 1.616510e+00 
-2.326627e+00 1.600227e+00 
-1.054064e-01 2.440629e+00 
2.320448e+00 1.619949e+00 
-2.333474e+00 1.597129e+00 
-1.163662e-01 2.440140e+00 
2.312840e+00 1.623413e+00 
-2.340311e+00 1.594051e+00 
-1.273239e-01 2.439601e+00 
2.305211e+00 1.626902e+00 
-2.347139e+00 1.590992e+00 
-1.382781e-01 2.439014e+00 
2.297562e+00 1.630416e+00 
-2.353957e+00 1.587954e+00 
-1.492274e-01 2.438378e+00 
2.289893e+00 1.633954e+00 
-2.360764e+00 1.584936e+00 
-1.601707e-01 2.437693e+00 
2.282206e+00 1.637515e+00 
-2.367560e+00 1.581940e+00 
-1.711065e-01 2.436959e+00 
2.274501e+00 1.641100e+00 
-2.374344e+00 1.578965e+00 
-1.820336e-01 2.436178e+00 
2.266778e+00 1.644707e+00 
-2.381116e+00 1.576013e+00 
-1.929506e-01 2.435348e+00 
2.259039e+00 1.648336e+00 
-2.387874e+00 1.573083e+00 
-2.038562e-01 2.434471e+00 
2.251283e+00 1.651987e+00 
-2.394619e+00 1.570175e+00 
-2.147492e-01 2.433546e+00 
2.243513e+00 1.655659e+00 
-2.401350e+00 1.567291e+00 
-2.256282e-01 2.432574e+00 
2.235727e+00 1.659351e+00 
-2.408067e+00 1.564431e+00 
-2.364919e-01 2.431556e+00 
2.227928e+00 1.663063e+00 
-2.414768e+00 1.561594e+00 
-2.473392e-01 2.430491e+00 
2.220116e+00 1.666794e+00 
-2.421454e+00 1.558781e+00 
-2.581687e-01 2.429380e+00 
2.212292e+00 1.670543e+00 
-2.428123e+00 1.555993e+00 
-2.689792e-01 2.428224e+00 
2.204456e+00 1.674311e+00 
-2.434776e+00 1.553230e+00 
-2.797695e-01 2.427022e+00 
2.196609e+00 1.678096e+00 
-2.441411e+00 1.550492e+00 
-2.905382e-01 2.425776e+00 
2.188753e+00 1.681898e+00 
-2.448029e+00 1.547779e+00 
-3.012844e-01 2.424486e+00 
2.180886e+00 1.685716e+00 
-2.454629e+00 1.545092e+00 
-3.120067e-01 2.423152e+00 
2.173012e+00 1.689549e+00 
-2.461209e+00 1.542431e+00 
-3.227040e-01 2.421775e+00 
2.165129e+00 1.693398e+00 
-2.467771e+00 1.539796e+00 
-3.333751e-01 2.420356e+00 
2.157239e+00 1.697260e+00 
-2.474313e+00 1.537187e+00 
-3.440189e-01 2.418895e+00 
2.149343e+00 1.701136e+00 
-2.480835e+00 1.534605e+00 
-3.546343e-01 2.417392e+00 
2.141442e+00 1.705026e+00 
-2.487337e+00 1.532050e+00 
-3.652202e-01 2.415848e+00 
2.133535e+00 1.708927e+00 
-2.493817e+00 1.529521e+00 
-3.757755e-01 2.414264e+00 
2.125625e+00 1.712840e+00 
-2.500276e+00 1.527020e+00 
-3.862991e-01 2.412641e+00 
2.117711e+00 1.716765e+00 
-2.506714e+00 1.524547e+00 
-3.967902e-01 2.410979e+00 
2.109794e+00 1.720699e+00 
-2.513129e+00 1.522100e+00 
-4.072475e-01 2.409278e+00 
2.101876e+00 1.724643e+00 
-2.519522e+00 1.519682e+00 
-4.176701e-01 2.407540e+00 
2.093957e+00 1.728596e+00 
-2.525892e+00 1.517291e+00 
-4.280572e-01 2.405765e+00 
2.086037e+00 1.732558e+00 
-2.532238e+00 1.514928e+00 
-4.384077e-01 2.403954e+00 
2.078118e+00 1.736527e+00 
-2.538561e+00 1.512593e+00 
-4.487207e-01 2.402107e+00 
2.070200e+00 1.740503e+00 
-2.544860e+00 1.510286e+00 
-4.589953e-01 2.400226e+00 
2.062283e+00 1.744486e+00 
-2.551135e+00 1.508007e+00 
-4.692308e-01 2.398310e+00 
2.054369e+00 1.748474e+00 
-2.557385e+00 1.505757e+00 
-4.794261e-01 2.396361e+00 
2.046459e+00 1.752468e+00 
-2.563610e+00 1.503534e+00 
-4.895807e-01 2.394380e+00 
2.038552e+00 1.756466e+00 
-2.569810e+00 1.501340e+00 
-4.996935e-01 2.392366e+00 
2.030650e+00 1.760468e+00 
-2.575985e+00 1.499175e+00 
-5.097640e-01 2.390322e+00 
2.022753e+00 1.764472e+00 
-2.582133e+00 1.497037e+00 
-5.197913e-01 2.388247e+00 
2.014862e+00 1.768480e+00 
-2.588256e+00 1.494928e+00 
-5.297747e-01 2.386142e+00 
2.006978e+00 1.772489e+00 
-2.594352e+00 1.492848e+00 
-5.397137e-01 2.384009e+00 
1.999101e+00 1.776500e+00 
-2.600422e+00 1.490795e+00 
-5.496074e-01 2.381847e+00 
1.991231e+00 1.780511e+00 
-2.606466e+00 1.488771e+00 
-5.594554e-01 2.379658e+00 
1.983371e+00 1.784522e+00 
-2.612482e+00 1.486775e+00 
-5.692570e-01 2.377443e+00 
1.975519e+00 1.788533e+00 
-2.618472e+00 1.484808e+00 
-5.790117e-01 2.375201e+00 
1.967678e+00 1.792543e+00 
-2.624434e+00 1.482869e+00 
-5.887188e-01 2.372935e+00 
1.959847e+00 1.796551e+00 
-2.630368e+00 1.480957e+00 
-5.983780e-01 2.370644e+00 
1.952026e+00 1.800557e+00 
-2.636275e+00 1.479074e+00 
-6.079887e-01 2.368330e+00 
1.944218e+00 1.804560e+00 
-2.642154e+00 1.477219e+00 
-6.175505e-01 2.365993e+00 
1.936421e+00 1.808559e+00 
-2.648006e+00 1.475391e+00 
-6.270629e-01 2.363633e+00 
1.928637e+00 1.812555e+00 
-2.653829e+00 1.473591e+00 
-6.365255e-01 2.361253e+00 
1.920866e+00 1.816546e+00 
-2.659625e+00 1.471819e+00 
-6.459380e-01 2.358851e+00 
1.913109e+00 1.820532e+00 
-2.665392e+00 1.470074e+00 
-6.553000e-01 2.356430e+00 
1.905366e+00 1.824513e+00 
-2.671130e+00 1.468357e+00 
-6.646112e-01 2.353990e+00 
1.897637e+00 1.828488e+00 
-2.676841e+00 1.466667e+00 
-6.738713e-01 2.351531e+00 
1.889924e+00 1.832456e+00 
-2.682523e+00 1.465004e+00 
-6.830800e-01 2.349054e+00 
1.882227e+00 1.836417e+00 
-2.688177e+00 1.463367e+00 
-6.922372e-01 2.346560e+00 
1.874545e+00 1.840371e+00 
-2.693802e+00 1.461758e+00 
-7.013424e-01 2.344050e+00 
1.866880e+00 1.844316e+00 
-2.699398e+00 1.460175e+00 
-7.103957e-01 2.341524e+00 
1.859232e+00 1.848254e+00 
-2.704966e+00 1.458619e+00 
-7.193968e-01 2.338983e+00 
1.851601e+00 1.852183e+00 
-2.710506e+00 1.457089e+00 
-7.283456e-01 2.336428e+00 
1.843988e+00 1.856102e+00 
-2.716016e+00 1.455585e+00 
-7.372419e-01 2.333859e+00 
1.836393e+00 1.860012e+00 
-2.721499e+00 1.454106e+00 
-7.460857e-01 2.331277e+00 
1.828817e+00 1.863912e+00 
-2.726952e+00 1.452654e+00 
-7.548768e-01 2.328683e+00 
1.821259e+00 1.867802e+00 
-2.732378e+00 1.451227e+00 
-7.636153e-01 2.326076e+00 
1.813720e+00 1.871681e+00 
-2.737775e+00 1.449825e+00 
-7.723012e-01 2.323458e+00 
1.806201e+00 1.875548e+00 
-2.743143e+00 1.448448e+00 
-7.809343e-01 2.320830e+00 
1.798701e+00 1.879405e+00 
-2.748483e+00 1.447096e+00 
-7.895148e-01 2.318192e+00 
1.791221e+00 1.883249e+00 
-2.753795e+00 1.445769e+00 
-7.980427e-01 2.315544e+00 
1.783762e+00 1.887081e+00 
-2.759079e+00 1.444466e+00 
-8.065180e-01 2.312887e+00 
1.776323e+00 1.890901e+00 
-2.764335e+00 1.443187e+00 
-8.149409e-01 2.310222e+00 
1.768905e+00 1.894709e+00 
-2.769563e+00 1.441932e+00 
-8.233114e-01 2.307549e+00 
1.761507e+00 1.898503e+00 
-2.774763e+00 1.440701e+00 
-8.316296e-01 2.304868e+00 
1.754131e+00 1.902284e+00 
-2.779935e+00 1.439494e+00 
-8.398957e-01 2.302181e+00 
1.746776e+00 1.906052e+00 
-2.785080e+00 1.438310e+00 
-8.481099e-01 2.299487e+00 
1.739443e+00 1.909806e+00 
-2.790197e+00 1.437149e+00 
-8.562723e-01 2.296788e+00 
1.732131e+00 1.913546e+00 
-2.795287e+00 1.436010e+00 
-8.643832e-01 2.294083e+00 
1.724841e+00 1.917271e+00 
-2.800349e+00 1.434894e+00 
-8.724427e-01 2.291373e+00 
1.717573e+00 1.920983e+00 
-2.805385e+00 1.433801e+00 
-8.804511e-01 2.288658e+00 
1.710326e+00 1.924679e+00 
-2.810394e+00 1.432730e+00 
