-1.969182e+00 1.793681e-01 
1.910175e+00 -4.827900e-01 
-1.713223e+00 6.843017e-01 
1.556391e+00 -9.895501e-01 
-1.203625e+00 1.196614e+00 
9.178337e-01 -1.480389e+00 
-4.642537e-01 1.575332e+00 
4.475441e-02 -1.726602e+00 
3.842181e-01 1.595794e+00 
-8.416953e-01 -1.519925e+00 
1.141393e+00 1.242507e+00 
-1.507418e+00 -1.039568e+00 
1.675136e+00 7.344381e-01 
-1.887901e+00 -5.302584e-01 
1.955497e+00 2.266948e-01 
-2.002393e+00 -4.641825e-02 
1.983759e+00 -2.566379e-01 
-1.863955e+00 4.451203e-01 
1.755561e+00 -7.496170e-01 
-1.472461e+00 9.622441e-01 
1.251020e+00 -1.263369e+00 
-8.327031e-01 1.430533e+00 
4.704627e-01 -1.662663e+00 
-1.215435e-02 1.640160e+00 
-4.452326e-01 -1.669405e+00 
8.113523e-01 1.441230e+00 
-1.232501e+00 -1.277438e+00 
1.457663e+00 9.768752e-01 
-1.745196e+00 -7.640422e-01 
1.856364e+00 4.594758e-01 
-1.980878e+00 -2.702755e-01 
2.001933e+00 -3.279046e-02 
-1.959760e+00 2.127624e-01 
1.894699e+00 -5.162818e-01 
-1.686573e+00 7.196927e-01 
1.522087e+00 -1.024875e+00 
-1.159905e+00 1.229153e+00 
8.643031e-01 -1.508559e+00 
-4.078377e-01 1.590159e+00 
-1.845728e-02 -1.727086e+00 
4.408444e-01 1.581719e+00 
-8.957019e-01 -1.492251e+00 
1.185568e+00 1.210225e+00 
-1.542282e+00 -1.004248e+00 
1.702278e+00 6.990172e-01 
-1.903884e+00 -4.967077e-01 
1.965404e+00 1.932467e-01 
-2.000946e+00 -1.364961e-02 
1.976490e+00 -2.894324e-01 
-1.845367e+00 4.796679e-01 
1.730274e+00 -7.843315e-01 
-1.436554e+00 9.973568e-01 
1.206119e+00 -1.297045e+00 
-7.811313e-01 1.455878e+00 
4.096301e-01 -1.678284e+00 
4.626579e-02 1.639561e+00 
-5.056681e-01 -1.652632e+00 
8.624073e-01 1.415169e+00 
-1.276621e+00 -1.243497e+00 
1.492886e+00 9.416636e-01 
-1.769733e+00 -7.294160e-01 
1.874267e+00 4.250172e-01 
-1.987456e+00 -2.375120e-01 
2.002698e+00 -6.553246e-02 
-1.949173e+00 2.462880e-01 
1.878002e+00 -5.499177e-01 
-1.658740e+00 7.551492e-01 
1.486436e+00 -1.060176e+00 
-1.115096e+00 1.261054e+00 
8.096418e-01 -1.535506e+00 
-3.509347e-01 1.603161e+00 
-8.164020e-02 -1.725244e+00 
4.969472e-01 1.565856e+00 
-9.485521e-01 -1.463420e+00 
1.228644e+00 1.177349e+00 
-1.575801e+00 -9.689270e-01 
1.728238e+00 6.636738e-01 
-1.918649e+00 -4.632962e-01 
1.974145e+00 1.599252e-01 
-1.998332e+00 1.917538e-02 
1.968037e+00 -3.222914e-01 
-1.825604e+00 5.143651e-01 
1.703696e+00 -8.191899e-01 
-1.399479e+00 1.032262e+00 
1.159891e+00 -1.330201e+00 
-7.287074e-01 1.479925e+00 
3.481832e-01 -1.691862e+00 
1.046288e-01 1.636914e+00 
-5.653606e-01 -1.633958e+00 
9.125469e-01 1.387950e+00 
-1.319397e+00 -1.209166e+00 
1.526933e+00 9.063180e-01 
-1.792995e+00 -6.949464e-01 
1.890999e+00 3.907125e-01 
-1.992855e+00 -2.047904e-01 
2.002296e+00 -9.823986e-02 
-1.937419e+00 2.799522e-01 
1.860074e+00 -5.837050e-01 
-1.629724e+00 7.906483e-01 
1.449433e+00 -1.095411e+00 
-1.069218e+00 1.292241e+00 
7.538979e-01 -1.561117e+00 
-2.936088e-01 1.614281e+00 
-1.446961e-01 -1.721087e+00 
5.524661e-01 1.548272e+00 
-1.000206e+00 -1.433544e+00 
1.270604e+00 1.143951e+00 
-1.607982e+00 -9.336406e-01 
1.753017e+00 6.284262e-01 
-1.932201e+00 -4.300145e-01 
1.981722e+00 1.267213e-01 
-1.994553e+00 5.206981e-02 
1.958394e+00 -3.552288e-01 
-1.804667e+00 5.492066e-01 
1.675818e+00 -8.541798e-01 
-1.361242e+00 1.066909e+00 
1.112351e+00 -1.362748e+00 
-6.754756e-01 1.502590e+00 
2.862085e-01 -1.703321e+00 
1.628629e-01 1.632232e+00 
-6.242347e-01 -1.613480e+00 
9.617354e-01 1.359660e+00 
-1.360821e+00 -1.174519e+00 
1.559802e+00 8.708796e-01 
-1.814989e+00 -6.606374e-01 
1.906560e+00 3.565623e-01 
-1.997077e+00 -1.720959e-01 
2.000724e+00 -1.309269e-01 
-1.924498e+00 3.137608e-01 
1.840908e+00 -6.176492e-01 
-1.599525e+00 8.261637e-01 
1.411073e+00 -1.130530e+00 
-1.022294e+00 1.322633e+00 
6.971249e-01 -1.585279e+00 
-2.359266e-01 1.623470e+00 
-2.075275e-01 -1.714641e+00 
6.073437e-01 1.529041e+00 
-1.050630e+00 -1.402732e+00 
1.311435e+00 1.110099e+00 
-1.638834e+00 -8.984185e-01 
1.776616e+00 5.932898e-01 
-1.944548e+00 -3.968520e-01 
1.988134e+00 9.362490e-02 
-1.989608e+00 8.504620e-02 
1.947558e+00 -3.882579e-01 
-1.782552e+00 5.841849e-01 
1.646629e+00 -8.892852e-01 
-1.321852e+00 1.101241e+00 
1.063520e+00 -1.394590e+00 
-6.214834e-01 1.523786e+00 
2.237960e-01 -1.712596e+00 
2.208968e-01 1.625535e+00 
-6.822200e-01 -1.591303e+00 
1.009940e+00 1.330386e+00 
-1.400890e+00 -1.139625e+00 
1.591489e+00 8.353860e-01 
-1.835727e+00 -6.264905e-01 
1.920952e+00 3.225650e-01 
-2.000124e+00 -1.394140e-01 
1.997981e+00 -1.636080e-01 
-1.910410e+00 3.477187e-01 
1.820495e+00 -6.517540e-01 
-1.568144e+00 8.616660e-01 
1.371357e+00 -1.165478e+00 
-9.743497e-01 1.352149e+00 
6.393814e-01 -1.607880e+00 
-1.779561e-01 1.630685e+00 
-2.700386e-01 -1.705942e+00 
6.615252e-01 1.508239e+00 
-1.099793e+00 -1.371089e+00 
1.351123e+00 1.075857e+00 
-1.668364e+00 -8.632862e-01 
1.799037e+00 5.582775e-01 
-1.955695e+00 -3.637970e-01 
1.993381e+00 6.062526e-02 
-1.983499e+00 1.181164e-01 
1.935523e+00 -4.213913e-01 
-1.759259e+00 6.192902e-01 
1.616122e+00 -9.244863e-01 
-1.281317e+00 1.135201e+00 
1.013421e+00 -1.425628e+00 
-5.667815e-01 1.543433e+00 
1.610386e-01 -1.719632e+00 
2.786605e-01 1.616855e+00 
-7.392509e-01 -1.567536e+00 
1.057132e+00 1.300213e+00 
-1.439601e+00 -1.104544e+00 
1.621995e+00 7.998710e-01 
-1.855216e+00 -5.925049e-01 
1.934176e+00 2.887180e-01 
-2.002000e+00 -1.067299e-01 
1.994064e+00 -1.962977e-01 
-1.895152e+00 3.818290e-01 
1.798828e+00 -6.860209e-01 
-1.535582e+00 8.971221e-01 
1.330285e+00 -1.200196e+00 
-9.254138e-01 1.380702e+00 
5.807316e-01 -1.628809e+00 
-1.197672e-01 1.635893e+00 
-3.321358e-01 -1.695044e+00 
7.149591e-01 1.485947e+00 
-1.147670e+00 -1.338716e+00 
1.389660e+00 1.041287e+00 
-1.696582e+00 -8.282645e-01 
1.820280e+00 5.233997e-01 
-1.965647e+00 -3.308371e-01 
1.997463e+00 2.771073e-02 
-1.976225e+00 1.512914e-01 
1.922284e+00 -4.546410e-01 
-1.734787e+00 6.545103e-01 
1.584286e+00 -9.597587e-01 
-1.239649e+00 1.168723e+00 
9.620830e-01 -1.455757e+00 
-5.114237e-01 1.561452e+00 
9.803171e-02 -1.724386e+00 
3.360854e-01 1.606232e+00 
-7.952674e-01 -1.542290e+00 
1.103283e+00 1.269225e+00 
-1.476957e+00 -1.069335e+00 
1.651318e+00 7.643651e-01 
-1.873464e+00 -5.586773e-01 
1.946232e+00 2.550169e-01 
-2.002706e+00 -7.402918e-02 
1.988972e+00 -2.290109e-01 
-1.878725e+00 4.160936e-01 
1.775897e+00 -7.204492e-01 
-1.501841e+00 9.324957e-01 
1.287859e+00 -1.234616e+00 
-8.755179e-01 1.408208e+00 
5.212445e-01 -1.647961e+00 
-6.143082e-02 1.639071e+00 
-3.937282e-01 -1.682009e+00 
7.675972e-01 1.462251e+00 
-1.194241e+00 -1.305709e+00 
1.427038e+00 1.006444e+00 
-1.723496e+00 -7.933707e-01 
1.840347e+00 4.886644e-01 
-1.974409e+00 -2.979590e-01 
2.000379e+00 -5.131055e-03 
-1.967786e+00 1.845815e-01 
1.907835e+00 -4.880178e-01 
-1.709134e+00 6.898305e-01 
1.551115e+00 -9.950736e-01 
-1.196861e+00 1.201741e+00 
9.095397e-01 -1.484870e+00 
-4.554668e-01 1.577769e+00 
3.487236e-02 -1.726831e+00 
3.931045e-01 1.593714e+00 
-8.502146e-01 -1.515679e+00 
1.148372e+00 1.237502e+00 
-1.512959e+00 -1.034046e+00 
1.679458e+00 7.288952e-01 
-1.890481e+00 -5.250027e-01 
1.957123e+00 2.214559e-01 
-2.002244e+00 -4.129752e-02 
1.982700e+00 -2.617621e-01 
-1.861126e+00 4.505123e-01 
1.751692e+00 -7.550353e-01 
-1.466923e+00 9.677463e-01 
1.244087e+00 -1.268666e+00 
-8.246969e-01 1.434578e+00 
4.609945e-01 -1.665237e+00 
-3.018583e-03 1.640202e+00 
-4.547285e-01 -1.666912e+00 
8.193944e-01 1.437235e+00 
-1.239488e+00 -1.272160e+00 
1.463248e+00 9.713800e-01 
-1.749118e+00 -7.586178e-01 
1.859240e+00 4.540776e-01 
-1.981985e+00 -2.651491e-01 
2.002129e+00 -3.791304e-02 
-1.958182e+00 2.179958e-01 
1.892169e+00 -5.215316e-01 
-1.682298e+00 7.252331e-01 
1.516602e+00 -1.030397e+00 
-1.152970e+00 1.234185e+00 
8.558293e-01 -1.512856e+00 
-3.989706e-01 1.592314e+00 
-2.834134e-02 -1.726951e+00 
4.496530e-01 1.579355e+00 
-9.040432e-01 -1.487816e+00 
1.192377e+00 1.205122e+00 
-1.547611e+00 -9.987238e-01 
1.706416e+00 6.934851e-01 
-1.906273e+00 -4.914743e-01 
1.966847e+00 1.880283e-01 
-2.000614e+00 -8.520954e-03 
1.975247e+00 -2.945658e-01 
-1.842354e+00 4.850836e-01 
1.726204e+00 -7.897730e-01 
-1.430833e+00 1.002830e+00 
1.198978e+00 -1.302266e+00 
-7.729891e-01 1.459726e+00 
4.000603e-01 -1.680543e+00 
5.539738e-02 1.639282e+00 
-5.150530e-01 -1.649835e+00 
8.703088e-01 1.410987e+00 
-1.283399e+00 -1.238153e+00 
1.498287e+00 9.361445e-01 
-1.773455e+00 -7.240157e-01 
1.876960e+00 4.196429e-01 
-1.988378e+00 -2.323931e-01 
2.002713e+00 -7.064870e-02 
-1.947412e+00 2.515427e-01 
1.875280e+00 -5.551907e-01 
-1.654281e+00 7.606979e-01 
1.480739e+00 -1.065691e+00 
-1.107992e+00 1.265980e+00 
8.009955e-01 -1.539602e+00 
-3.419971e-01 1.605025e+00 
-9.151086e-02 -1.724746e+00 
5.056684e-01 1.563218e+00 
-9.567089e-01 -1.458814e+00 
1.235279e+00 1.172159e+00 
-1.580921e+00 -9.634063e-01 
1.732191e+00 6.581556e-01 
-1.920848e+00 -4.580837e-01 
1.975407e+00 1.547258e-01 
-1.997818e+00 2.431404e-02 
1.966608e+00 -3.274362e-01 
-1.822408e+00 5.198038e-01 
1.699423e+00 -8.246528e-01 
-1.393576e+00 1.037698e+00 
1.152543e+00 -1.335333e+00 
-7.204359e-01 1.483562e+00 
3.385250e-01 -1.693795e+00 
1.137449e-01 1.636316e+00 
-5.746223e-01 -1.630872e+00 
9.203019e-01 1.383595e+00 
-1.325963e+00 -1.203768e+00 
1.532150e+00 9.007818e-01 
-1.796517e+00 -6.895710e-01 
1.893509e+00 3.853624e-01 
-1.993592e+00 -1.996767e-01 
2.002128e+00 -1.033520e-01 
-1.935476e+00 2.852290e-01 
1.857159e+00 -5.890022e-01 
-1.625080e+00 7.962013e-01 
1.443524e+00 -1.100911e+00 
-1.061949e+00 1.297048e+00 
7.450870e-01 -1.564994e+00 
-2.846111e-01 1.615847e+00 
-1.545380e-01 -1.720229e+00 
5.610908e-01 1.545372e+00 
-1.008173e+00 -1.428785e+00 
1.277064e+00 1.138686e+00 
-1.612894e+00 -9.281281e-01 
1.756785e+00 6.229244e-01 
-1.934211e+00 -4.248214e-01 
1.982801e+00 1.215393e-01 
-1.993856e+00 5.722048e-02 
1.956779e+00 -3.603871e-01 
-1.801286e+00 5.546672e-01 
1.671340e+00 -8.596619e-01 
-1.355159e+00 1.072300e+00 
1.104800e+00 -1.367776e+00 
-6.670820e-01 1.506003e+00 
2.764758e-01 -1.704917e+00 
1.719524e-01 1.631317e+00 
-6.333620e-01 -1.610121e+00 
9.693386e-01 1.355145e+00 
-1.367176e+00 -1.169078e+00 
1.564834e+00 8.653324e-01 
-1.818315e+00 -6.552873e-01 
1.908887e+00 3.512362e-01 
-1.997631e+00 -1.669851e-01 
2.000373e+00 -1.360371e-01 
-1.922372e+00 3.190607e-01 
1.837798e+00 -6.229714e-01 
-1.594696e+00 8.317167e-01 
1.404953e+00 -1.136007e+00 
-1.014864e+00 1.327308e+00 
6.881582e-01 -1.588919e+00 
-2.268792e-01 1.624729e+00 
-2.173256e-01 -1.713428e+00 
6.158630e-01 1.525889e+00 
-1.058401e+00 -1.397836e+00 
1.317716e+00 1.104769e+00 
-1.643538e+00 -8.929185e-01 
1.780200e+00 5.878066e-01 
-1.946370e+00 -3.916765e-01 
1.989031e+00 8.845879e-02 
-1.988730e+00 9.021077e-02 
1.945756e+00 -3.934316e-01 
-1.778988e+00 5.896660e-01 
1.641946e+00 -8.947837e-01 
-1.315589e+00 1.106578e+00 
1.055769e+00 -1.399499e+00 
-6.129754e-01 1.526963e+00 
2.140032e-01 -1.713845e+00 
2.299487e-01 1.624308e+00 
-6.912022e-01 -1.587689e+00 
1.017387e+00 1.325725e+00 
-1.407032e+00 -1.134150e+00 
1.596338e+00 8.298333e-01 
-1.838856e+00 -6.211658e-01 
1.923097e+00 3.172627e-01 
-2.000495e+00 -1.343038e-01 
1.997446e+00 -1.687186e-01 
-1.908101e+00 3.530423e-01 
1.817190e+00 -6.571015e-01 
-1.563131e+00 8.672140e-01 
1.365024e+00 -1.170924e+00 
-9.667624e-01 1.356679e+00 
6.302687e-01 -1.611265e+00 
-1.688700e-01 1.631632e+00 
-2.797781e-01 -1.704382e+00 
6.699310e-01 1.504849e+00 
-1.107365e+00 -1.366072e+00 
1.357225e+00 1.070472e+00 
-1.672863e+00 -8.578022e-01 
1.802436e+00 5.528147e-01 
-1.957330e+00 -3.586372e-01 
1.994096e+00 5.547325e-02 
-1.982438e+00 1.232966e-01 
1.933533e+00 -4.265825e-01 
-1.755511e+00 6.247902e-01 
1.611232e+00 -9.299977e-01 
-1.274876e+00 1.140473e+00 
1.005474e+00 -1.430401e+00 
-5.581673e-01 1.546360e+00 
1.512005e-01 -1.720527e+00 
2.876639e-01 1.615321e+00 
-7.480783e-01 -1.563683e+00 
1.064417e+00 1.295419e+00 
-1.445532e+00 -1.099046e+00 
1.626658e+00 7.943178e-01 
-1.858151e+00 -5.872051e-01 
1.936138e+00 2.834388e-01 
-2.002188e+00 -1.016181e-01 
1.993345e+00 -2.014111e-01 
-1.892661e+00 3.871767e-01 
1.795326e+00 -6.913938e-01 
-1.530384e+00 9.026598e-01 
1.323740e+00 -1.205600e+00 
-9.176742e-01 1.385075e+00 
5.714832e-01 -1.631923e+00 
-1.106533e-01 1.636525e+00 
-3.418023e-01 -1.693145e+00 
7.232436e-01 1.482333e+00 
-1.155039e+00 -1.333594e+00 
1.395582e+00 1.035855e+00 
-1.700876e+00 -8.227995e-01 
1.823495e+00 5.179587e-01 
-1.967096e+00 -3.256910e-01 
1.997996e+00 2.257091e-02 
-1.974982e+00 1.564890e-01 
1.920105e+00 -4.598513e-01 
-1.730854e+00 6.600270e-01 
1.579188e+00 -9.652787e-01 
-1.233032e+00 1.173921e+00 
9.539456e-01 -1.460379e+00 
-5.027120e-01 1.564117e+00 
8.816331e-02 -1.724921e+00 
3.450297e-01 1.604398e+00 
-8.039311e-01 -1.538216e+00 
1.110404e+00 1.264311e+00 
-1.482675e+00 -1.063821e+00 
1.655796e+00 7.588158e-01 
-1.876206e+00 -5.534018e-01 
1.948012e+00 2.497600e-01 
-2.002711e+00 -6.891347e-02 
1.988069e+00 -2.341292e-01 
-1.876050e+00 4.214653e-01 
1.772196e+00 -7.258470e-01 
-1.496458e+00 9.380168e-01 
1.281103e+00 -1.239967e+00 
-8.676313e-01 1.412409e+00 
5.118719e-01 -1.650789e+00 
-5.230030e-02 1.639383e+00 
-4.033078e-01 -1.679783e+00 
7.757531e-01 1.458424e+00 
-1.201403e+00 -1.300497e+00 
1.432777e+00 1.000974e+00 
-1.727588e+00 -7.879269e-01 
1.843379e+00 4.832463e-01 
-1.975672e+00 -2.928245e-01 
2.000730e+00 -1.026065e-02 
-1.966361e+00 1.897979e-01 
1.905466e+00 -4.932490e-01 
-1.705015e+00 6.953613e-01 
1.545807e+00 -1.000597e+00 
-1.190071e+00 1.206854e+00 
9.012172e-01 -1.489323e+00 
-4.466668e-01 1.580162e+00 
2.498897e-02 -1.727003e+00 
4.019795e-01 1.591588e+00 
-8.587065e-01 -1.511402e+00 
1.155325e+00 1.232480e+00 
-1.518466e+00 -1.028524e+00 
1.683751e+00 7.233538e-01 
-1.893031e+00 -5.197505e-01 
1.958720e+00 2.162204e-01 
-2.002066e+00 -3.617569e-02 
1.981613e+00 -2.668877e-01 
-1.858268e+00 4.559081e-01 
1.747791e+00 -7.604573e-01 
-1.461357e+00 9.732443e-01 
1.237122e+00 -1.273951e+00 
-8.166691e-01 1.438593e+00 
4.515095e-01 -1.667763e+00 
6.117272e-03 1.640194e+00 
-4.642078e-01 -1.664370e+00 
8.274149e-01 1.433210e+00 
-1.246442e+00 -1.266870e+00 
1.468805e+00 9.658805e-01 
-1.753007e+00 -7.531971e-01 
1.862088e+00 4.486830e-01 
-1.983062e+00 -2.600239e-01 
2.002298e+00 -4.303448e-02 
-1.956574e+00 2.232325e-01 
1.889609e+00 -5.267849e-01 
-1.677995e+00 7.307751e-01 
1.511083e+00 -1.035919e+00 
-1.146008e+00 1.239201e+00 
8.473281e-01 -1.517123e+00 
-3.900917e-01 1.594424e+00 
-3.822432e-02 -1.726760e+00 
4.584487e-01 1.576947e+00 
-9.123561e-01 -1.483353e+00 
1.199158e+00 1.200004e+00 
-1.552908e+00 -9.932001e-01 
1.710524e+00 6.879550e-01 
-1.908632e+00 -4.862443e-01 
1.968263e+00 1.828128e-01 
-2.000254e+00 -3.390872e-03 
1.973974e+00 -2.997009e-01 
-1.839313e+00 4.905030e-01 
1.722102e+00 -7.952179e-01 
-1.425085e+00 1.008297e+00 
1.191804e+00 -1.307474e+00 
-7.648263e-01 1.463541e+00 
3.904757e-01 -1.682753e+00 
6.452729e-02 1.638953e+00 
-5.244193e-01 -1.646992e+00 
8.781877e-01 1.406777e+00 
-1.290143e+00 -1.232799e+00 
1.503660e+00 9.306223e-01 
-1.777145e+00 -7.186192e-01 
1.879625e+00 4.142724e-01 
-1.989271e+00 -2.272751e-01 
2.002698e+00 -7.576416e-02 
-1.945622e+00 2.568007e-01 
1.872527e+00 -5.604675e-01 
-1.649793e+00 7.662475e-01 
1.475010e+00 -1.071205e+00 
-1.100862e+00 1.270888e+00 
7.923229e-01 -1.543664e+00 
-3.330494e-01 1.606844e+00 
-1.013780e-01 -1.724192e+00 
5.143752e-01 1.560538e+00 
-9.648363e-01 -1.454184e+00 
1.241887e+00 1.166957e+00 
-1.586008e+00 -9.578866e-01 
1.736114e+00 6.526397e-01 
-1.923017e+00 -4.528745e-01 
1.976640e+00 1.495291e-01 
-1.997275e+00 2.945445e-02 
1.965149e+00 -3.325829e-01 
-1.819183e+00 5.252460e-01 
1.695118e+00 -8.301189e-01 
-1.387646e+00 1.043128e+00 
1.145164e+00 -1.340449e+00 
-7.121448e-01 1.487166e+00 
3.288543e-01 -1.695677e+00 
1.228577e-01 1.635668e+00 
-5.838638e-01 -1.627742e+00 
9.280335e-01 1.379214e+00 
-1.332497e+00 -1.198362e+00 
1.537339e+00 8.952434e-01 
-1.800009e+00 -6.841995e-01 
1.895991e+00 3.800161e-01 
-1.994301e+00 -1.945635e-01 
2.001930e+00 -1.084636e-01 
-1.933504e+00 2.905094e-01 
1.854213e+00 -5.943034e-01 
-1.620407e+00 8.017546e-01 
1.437582e+00 -1.106409e+00 
-1.054655e+00 1.301835e+00 
7.362511e-01 -1.568835e+00 
-2.756049e-01 1.617365e+00 
-1.643741e-01 -1.719316e+00 
5.696996e-01 1.542431e+00 
-1.016109e+00 -1.424003e+00 
1.283495e+00 1.133410e+00 
-1.617773e+00 -9.226173e-01 
1.760524e+00 6.174253e-01 
-1.936192e+00 -4.196312e-01 
1.983852e+00 1.163599e-01 
-1.993132e+00 6.237320e-02 
1.955134e+00 -3.655476e-01 
-1.797877e+00 5.601311e-01 
1.666831e+00 -8.651468e-01 
-1.349047e+00 1.077682e+00 
1.097218e+00 -1.372786e+00 
-6.586699e-01 1.509380e+00 
2.667328e-01 -1.706460e+00 
1.810367e-01 1.630352e+00 
-6.424673e-01 -1.606722e+00 
9.769177e-01 1.350607e+00 
-1.373498e+00 -1.163630e+00 
1.569838e+00 8.597839e-01 
-1.821609e+00 -6.499412e-01 
1.911186e+00 3.459139e-01 
-1.998156e+00 -1.618746e-01 
1.999992e+00 -1.411472e-01 
-1.920218e+00 3.243643e-01 
1.834658e+00 -6.282975e-01 
-1.589839e+00 8.372693e-01 
1.398799e+00 -1.141480e+00 
-1.007409e+00 1.331962e+00 
6.791680e-01 -1.592520e+00 
-2.178251e-01 1.625940e+00 
-2.271156e-01 -1.712160e+00 
6.243652e-01 1.522700e+00 
-1.066142e+00 -1.392920e+00 
1.323970e+00 1.099429e+00 
-1.648210e+00 -8.874208e-01 
1.783755e+00 5.823265e-01 
-1.948163e+00 -3.865036e-01 
1.989900e+00 8.329500e-02 
-1.987823e+00 9.537768e-02 
1.943924e+00 -3.986080e-01 
-1.775395e+00 5.951503e-01 
1.637231e+00 -9.002845e-01 
-1.309298e+00 1.111905e+00 
1.047987e+00 -1.404387e+00 
-6.044502e-01 1.530101e+00 
2.042023e-01 -1.715039e+00 
2.389936e-01 1.623032e+00 
-7.001608e-01 -1.584036e+00 
1.024809e+00 1.321043e+00 
-1.413142e+00 -1.128671e+00 
1.601157e+00 8.242801e-01 
-1.841955e+00 -6.158449e-01 
1.925213e+00 3.119640e-01 
-2.000837e+00 -1.291936e-01 
1.996882e+00 -1.738295e-01 
-1.905764e+00 3.583696e-01 
1.813855e+00 -6.624529e-01 
-1.558088e+00 8.727608e-01 
1.358658e+00 -1.176364e+00 
-9.591510e-01 1.361186e+00 
6.211340e-01 -1.614609e+00 
-1.597787e-01 1.632531e+00 
-2.895072e-01 -1.702768e+00 
6.783183e-01 1.501424e+00 
-1.114905e+00 -1.361038e+00 
1.363299e+00 1.065079e+00 
-1.677329e+00 -8.523210e-01 
1.805807e+00 5.473552e-01 
-1.958936e+00 -3.534798e-01 
1.994782e+00 5.032326e-02 
-1.981349e+00 1.284795e-01 
1.931513e+00 -4.317765e-01 
-1.751733e+00 6.302929e-01 
1.606309e+00 -9.355107e-01 
-1.268407e+00 1.145734e+00 
9.974975e-01 -1.435153e+00 
-5.495372e-01 1.549247e+00 
1.413566e-01 -1.721365e+00 
2.966587e-01 1.613740e+00 
-7.568807e-01 -1.559794e+00 
1.071678e+00 1.290606e+00 
-1.451429e+00 -1.093545e+00 
1.631293e+00 7.887649e-01 
-1.861055e+00 -5.819091e-01 
1.938072e+00 2.781632e-01 
-2.002347e+00 -9.650582e-02 
1.992598e+00 -2.065250e-01 
-1.890141e+00 3.925280e-01 
1.791793e+00 -6.967705e-01 
-1.525157e+00 9.081953e-01 
1.317162e+00 -1.210996e+00 
-9.099113e-01 1.389421e+00 
5.622147e-01 -1.634994e+00 
-1.015361e-01 1.637106e+00 
-3.514561e-01 -1.691194e+00 
7.315085e-01 1.478684e+00 
-1.162375e+00 -1.328457e+00 
1.401474e+00 1.030417e+00 
-1.705138e+00 -8.173377e-01 
1.826682e+00 5.125212e-01 
-1.968515e+00 -3.205469e-01 
1.998500e+00 1.743284e-02 
-1.973711e+00 1.616894e-01 
1.917896e+00 -4.650648e-01 
-1.726891e+00 6.655460e-01 
1.574057e+00 -9.707997e-01 
-1.226388e+00 1.179106e+00 
9.457789e-01 -1.464976e+00 
-4.939858e-01 1.566741e+00 
7.829155e-02 -1.725400e+00 
3.539638e-01 1.602518e+00 
-8.125684e-01 -1.534109e+00 
1.117499e+00 1.259379e+00 
-1.488361e+00 -1.058305e+00 
1.660246e+00 7.532675e-01 
-1.878918e+00 -5.481300e-01 
1.949764e+00 2.445065e-01 
3.133230e+00 7.985419e-01 
3.133747e+00 7.973810e-01 
3.131723e+00 7.961363e-01 
3.126506e+00 7.944258e-01 
3.116420e+00 7.917727e-01 
3.098233e+00 7.875622e-01 
3.066157e+00 7.811914e-01 
3.010049e+00 7.729801e-01 
2.912085e+00 7.678018e-01 
2.739007e+00 7.880773e-01 
2.412779e+00 9.179042e-01 
1.650311e+00 1.418322e+00 
-3.607748e-01 1.994968e+00 
-1.948703e+00 1.216528e+00 
-2.523728e+00 8.650801e-01 
-2.788280e+00 7.835958e-01 
-2.927847e+00 7.768762e-01 
-2.998709e+00 7.875635e-01 
-3.024074e+00 8.022173e-01 
-3.011520e+00 8.211955e-01 
-2.955984e+00 8.520375e-01 
-2.836583e+00 9.132302e-01 
-2.604565e+00 1.048647e+00 
-2.153136e+00 1.351286e+00 
-1.283554e+00 1.899562e+00 
9.032031e-02 2.254791e+00 
1.418476e+00 1.825601e+00 
2.225384e+00 1.301482e+00 
2.641452e+00 1.025732e+00 
2.855706e+00 9.030976e-01 
2.965512e+00 8.472058e-01 
3.015106e+00 8.184841e-01 
3.023052e+00 8.002881e-01 
2.992832e+00 7.859730e-01 
2.915274e+00 7.762342e-01 
2.764621e+00 7.874714e-01 
2.477285e+00 8.868881e-01 
1.833059e+00 1.295952e+00 
6.526287e-02 2.025644e+00 
-1.779811e+00 1.332089e+00 
-2.457612e+00 8.961889e-01 
-2.756121e+00 7.880829e-01 
-2.913012e+00 7.743443e-01 
-2.995843e+00 7.829392e-01 
-3.032311e+00 7.957522e-01 
-3.033705e+00 8.108664e-01 
-2.999844e+00 8.327468e-01 
-2.918305e+00 8.727615e-01 
-2.757743e+00 9.576718e-01 
-2.449185e+00 1.149800e+00 
-1.846773e+00 1.559934e+00 
-7.417025e-01 2.133464e+00 
7.115806e-01 2.143128e+00 
1.828649e+00 1.571937e+00 
2.439888e+00 1.155987e+00 
2.752939e+00 9.603999e-01 
2.915804e+00 8.739940e-01 
2.998645e+00 8.333674e-01 
3.033363e+00 8.112462e-01 
3.032698e+00 7.960508e-01 
2.997071e+00 7.831975e-01 
2.915471e+00 7.744119e-01 
2.760685e+00 7.872139e-01 
2.466668e+00 8.916388e-01 
1.803098e+00 1.316231e+00 
-1.071862e-02 2.026618e+00 
-1.811833e+00 1.310302e+00 
-2.469895e+00 8.901148e-01 
-2.762080e+00 7.871146e-01 
-2.915844e+00 7.747219e-01 
-2.996581e+00 7.836929e-01 
-3.031186e+00 7.967866e-01 
-3.030327e+00 8.124703e-01 
-2.993048e+00 8.356643e-01 
-2.905630e+00 8.787594e-01 
-2.734145e+00 9.710284e-01 
-2.403932e+00 1.179982e+00 
-1.759025e+00 1.617507e+00 
-5.981603e-01 2.176093e+00 
8.513964e-01 2.095117e+00 
1.911557e+00 1.516603e+00 
2.482185e+00 1.127890e+00 
2.774561e+00 9.480436e-01 
2.926629e+00 8.683663e-01 
3.003052e+00 8.304181e-01 
3.033038e+00 8.092437e-01 
3.027637e+00 7.942441e-01 
2.985727e+00 7.815377e-01 
2.894232e+00 7.744064e-01 
2.721890e+00 7.955833e-01 
2.389119e+00 9.326440e-01 
1.599131e+00 1.452526e+00 
-4.449693e-01 1.978977e+00 
-1.973233e+00 1.200750e+00 
-2.528535e+00 8.655128e-01 
-2.783657e+00 7.892960e-01 
-2.913659e+00 7.855361e-01 
-2.970662e+00 8.003956e-01 
-2.973031e+00 8.233665e-01 
-2.920130e+00 8.604757e-01 
-2.791087e+00 9.330690e-01 
-2.531510e+00 1.092679e+00 
-2.020027e+00 1.441467e+00 
-1.049813e+00 2.012936e+00 
3.711538e-01 2.224751e+00 
1.608096e+00 1.712051e+00 
2.320401e+00 1.234438e+00 
2.683899e+00 9.963760e-01 
2.867882e+00 8.898786e-01 
2.954405e+00 8.391574e-01 
2.978295e+00 8.107081e-01 
2.949453e+00 7.917704e-01 
2.859453e+00 7.833482e-01 
2.676729e+00 8.117534e-01 
2.309770e+00 9.806000e-01 
1.397718e+00 1.579242e+00 
-7.636304e-01 1.887793e+00 
-2.080970e+00 1.128834e+00 
-2.567860e+00 8.521640e-01 
-2.795097e+00 7.940430e-01 
-2.904610e+00 7.971822e-01 
-2.938568e+00 8.188770e-01 
-2.907009e+00 8.554481e-01 
-2.796296e+00 9.240697e-01 
-2.559632e+00 1.071360e+00 
-2.087168e+00 1.393768e+00 
-1.179574e+00 1.951002e+00 
2.087122e-01 2.245416e+00 
1.492541e+00 1.780856e+00 
2.254983e+00 1.277539e+00 
2.644112e+00 1.017152e+00 
2.837544e+00 8.994584e-01 
2.922900e+00 8.429904e-01 
2.935611e+00 8.114843e-01 
2.882333e+00 7.936157e-01 
2.745872e+00 8.006515e-01 
2.468174e+00 8.962494e-01 
1.838105e+00 1.294440e+00 
1.164611e-01 2.024145e+00 
-1.741487e+00 1.359687e+00 
-2.432515e+00 9.133505e-01 
-2.730879e+00 8.017740e-01 
-2.879202e+00 7.898476e-01 
-2.942947e+00 8.049178e-01 
-2.943249e+00 8.318694e-01 
-2.878328e+00 8.778581e-01 
-2.721742e+00 9.704949e-01 
-2.404865e+00 1.175345e+00 
-1.778720e+00 1.602617e+00 
-6.440754e-01 2.162114e+00 
7.969626e-01 2.113421e+00 
1.870957e+00 1.541578e+00 
2.451954e+00 1.143561e+00 
2.745403e+00 9.562469e-01 
2.889377e+00 8.711492e-01 
2.946235e+00 8.281916e-01 
2.939144e+00 8.026099e-01 
2.867491e+00 7.892314e-01 
2.706977e+00 8.069368e-01 
2.383060e+00 9.398073e-01 
1.610378e+00 1.446621e+00 
-3.895270e-01 1.990840e+00 
-1.940395e+00 1.225114e+00 
-2.505602e+00 8.803131e-01 
-2.759455e+00 8.018806e-01 
-2.880379e+00 8.007509e-01 
-2.917856e+00 8.233966e-01 
-2.883193e+00 8.640129e-01 
-2.761062e+00 9.418256e-01 
-2.498736e+00 1.109792e+00 
-1.973400e+00 1.471067e+00 
-9.812694e-01 2.041456e+00 
4.389711e-01 2.211212e+00 
1.644424e+00 1.687696e+00 
2.330987e+00 1.223834e+00 
2.678035e+00 9.933864e-01 
2.846840e+00 8.886142e-01 
2.912910e+00 8.369129e-01 
2.904103e+00 8.078885e-01 
2.819625e+00 7.968177e-01 
2.628952e+00 8.324015e-01 
2.228500e+00 1.033418e+00 
1.195699e+00 1.694511e+00 
-1.001104e+00 1.791098e+00 
-2.158031e+00 1.079183e+00 
-2.595377e+00 8.450610e-01 
-2.799994e+00 8.002570e-01 
-2.890854e+00 8.096057e-01 
-2.901833e+00 8.393709e-01 
-2.834387e+00 8.934445e-01 
-2.659746e+00 1.003492e+00 
-2.299217e+00 1.245046e+00 
-1.586587e+00 1.723238e+00 
-3.539171e-01 2.226204e+00 
1.053331e+00 2.009757e+00 
2.012394e+00 1.443851e+00 
2.516344e+00 1.097037e+00 
2.766580e+00 9.363397e-01 
2.879948e+00 8.612899e-01 
2.905426e+00 8.218157e-01 
2.855106e+00 8.013591e-01 
2.712705e+00 8.118189e-01 
2.414204e+00 9.259607e-01 
1.713299e+00 1.379772e+00 
-1.528809e-01 2.022316e+00 
-1.841694e+00 1.293395e+00 
-2.461563e+00 9.030234e-01 
-2.732224e+00 8.103256e-01 
-2.858342e+00 8.067280e-01 
-2.893874e+00 8.316640e-01 
-2.849409e+00 8.790874e-01 
-2.705168e+00 9.728154e-01 
-2.397174e+00 1.176637e+00 
-1.781283e+00 1.598920e+00 
-6.619832e-01 2.155673e+00 
7.692346e-01 2.121696e+00 
1.846117e+00 1.556025e+00 
2.430123e+00 1.154110e+00 
2.721279e+00 9.625891e-01 
2.856072e+00 8.741687e-01 
2.893932e+00 8.289954e-01 
2.852031e+00 8.056567e-01 
2.717310e+00 8.129746e-01 
2.430212e+00 9.186487e-01 
1.761301e+00 1.347917e+00 
-3.776416e-02 2.027750e+00 
-1.792991e+00 1.326595e+00 
-2.441887e+00 9.129939e-01 
-2.722083e+00 8.126272e-01 
-2.852739e+00 8.070269e-01 
-2.890913e+00 8.315223e-01 
-2.848222e+00 8.787812e-01 
-2.705510e+00 9.721080e-01 
-2.399457e+00 1.174832e+00 
-1.786836e+00 1.595152e+00 
-6.718887e-01 2.152661e+00 
7.589168e-01 2.125096e+00 
1.839449e+00 1.560341e+00 
2.426188e+00 1.156542e+00 
2.718558e+00 9.638000e-01 
2.853576e+00 8.747821e-01 
2.890861e+00 8.293591e-01 
2.847440e+00 8.062041e-01 
2.709640e+00 8.149876e-01 
2.415608e+00 9.264349e-01 
1.724822e+00 1.372525e+00 
-1.175655e-01 2.024826e+00 
-1.823805e+00 1.305992e+00 
-2.452089e+00 9.087243e-01 
-2.724535e+00 8.138742e-01 
-2.849606e+00 8.104927e-01 
-2.881327e+00 8.373381e-01 
-2.828828e+00 8.894690e-01 
-2.668769e+00 9.942679e-01 
-2.329136e+00 1.222628e+00 
-1.652627e+00 1.681255e+00 
-4.608241e-01 2.205947e+00 
9.549067e-01 2.051531e+00 
1.952573e+00 1.483645e+00 
2.481577e+00 1.118085e+00 
2.742791e+00 9.466325e-01 
2.858448e+00 8.665040e-01 
2.879322e+00 8.250785e-01 
2.816292e+00 8.067568e-01 
2.647505e+00 8.314730e-01 
2.286414e+00 9.999031e-01 
1.379468e+00 1.591991e+00 
-7.413550e-01 1.896981e+00 
-2.054497e+00 1.150263e+00 
-2.540271e+00 8.717756e-01 
-2.758296e+00 8.152207e-01 
-2.847660e+00 8.256661e-01 
-2.843337e+00 8.650655e-01 
-2.740392e+00 9.428206e-01 
-2.493085e+00 1.107734e+00 
-1.985926e+00 1.459543e+00 
-1.021414e+00 2.022515e+00 
3.793820e-01 2.220767e+00 
1.594652e+00 1.716453e+00 
2.294532e+00 1.244794e+00 
2.645422e+00 1.005657e+00 
2.808195e+00 8.954399e-01 
2.856793e+00 8.410845e-01 
2.813654e+00 8.156969e-01 
2.664938e+00 8.308351e-01 
2.338305e+00 9.713704e-01 
1.537648e+00 1.495721e+00 
-4.674357e-01 1.976092e+00 
-1.947178e+00 1.223997e+00 
-2.490367e+00 8.957818e-01 
-2.727477e+00 8.242780e-01 
-2.823582e+00 8.323018e-01 
-2.818344e+00 8.745471e-01 
-2.706171e+00 9.605673e-01 
-2.436433e+00 1.144077e+00 
-1.883156e+00 1.528298e+00 
-8.506626e-01 2.091034e+00 
5.626567e-01 2.181208e+00 
1.708347e+00 1.643712e+00 
2.348080e+00 1.205465e+00 
2.664551e+00 9.888012e-01 
2.804247e+00 8.881947e-01 
2.830605e+00 8.387570e-01 
2.757636e+00 8.220499e-01 
2.557660e+00 8.680787e-01 
2.109146e+00 1.115212e+00 
9.120040e-01 1.831680e+00 
-1.236647e+00 1.673999e+00 
-2.227449e+00 1.038372e+00 
-2.612365e+00 8.472784e-01 
-2.786827e+00 8.176605e-01 
-2.845719e+00 8.387078e-01 
-2.809808e+00 8.898520e-01 
-2.661526e+00 9.932386e-01 
-2.333689e+00 1.216654e+00 
-1.674781e+00 1.665783e+00 
-5.055880e-01 2.195276e+00 
9.066519e-01 2.069976e+00 
1.918349e+00 1.505160e+00 
2.457008e+00 1.131285e+00 
2.720128e+00 9.540629e-01 
2.830706e+00 8.709010e-01 
2.838258e+00 8.293343e-01 
2.749121e+00 8.187045e-01 
2.527999e+00 8.780412e-01 
2.031008e+00 1.166583e+00 
6.839741e-01 1.916458e+00 
-1.413488e+00 1.571964e+00 
-2.296485e+00 9.945709e-01 
-2.649698e+00 8.323569e-01 
-2.813419e+00 8.099614e-01 
-2.870755e+00 8.303740e-01 
-2.841297e+00 8.758765e-01 
-2.710620e+00 9.655123e-01 
-2.420625e+00 1.158707e+00 
-1.835615e+00 1.562062e+00 
-7.580218e-01 2.124897e+00 
6.686347e-01 2.153143e+00 
1.781529e+00 1.597839e+00 
2.393193e+00 1.177567e+00 
2.697375e+00 9.741156e-01 
2.836150e+00 8.800335e-01 
2.871469e+00 8.325628e-01 
2.820061e+00 8.104378e-01 
2.664832e+00 8.283417e-01 
2.329604e+00 9.751949e-01 
1.504822e+00 1.515951e+00 
-5.354145e-01 1.959537e+00 
-1.976301e+00 1.203624e+00 
-2.505222e+00 8.877828e-01 
-2.738450e+00 8.198970e-01 
-2.834746e+00 8.278241e-01 
-2.833256e+00 8.675512e-01 
-2.730010e+00 9.472046e-01 
-2.478797e+00 1.116268e+00 
-1.962259e+00 1.475169e+00 
-9.834112e-01 2.038548e+00 
4.199623e-01 2.213127e+00 
1.619204e+00 1.700762e+00 
2.304986e+00 1.236614e+00 
2.647463e+00 1.002480e+00 
2.803904e+00 8.942781e-01 
2.845442e+00 8.409844e-01 
2.791932e+00 8.181812e-01 
2.624966e+00 8.435550e-01 
2.256277e+00 1.020646e+00 
1.318139e+00 1.628533e+00 
-8.053062e-01 1.874375e+00 
-2.069296e+00 1.141990e+00 
-2.539168e+00 8.760714e-01 
-2.747013e+00 8.244830e-01 
-2.823652e+00 8.400016e-01 
-2.798806e+00 8.896837e-01 
-2.658952e+00 9.913681e-01 
-2.340410e+00 1.210240e+00 
-1.696019e+00 1.651336e+00 
-5.452234e-01 2.185355e+00 
8.653836e-01 2.085309e+00 
1.890472e+00 1.523012e+00 
2.438635e+00 1.141869e+00 
2.705017e+00 9.598820e-01 
2.813991e+00 8.744796e-01 
2.814913e+00 8.330017e-01 
2.711720e+00 8.278801e-01 
2.460377e+00 9.102961e-01 
1.876379e+00 1.272441e+00 
2.894821e-01 2.008687e+00 
-1.626533e+00 1.439018e+00 
-2.368152e+00 9.558385e-01 
-2.674846e+00 8.309849e-01 
-2.811311e+00 8.214653e-01 
-2.841908e+00 8.515215e-01 
-2.775429e+00 9.149175e-01 
-2.581645e+00 1.046195e+00 
-2.171145e+00 1.330098e+00 
-1.364297e+00 1.851213e+00 
-5.346888e-02 2.252486e+00 
1.283971e+00 1.894769e+00 
2.128127e+00 1.360169e+00 
2.560504e+00 1.060446e+00 
2.766194e+00 9.215473e-01 
2.840454e+00 8.548562e-01 
2.816825e+00 8.226674e-01 
2.689337e+00 8.279453e-01 
2.399840e+00 9.388394e-01 
1.710496e+00 1.383675e+00 
-1.145308e-01 2.025719e+00 
-1.808273e+00 1.318258e+00 
-2.435826e+00 9.211754e-01 
-2.703599e+00 8.269046e-01 
-2.817949e+00 8.273688e-01 
-2.829048e+00 8.640648e-01 
-2.737830e+00 9.394585e-01 
-2.503166e+00 1.098511e+00 
-2.015627e+00 1.437914e+00 
-1.081371e+00 1.994928e+00 
3.038300e-01 2.231913e+00 
1.539808e+00 1.749121e+00 
2.261971e+00 1.265944e+00 
2.624016e+00 1.016610e+00 
2.790048e+00 9.013121e-01 
2.836059e+00 8.450390e-01 
2.783960e+00 8.213359e-01 
2.615780e+00 8.478537e-01 
2.241268e+00 1.030533e+00 
1.282619e+00 1.648869e+00 
-8.466475e-01 1.858597e+00 
-2.082187e+00 1.133816e+00 
-2.542829e+00 8.755815e-01 
-2.745982e+00 8.266705e-01 
-2.818072e+00 8.440058e-01 
-2.786816e+00 8.968389e-01 
-2.635966e+00 1.005742e+00 
-2.296462e+00 1.240423e+00 
-1.613101e+00 1.703454e+00 
-4.187513e-01 2.212629e+00 
9.784228e-01 2.039833e+00 
1.954296e+00 1.479175e+00 
2.468869e+00 1.120189e+00 
2.716429e+00 9.502496e-01 
2.812545e+00 8.700991e-01 
2.800984e+00 8.321284e-01 
2.680682e+00 8.346133e-01 
2.396584e+00 9.428096e-01 
1.716763e+00 1.380365e+00 
-8.222965e-02 2.027639e+00 
-1.787413e+00 1.333203e+00 
-2.422561e+00 9.299939e-01 
-2.690802e+00 8.339007e-01 
-2.801384e+00 8.357301e-01 
-2.803494e+00 8.773099e-01 
-2.694334e+00 9.645728e-01 
-2.424131e+00 1.150680e+00 
-1.866891e+00 1.538296e+00 
-8.292661e-01 2.098341e+00 
5.806021e-01 2.176075e+00 
1.715865e+00 1.638013e+00 
2.347952e+00 1.203881e+00 
2.658899e+00 9.891197e-01 
2.792415e+00 8.891340e-01 
2.809499e+00 8.408784e-01 
2.720727e+00 8.298685e-01 
2.489556e+00 8.983272e-01 
1.956327e+00 1.218673e+00 
5.063784e-01 1.967335e+00 
-1.507728e+00 1.515112e+00 
-2.322861e+00 9.817508e-01 
-2.652684e+00 8.373013e-01 
-2.799841e+00 8.222496e-01 
-2.837079e+00 8.506254e-01 
-2.775974e+00 9.126350e-01 
-2.588400e+00 1.040837e+00 
-2.187900e+00 1.317971e+00 
-1.397971e+00 1.832154e+00 
-1.011662e-01 2.250648e+00 
1.245899e+00 1.914498e+00 
2.106435e+00 1.374941e+00 
2.548430e+00 1.067873e+00 
2.758659e+00 9.252236e-01 
2.834668e+00 8.569254e-01 
2.810911e+00 8.243314e-01 
2.681361e+00 8.307108e-01 
2.386058e+00 9.466657e-01 
1.677700e+00 1.405630e+00 
-1.803613e-01 2.021138e+00 
-1.832445e+00 1.302267e+00 
-2.443047e+00 9.186033e-01 
-2.703905e+00 8.290030e-01 
-2.812585e+00 8.318013e-01 
-2.816372e+00 8.717154e-01 
-2.713219e+00 9.542251e-01 
-2.456403e+00 1.129590e+00 
-1.925990e+00 1.498907e+00 
-9.265734e-01 2.061432e+00 
4.786044e-01 2.200702e+00 
1.653485e+00 1.678423e+00 
2.318683e+00 1.225449e+00 
2.648630e+00 9.983888e-01 
2.795075e+00 8.930349e-01 
2.824816e+00 8.416036e-01 
2.753353e+00 8.242039e-01 
2.553518e+00 8.705260e-01 
2.103231e+00 1.119489e+00 
9.002281e-01 1.836746e+00 
-1.242996e+00 1.670683e+00 
-2.228219e+00 1.038309e+00 
-2.611136e+00 8.486053e-01 
-2.783793e+00 8.197283e-01 
-2.840029e+00 8.418908e-01 
-2.799559e+00 8.955057e-01 
-2.642834e+00 1.004681e+00 
-2.298460e+00 1.240743e+00 
-1.608627e+00 1.707123e+00 
-4.054778e-01 2.215685e+00 
9.949480e-01 2.033467e+00 
1.967795e+00 1.471084e+00 
2.480364e+00 1.114610e+00 
2.728925e+00 9.466793e-01 
2.829561e+00 8.674709e-01 
2.827469e+00 8.283311e-01 
2.725263e+00 8.227404e-01 
2.480231e+00 8.995418e-01 
1.917817e+00 1.243639e+00 
3.847577e-01 1.992920e+00 
-1.584567e+00 1.465610e+00 
-2.356819e+00 9.605151e-01 
-2.674843e+00 8.275224e-01 
-2.820165e+00 8.142768e-01 
-2.862128e+00 8.396806e-01 
-2.814036e+00 8.930794e-01 
-2.653798e+00 1.000981e+00 
-2.308836e+00 1.235238e+00 
-1.620354e+00 1.700719e+00 
-4.168123e-01 2.214165e+00 
9.898578e-01 2.036310e+00 
1.969027e+00 1.471416e+00 
2.485788e+00 1.113262e+00 
2.738721e+00 9.451441e-01 
2.846030e+00 8.660915e-01 
2.855265e+00 8.257916e-01 
2.773187e+00 8.128657e-01 
2.568680e+00 8.600988e-01 
2.118465e+00 1.107424e+00 
9.172066e-01 1.828897e+00 
-1.247652e+00 1.667266e+00 
-2.238535e+00 1.029451e+00 
-2.624865e+00 8.388297e-01 
-2.804361e+00 8.078445e-01 
-2.873572e+00 8.245096e-01 
-2.857151e+00 8.651421e-01 
-2.745842e+00 9.437630e-01 
-2.490737e+00 1.111460e+00 
-1.972569e+00 1.469770e+00 
-9.912907e-01 2.036142e+00 
4.188524e-01 2.214170e+00 
1.624521e+00 1.698715e+00 
2.313849e+00 1.232906e+00 
2.660170e+00 9.991753e-01 
2.823305e+00 8.918733e-01 
2.876886e+00 8.386750e-01 
2.844817e+00 8.115802e-01 
2.717826e+00 8.158750e-01 
2.440387e+00 9.149209e-01 
1.796199e+00 1.324879e+00 
5.466981e-02 2.027555e+00 
-1.750147e+00 1.355827e+00 
-2.423426e+00 9.231615e-01 
-2.710941e+00 8.163763e-01 
-2.843904e+00 8.095386e-01 
-2.881502e+00 8.348535e-01 
-2.835162e+00 8.847779e-01 
-2.684021e+00 9.843798e-01 
-2.360422e+00 1.200963e+00 
-1.713685e+00 1.642354e+00 
-5.565554e-01 2.184047e+00 
8.673085e-01 2.086183e+00 
1.901895e+00 1.518035e+00 
2.456005e+00 1.135409e+00 
2.730432e+00 9.545282e-01 
2.853720e+00 8.703812e-01 
2.880209e+00 8.271610e-01 
2.822945e+00 8.071878e-01 
2.662526e+00 8.274105e-01 
2.319407e+00 9.804008e-01 
1.471125e+00 1.536624e+00 
-5.984836e-01 1.942329e+00 
-2.001923e+00 1.185852e+00 
-2.517716e+00 8.814387e-01 
-2.746968e+00 8.169214e-01 
-2.842555e+00 8.250922e-01 
-2.842848e+00 8.633835e-01 
-2.744664e+00 9.392855e-01 
-2.504321e+00 1.099788e+00 
-2.009691e+00 1.443038e+00 
-1.064590e+00 2.003173e+00 
3.283897e-01 2.228873e+00 
1.560034e+00 1.737571e+00 
2.276055e+00 1.257476e+00 
2.635682e+00 1.011666e+00 
2.802912e+00 8.983623e-01 
2.853925e+00 8.426902e-01 
2.812222e+00 8.167042e-01 
2.664527e+00 8.314273e-01 
2.339051e+00 9.711713e-01 
1.541410e+00 1.493420e+00 
-4.586779e-01 1.978082e+00 
-1.943151e+00 1.226847e+00 
-2.488158e+00 8.970463e-01 
-2.725667e+00 8.250941e-01 
-2.821532e+00 8.332163e-01 
-2.815402e+00 8.760058e-01 
-2.701300e+00 9.633686e-01 
-2.427648e+00 1.149909e+00 
-1.866702e+00 1.539261e+00 
-8.234770e-01 2.100934e+00 
5.908536e-01 2.173853e+00 
1.725555e+00 1.632494e+00 
2.356336e+00 1.199489e+00 
2.667761e+00 9.861791e-01 
2.804152e+00 8.870294e-01 
2.827448e+00 8.383840e-01 
2.750476e+00 8.230662e-01 
2.543503e+00 8.738203e-01 
2.077134e+00 1.136540e+00 
8.240139e-01 1.867177e+00 
-1.306093e+00 1.635305e+00 
-2.252824e+00 1.022507e+00 
-2.624344e+00 8.431779e-01 
-2.793146e+00 8.169381e-01 
-2.848768e+00 8.389101e-01 
-2.810476e+00 8.905396e-01 
-2.659808e+00 9.948624e-01 
-2.328505e+00 1.220498e+00 
-1.663571e+00 1.673019e+00 
-4.872532e-01 2.199450e+00 
9.239930e-01 2.063164e+00 
1.928895e+00 1.498134e+00 
2.462896e+00 1.127535e+00 
2.723785e+00 9.522198e-01 
2.833523e+00 8.699121e-01 
2.841160e+00 8.286267e-01 
2.753029e+00 8.176542e-01 
2.534471e+00 8.750536e-01 
2.044935e+00 1.157074e+00 
7.204198e-01 1.904327e+00 
-1.390299e+00 1.585764e+00 
-2.288605e+00 9.991223e-01 
-2.646628e+00 8.328901e-01 
-2.812884e+00 8.092094e-01 
-2.872439e+00 8.288776e-01 
-2.845797e+00 8.731742e-01 
-2.719681e+00 9.600265e-01 
-2.438202e+00 1.146857e+00 
-1.869565e+00 1.539457e+00 
-8.144959e-01 2.105414e+00 
6.107638e-01 2.169696e+00 
1.746237e+00 1.620990e+00 
2.375630e+00 1.189855e+00 
2.689432e+00 9.796341e-01 
2.833968e+00 8.826444e-01 
2.873896e+00 8.338808e-01 
2.827719e+00 8.103984e-01 
2.680522e+00 8.241656e-01 
2.362482e+00 9.564248e-01 
1.592925e+00 1.459874e+00 
-3.770892e-01 1.994142e+00 
-1.918149e+00 1.242926e+00 
-2.482939e+00 8.970918e-01 
-2.730054e+00 8.194915e-01 
-2.835602e+00 8.237880e-01 
-2.843609e+00 8.600068e-01 
-2.753878e+00 9.323622e-01 
-2.526395e+00 1.084512e+00 
-2.055288e+00 1.411360e+00 
-1.147521e+00 1.964205e+00 
2.281871e-01 2.241479e+00 
1.490964e+00 1.778914e+00 
2.239548e+00 1.282797e+00 
2.617177e+00 1.023561e+00 
2.793990e+00 9.040457e-01 
2.850917e+00 8.456960e-01 
2.813966e+00 8.181180e-01 
2.671798e+00 8.301699e-01 
2.356548e+00 9.615542e-01 
1.590406e+00 1.462179e+00 
-3.658747e-01 1.996502e+00 
-1.907687e+00 1.250951e+00 
-2.473938e+00 9.034754e-01 
-2.719324e+00 8.257845e-01 
-2.819908e+00 8.320031e-01 
-2.817974e+00 8.733766e-01 
-2.709225e+00 9.579978e-01 
-2.444530e+00 1.138260e+00 
-1.900261e+00 1.516620e+00 
-8.806629e-01 2.079621e+00 
5.299061e-01 2.189181e+00 
1.687205e+00 1.657181e+00 
2.336848e+00 1.213121e+00 
2.658573e+00 9.924482e-01 
2.800966e+00 8.900225e-01 
-1.070517e+00 2.232336e+00 
1.792284e+00 1.887186e+00 
-2.663370e+00 1.480514e+00 
-2.338911e-01 2.445806e+00 
2.385987e+00 1.587882e+00 
-2.124561e+00 1.713397e+00 
6.327679e-01 2.375980e+00 
2.889418e+00 1.423189e+00 
-1.473716e+00 2.050896e+00 
1.422578e+00 2.075896e+00 
-2.923095e+00 1.417470e+00 
-6.922534e-01 2.360342e+00 
2.082663e+00 1.734824e+00 
-2.423968e+00 1.571276e+00 
1.722018e-01 2.450944e+00 
2.627910e+00 1.492226e+00 
-1.838286e+00 1.862908e+00 
1.014457e+00 2.254214e+00 
3.108551e+00 1.400404e+00 
-1.125660e+00 2.209923e+00 
1.745881e+00 1.911603e+00 
-2.698328e+00 1.469639e+00 
-2.950745e-01 2.439183e+00 
2.347765e+00 1.605090e+00 
-2.165656e+00 1.692648e+00 
5.732059e-01 2.390323e+00 
2.855766e+00 1.429674e+00 
-1.523889e+00 2.025934e+00 
1.371050e+00 2.100586e+00 
-2.956441e+00 1.412582e+00 
-7.509648e-01 2.343649e+00 
2.040416e+00 1.756660e+00 
-2.461299e+00 1.555471e+00 
1.107385e-01 2.454516e+00 
2.592325e+00 1.504636e+00 
-1.883379e+00 1.839086e+00 
9.581263e-01 2.275235e+00 
3.075581e+00 1.401610e+00 
-1.180184e+00 2.186932e+00 
1.698813e+00 1.936245e+00 
-2.733004e+00 1.459539e+00 
-3.560568e-01 2.431082e+00 
2.309069e+00 1.622976e+00 
-2.206198e+00 1.672481e+00 
5.132693e-01 2.403402e+00 
2.821929e+00 1.436951e+00 
-1.573385e+00 2.000935e+00 
1.318855e+00 2.125037e+00 
-2.989667e+00 1.408492e+00 
-8.092059e-01 2.325885e+00 
1.997571e+00 1.778993e+00 
-2.498215e+00 1.540386e+00 
4.919873e-02 2.456541e+00 
2.556396e+00 1.517802e+00 
-1.927833e+00 1.815627e+00 
9.012334e-01 2.295448e+00 
3.042568e+00 1.403619e+00 
-1.234076e+00 2.163438e+00 
1.651075e+00 1.961059e+00 
-2.767420e+00 1.450218e+00 
-4.167979e-01 2.421539e+00 
2.269883e+00 1.641522e+00 
-2.246205e+00 1.652921e+00 
4.529936e-01 2.415160e+00 
2.787887e+00 1.445017e+00 
-1.622202e+00 1.975960e+00 
1.265999e+00 2.149178e+00 
-3.022794e+00 1.405203e+00 
-8.669487e-01 2.307119e+00 
1.954117e+00 1.801788e+00 
-2.534735e+00 1.526033e+00 
-1.237511e-02 2.457007e+00 
2.520103e+00 1.531713e+00 
-1.971657e+00 1.792572e+00 
8.438013e-01 2.314778e+00 
3.009490e+00 1.406429e+00 
-1.287323e+00 2.139517e+00 
1.602662e+00 1.985991e+00 
-2.801596e+00 1.441681e+00 
-4.772591e-01 2.410596e+00 
2.230188e+00 1.660708e+00 
-2.285693e+00 1.633989e+00 
3.924152e-01 2.425546e+00 
2.753617e+00 1.453870e+00 
-1.670343e+00 1.951068e+00 
1.212492e+00 2.172936e+00 
-3.055844e+00 1.402715e+00 
-9.241670e-01 2.287426e+00 
1.910041e+00 1.825010e+00 
-2.570880e+00 1.512420e+00 
-7.394038e-02 2.455914e+00 
2.483426e+00 1.546362e+00 
-2.014865e+00 1.769959e+00 
7.858550e-01 2.333149e+00 
2.976326e+00 1.410040e+00 
-1.339914e+00 2.115242e+00 
1.553572e+00 2.010983e+00 
-2.835553e+00 1.433931e+00 
-5.374029e-01 2.398301e+00 
2.189968e+00 1.680515e+00 
-2.324680e+00 1.615707e+00 
3.315725e-01 2.434514e+00 
2.719099e+00 1.463505e+00 
-1.717812e+00 1.926317e+00 
1.158344e+00 2.196237e+00 
-3.088837e+00 1.401029e+00 
-9.808366e-01 2.266879e+00 
1.865332e+00 1.848620e+00 
-2.606668e+00 1.499557e+00 
-1.354545e-01 2.453266e+00 
2.446345e+00 1.561738e+00 
-2.057467e+00 1.747822e+00 
7.274213e-01 2.350492e+00 
2.943054e+00 1.414451e+00 
-1.391842e+00 2.090687e+00 
1.503804e+00 2.035976e+00 
-2.869313e+00 1.426972e+00 
-5.971930e-01 2.384707e+00 
2.149206e+00 1.700919e+00 
-2.363184e+00 1.598091e+00 
2.705045e-01 2.442025e+00 
2.684312e+00 1.473918e+00 
-1.764612e+00 1.901759e+00 
1.103569e+00 2.219005e+00 
-3.121796e+00 1.400145e+00 
-1.036935e+00 2.245554e+00 
1.819979e+00 1.872575e+00 
-2.642121e+00 1.487452e+00 
-1.968751e-01 2.449075e+00 
2.408841e+00 1.577828e+00 
-2.099479e+00 1.726194e+00 
6.685293e-01 2.366735e+00 
2.909653e+00 1.419659e+00 
-1.443099e+00 2.065921e+00 
1.453358e+00 2.060905e+00 
-2.902897e+00 1.420807e+00 
-6.565950e-01 2.369872e+00 
2.107885e+00 1.721895e+00 
-2.401222e+00 1.581160e+00 
2.092516e-01 2.448044e+00 
2.649235e+00 1.485102e+00 
-1.810750e+00 1.877447e+00 
1.048182e+00 2.241164e+00 
3.128443e+00 1.400064e+00 
-1.092444e+00 2.223527e+00 
1.773973e+00 1.896833e+00 
-2.677259e+00 1.476112e+00 
-2.581604e-01 2.443360e+00 
2.370895e+00 1.594620e+00 
-2.140915e+00 1.705106e+00 
6.092097e-01 2.381812e+00 
2.876102e+00 1.425664e+00 
-1.493681e+00 2.041012e+00 
1.402237e+00 2.085705e+00 
-2.936326e+00 1.415437e+00 
-7.155758e-01 2.353859e+00 
2.065990e+00 1.743417e+00 
-2.438813e+00 1.564927e+00 
1.478550e-01 2.452544e+00 
2.613847e+00 1.497053e+00 
-1.856234e+00 1.853426e+00 
9.922011e-01 2.262637e+00 
3.095489e+00 1.400786e+00 
-1.147343e+00 2.200876e+00 
1.727307e+00 1.921345e+00 
-2.712103e+00 1.465543e+00 
-3.192689e-01 2.436148e+00 
2.332487e+00 1.612099e+00 
-2.181789e+00 1.684584e+00 
5.494951e-01 2.395661e+00 
2.842379e+00 1.432463e+00 
-1.543586e+00 2.016028e+00 
1.350444e+00 2.110308e+00 
-2.969622e+00 1.410865e+00 
-7.741043e-01 2.336733e+00 
2.023508e+00 1.765453e+00 
-2.475978e+00 1.549406e+00 
8.635629e-02 2.455505e+00 
2.578128e+00 1.509764e+00 
-1.901072e+00 1.829743e+00 
9.356449e-01 2.283347e+00 
3.062504e+00 1.402310e+00 
-1.201619e+00 2.177677e+00 
1.679974e+00 1.946061e+00 
-2.746674e+00 1.455751e+00 
-3.801603e-01 2.427471e+00 
2.293599e+00 1.630248e+00 
-2.222117e+00 1.664655e+00 
4.894198e-01 2.408223e+00 
2.808464e+00 1.440053e+00 
-1.592813e+00 1.991030e+00 
1.297986e+00 2.134645e+00 
-3.002807e+00 1.407093e+00 
-8.321512e-01 2.318564e+00 
1.980424e+00 1.787973e+00 
-2.512735e+00 1.534610e+00 
2.479792e-02 2.456912e+00 
2.542057e+00 1.523226e+00 
-1.945275e+00 1.806440e+00 
8.785355e-01 2.303219e+00 
3.029467e+00 1.404636e+00 
-1.255257e+00 2.154005e+00 
1.631969e+00 1.970929e+00 
-2.780992e+00 1.446740e+00 
-4.407951e-01 2.417367e+00 
2.254213e+00 1.649050e+00 
-2.261916e+00 1.645341e+00 
4.290197e-01 2.419443e+00 
2.774333e+00 1.448432e+00 
-1.641362e+00 1.966082e+00 
1.244871e+00 2.158644e+00 
-3.035900e+00 1.404121e+00 
-8.896892e-01 2.299422e+00 
1.936724e+00 1.810942e+00 
-2.549104e+00 1.520548e+00 
-3.677763e-02 2.456761e+00 
2.505614e+00 1.537431e+00 
-1.988854e+00 1.783555e+00 
8.208965e-01 2.322177e+00 
2.996358e+00 1.407764e+00 
-1.308245e+00 2.129935e+00 
1.583288e+00 1.995892e+00 
-2.815078e+00 1.438515e+00 
-5.011349e-01 2.405882e+00 
2.214312e+00 1.668485e+00 
-2.301203e+00 1.626665e+00 
3.683319e-01 2.429272e+00 
2.739968e+00 1.457595e+00 
-1.689236e+00 1.941239e+00 
1.191108e+00 2.182230e+00 
-3.068925e+00 1.401951e+00 
-9.466928e-01 2.279381e+00 
1.892399e+00 1.834323e+00 
-2.585105e+00 1.507232e+00 
-9.832772e-02 2.455050e+00 
2.468780e+00 1.552370e+00 
-2.031820e+00 1.761127e+00 
7.627537e-01 2.340149e+00 
2.963154e+00 1.411692e+00 
-1.360574e+00 2.105540e+00 
1.533930e+00 2.020892e+00 
-2.848955e+00 1.431078e+00 
-5.611428e-01 2.393066e+00 
2.173879e+00 1.688531e+00 
-2.339996e+00 1.608645e+00 
3.073952e-01 2.437667e+00 
2.705346e+00 1.467539e+00 
-1.736439e+00 1.916558e+00 
1.136710e+00 2.205329e+00 
-3.101902e+00 1.400582e+00 
-1.003139e+00 2.258516e+00 
1.847435e+00 1.858075e+00 
-2.620758e+00 1.494668e+00 
-1.598098e-01 2.451788e+00 
2.431534e+00 1.568030e+00 
-2.074187e+00 1.739188e+00 
7.041348e-01 2.357064e+00 
2.929833e+00 1.416419e+00 
-1.412236e+00 2.080893e+00 
1.483893e+00 2.045866e+00 
-2.882643e+00 1.424434e+00 
-6.207831e-01 2.378973e+00 
2.132897e+00 1.709165e+00 
-2.378313e+00 1.591298e+00 
2.462490e-01 2.444590e+00 
2.670446e+00 1.478258e+00 
-1.782976e+00 1.892092e+00 
1.081691e+00 2.227864e+00 
-3.134853e+00 1.400017e+00 
-1.059006e+00 2.236904e+00 
1.801825e+00 1.882156e+00 
-2.656083e+00 1.482866e+00 
-2.211818e-01 2.446991e+00 
2.393856e+00 1.584400e+00 
-2.115969e+00 1.717770e+00 
6.450695e-01 2.372853e+00 
2.896376e+00 1.421944e+00 
-1.463226e+00 2.056062e+00 
1.433179e+00 2.070752e+00 
-2.916163e+00 1.418583e+00 
-6.800220e-01 2.363664e+00 
2.091351e+00 1.730361e+00 
-2.416172e+00 1.574642e+00 
1.849342e-01 2.450010e+00 
2.635249e+00 1.489747e+00 
-1.828854e+00 1.867889e+00 
1.026066e+00 2.249760e+00 
3.115385e+00 1.400254e+00 
-1.114275e+00 2.214621e+00 
1.755558e+00 1.906520e+00 
-2.691102e+00 1.471831e+00 
-2.824019e-01 2.440679e+00 
2.355729e+00 1.601466e+00 
-2.157180e+00 1.696903e+00 
5.855894e-01 2.387451e+00 
2.862759e+00 1.428264e+00 
-1.513540e+00 2.031116e+00 
1.381791e+00 2.095483e+00 
-2.949537e+00 1.413530e+00 
-7.388272e-01 2.347201e+00 
2.049225e+00 1.752090e+00 
-2.453592e+00 1.558690e+00 
1.234921e-01 2.453902e+00 
2.599732e+00 1.502000e+00 
-1.874081e+00 1.843997e+00 
9.698548e-01 2.270940e+00 
3.082421e+00 1.401294e+00 
-1.168929e+00 2.191743e+00 
1.708629e+00 1.931119e+00 
-2.725835e+00 1.461569e+00 
-3.434292e-01 2.432882e+00 
2.317133e+00 1.619212e+00 
-2.197836e+00 1.676614e+00 
5.257277e-01 2.400796e+00 
2.828962e+00 1.435377e+00 
-1.563177e+00 2.006119e+00 
1.329734e+00 2.119989e+00 
-2.982786e+00 1.409275e+00 
-7.971683e-01 2.329653e+00 
2.006506e+00 1.774322e+00 
-2.490593e+00 1.543455e+00 
6.196468e-02 2.456249e+00 
2.563876e+00 1.515010e+00 
-1.918666e+00 1.820460e+00 
9.130766e-01 2.291327e+00 
3.049418e+00 1.403136e+00 
-1.222953e+00 2.168347e+00 
1.661030e+00 1.955902e+00 
-2.760303e+00 1.452086e+00 
-4.042235e-01 2.423635e+00 
2.278050e+00 1.637622e+00 
-2.237952e+00 1.656926e+00 
4.655193e-01 2.412833e+00 
2.794964e+00 1.443280e+00 
-1.612135e+00 1.981134e+00 
1.277014e+00 2.144201e+00 
-3.015932e+00 1.405819e+00 
-8.550166e-01 2.311090e+00 
1.963179e+00 1.797024e+00 
-2.527194e+00 1.528949e+00 
3.944015e-04 2.457039e+00 
2.527660e+00 1.528768e+00 
-1.962620e+00 1.797318e+00 
8.557543e-01 2.310846e+00 
3.016356e+00 1.405780e+00 
-1.276335e+00 2.144509e+00 
1.612757e+00 1.980814e+00 
-2.794527e+00 1.443386e+00 
-4.647459e-01 2.412978e+00 
2.238463e+00 1.656678e+00 
-2.277546e+00 1.637862e+00 
4.050006e-01 2.423507e+00 
2.760743e+00 1.451970e+00 
-1.660416e+00 1.956220e+00 
1.223641e+00 2.168045e+00 
-3.048995e+00 1.403165e+00 
-9.123457e-01 2.291582e+00 
1.919233e+00 1.820161e+00 
-2.563414e+00 1.515181e+00 
-6.117615e-02 2.456269e+00 
2.491064e+00 1.543264e+00 
-2.005955e+00 1.774610e+00 
7.979125e-01 2.329422e+00 
2.983211e+00 1.409225e+00 
-1.329063e+00 2.120302e+00 
1.563808e+00 2.005799e+00 
-2.828528e+00 1.435473e+00 
-5.249585e-01 2.400959e+00 
2.198353e+00 1.676358e+00 
-2.316636e+00 1.619444e+00 
3.442095e-01 2.432773e+00 
2.726279e+00 1.461443e+00 
-1.708023e+00 1.931435e+00 
1.169625e+00 2.191447e+00 
-3.081999e+00 1.401312e+00 
-9.691310e-01 2.271206e+00 
1.874656e+00 1.843694e+00 
-2.599275e+00 1.502162e+00 
-1.227044e-01 2.453942e+00 
2.454069e+00 1.558490e+00 
-2.048682e+00 1.752372e+00 
7.395776e-01 2.346983e+00 
2.949964e+00 1.413470e+00 
-1.381128e+00 2.095798e+00 
1.514181e+00 2.030796e+00 
-2.862327e+00 1.428350e+00 
-5.848249e-01 2.387630e+00 
2.157704e+00 1.696640e+00 
-2.355238e+00 1.601689e+00 
2.831850e-01 2.440589e+00 
2.691549e+00 1.471695e+00 
-1.754961e+00 1.906834e+00 
1.114979e+00 2.214331e+00 
-3.114963e+00 1.400262e+00 
-1.025350e+00 2.250036e+00 
1.829437e+00 1.867581e+00 
-2.634796e+00 1.489900e+00 
-1.841479e-01 2.450070e+00 
2.416654e+00 1.574433e+00 
-2.090815e+00 1.730636e+00 
6.807781e-01 2.363460e+00 
2.916591e+00 1.418514e+00 
-1.432525e+00 2.071070e+00 
1.463875e+00 2.055743e+00 
-2.895946e+00 1.422020e+00 
-6.443101e-01 2.373048e+00 
2.116500e+00 1.717500e+00 
-2.393371e+00 1.584614e+00 
2.219671e-01 2.446919e+00 
2.656534e+00 1.482720e+00 
-1.801236e+00 1.882466e+00 
1.059718e+00 2.236623e+00 
3.135275e+00 1.400015e+00 
-1.080982e+00 2.228149e+00 
1.783568e+00 1.891780e+00 
-2.669997e+00 1.478400e+00 
-2.454646e-01 2.444669e+00 
2.378801e+00 1.591081e+00 
-2.132369e+00 1.709433e+00 
6.215446e-01 2.378784e+00 
2.883073e+00 1.424354e+00 
-1.483247e+00 2.046186e+00 
1.412894e+00 2.080576e+00 
-2.929406e+00 1.416485e+00 
-7.033809e-01 2.357274e+00 
2.074726e+00 1.738910e+00 
-2.431054e+00 1.568235e+00 
1.605968e-01 2.451737e+00 
2.621212e+00 1.494512e+00 
-1.846855e+00 1.858381e+00 
1.003858e+00 2.258244e+00 
3.102324e+00 1.400570e+00 
-1.136009e+00 2.205621e+00 
1.737039e+00 1.916243e+00 
-2.704901e+00 1.467671e+00 
-3.066131e-01 2.437765e+00 
2.340490e+00 1.608418e+00 
-2.173358e+00 1.688792e+00 
5.619092e-01 2.392893e+00 
2.849388e+00 1.430988e+00 
-1.533293e+00 2.021212e+00 
1.361240e+00 2.105226e+00 
-2.962728e+00 1.411748e+00 
-7.620057e-01 2.340373e+00 
2.032367e+00 1.760843e+00 
-2.468305e+00 1.552566e+00 
9.911582e-02 2.455018e+00 
2.585563e+00 1.507066e+00 
-1.891827e+00 1.834625e+00 
9.474194e-01 2.279118e+00 
3.069347e+00 1.401928e+00 
-1.190416e+00 2.182529e+00 
1.689845e+00 1.940922e+00 
-2.739526e+00 1.457718e+00 
-3.675528e-01 2.429389e+00 
2.301703e+00 1.626430e+00 
-2.213798e+00 1.668738e+00 
5.019058e-01 2.405726e+00 
2.815514e+00 1.438415e+00 
-1.582660e+00 1.996212e+00 
1.308919e+00 2.129624e+00 
-2.995933e+00 1.407810e+00 
-8.201548e-01 2.322414e+00 
1.989408e+00 1.783265e+00 
-2.505145e+00 1.537618e+00 
3.756634e-02 2.456748e+00 
2.549567e+00 1.520373e+00 
-1.936161e+00 1.811239e+00 
8.904228e-01 2.299170e+00 
3.036324e+00 1.404088e+00 
-1.244186e+00 2.158949e+00 
1.641980e+00 1.965762e+00 
-2.773895e+00 1.448545e+00 
-4.282440e-01 2.419577e+00 
2.262423e+00 1.645098e+00 
-2.253705e+00 1.649295e+00 
4.415700e-01 2.417229e+00 
2.781430e+00 1.446630e+00 
-1.631350e+00 1.971248e+00 
1.255939e+00 2.153699e+00 
-3.029044e+00 1.404671e+00 
-8.778004e-01 2.303467e+00 
1.945838e+00 1.806144e+00 
-2.541593e+00 1.523403e+00 
-2.400916e-02 2.456920e+00 
2.513203e+00 1.534425e+00 
-1.979868e+00 1.788265e+00 
8.328916e-01 2.318324e+00 
3.003231e+00 1.407050e+00 
-1.297310e+00 2.134955e+00 
1.593439e+00 1.990710e+00 
-2.808028e+00 1.440156e+00 
-4.886481e-01 2.408375e+00 
2.222630e+00 1.664404e+00 
-2.293097e+00 1.630485e+00 
3.809387e-01 2.427350e+00 
2.747115e+00 1.455631e+00 
-1.679364e+00 1.946379e+00 
1.202310e+00 2.177376e+00 
-3.062081e+00 1.402335e+00 
-9.349168e-01 2.283607e+00 
1.901643e+00 1.829442e+00 
-2.577668e+00 1.509932e+00 
-8.556802e-02 2.455532e+00 
2.476451e+00 1.549212e+00 
-2.022960e+00 1.765739e+00 
7.748510e-01 2.336507e+00 
2.970048e+00 1.410812e+00 
-1.349777e+00 2.110622e+00 
1.544221e+00 2.015707e+00 
-2.841946e+00 1.432555e+00 
-5.487278e-01 2.395830e+00 
2.182309e+00 1.684325e+00 
-2.331992e+00 1.612327e+00 
3.200504e-01 2.436046e+00 
2.712548e+00 1.465413e+00 
-1.726705e+00 1.921661e+00 
1.148043e+00 2.200582e+00 
-3.095066e+00 1.400800e+00 
-9.914802e-01 2.262907e+00 
1.856812e+00 1.853121e+00 
-2.613392e+00 1.497211e+00 
-1.470677e-01 2.452592e+00 
2.439292e+00 1.564724e+00 
-2.065450e+00 1.743696e+00 
7.163285e-01 2.353647e+00 
2.936754e+00 1.415374e+00 
-1.401578e+00 2.086021e+00 
1.494325e+00 2.040692e+00 
-2.875671e+00 1.425746e+00 
-6.084472e-01 2.381997e+00 
2.141442e+00 1.704839e+00 
-2.370405e+00 1.594839e+00 
2.589444e-01 2.443277e+00 
2.677707e+00 1.475972e+00 
-1.773380e+00 1.897146e+00 
1.093151e+00 2.223241e+00 
-3.128021e+00 1.400068e+00 
-1.047469e+00 2.241443e+00 
1.811337e+00 1.877137e+00 
-2.648784e+00 1.485251e+00 
-2.084660e-01 2.448111e+00 
2.401706e+00 1.580947e+00 
-2.107352e+00 1.722168e+00 
6.573533e-01 2.369675e+00 
2.903326e+00 1.420733e+00 
-1.452708e+00 2.061223e+00 
1.443751e+00 2.065602e+00 
-2.909225e+00 1.419731e+00 
-6.677720e-01 2.366935e+00 
2.100014e+00 1.725921e+00 
-2.408358e+00 1.578039e+00 
1.976611e-01 2.449011e+00 
2.642573e+00 1.487302e+00 
-1.819394e+00 1.872884e+00 
1.037650e+00 2.245276e+00 
3.122218e+00 1.400139e+00 
-1.102864e+00 2.219293e+00 
1.765207e+00 1.901446e+00 
-2.683864e+00 1.474056e+00 
-2.697210e-01 2.442111e+00 
2.363674e+00 1.597870e+00 
-2.148680e+00 1.701184e+00 
5.979565e-01 2.384525e+00 
2.869744e+00 1.426888e+00 
-1.503162e+00 2.036295e+00 
1.392503e+00 2.090371e+00 
-2.942627e+00 1.414512e+00 
-7.266697e-01 2.350707e+00 
2.058009e+00 1.747542e+00 
-2.445867e+00 1.561939e+00 
1.362420e-01 2.453222e+00 
2.607124e+00 1.499397e+00 
-1.864755e+00 1.848924e+00 
9.815588e-01 2.266610e+00 
3.089259e+00 1.401012e+00 
-1.157646e+00 2.196533e+00 
1.718415e+00 1.926001e+00 
-2.718655e+00 1.463634e+00 
-3.307915e-01 2.434619e+00 
2.325176e+00 1.615477e+00 
-2.189449e+00 1.680773e+00 
5.381711e-01 2.398135e+00 
2.835987e+00 1.433837e+00 
-1.552939e+00 2.011304e+00 
1.340584e+00 2.114929e+00 
-2.975900e+00 1.410091e+00 
-7.851094e-01 2.333378e+00 
2.015414e+00 1.769672e+00 
-2.482954e+00 1.546555e+00 
7.472879e-02 2.455890e+00 
2.571340e+00 1.512250e+00 
-1.909473e+00 1.825310e+00 
9.248964e-01 2.287168e+00 
3.056267e+00 1.402688e+00 
-1.211802e+00 2.173238e+00 
1.670956e+00 1.950750e+00 
-2.753176e+00 1.453989e+00 
-3.916374e-01 2.425670e+00 
2.286196e+00 1.633751e+00 
-2.229677e+00 1.660958e+00 
4.780316e-01 2.410447e+00 
2.802032e+00 1.441576e+00 
-1.602038e+00 1.986311e+00 
1.288001e+00 2.139208e+00 
-3.009065e+00 1.406470e+00 
-8.430622e-01 2.315019e+00 
1.972215e+00 1.792280e+00 
-2.519636e+00 1.531896e+00 
1.316390e-02 2.457003e+00 
2.535201e+00 1.525853e+00 
-1.953557e+00 1.802083e+00 
8.676850e-01 2.306873e+00 
3.023218e+00 1.405166e+00 
-1.265318e+00 2.149485e+00 
1.622823e+00 1.975640e+00 
-2.787449e+00 1.445126e+00 
-4.522194e-01 2.415301e+00 
2.246714e+00 1.652674e+00 
-2.269378e+00 1.641763e+00 
4.175743e-01 2.421408e+00 
2.767859e+00 1.450103e+00 
-1.650459e+00 1.961378e+00 
1.234763e+00 2.163134e+00 
-3.042144e+00 1.403650e+00 
-9.005011e-01 2.295702e+00 
1.928398e+00 1.815329e+00 
-2.555933e+00 1.517975e+00 
-4.841010e-02 2.456557e+00 
2.498685e+00 1.540198e+00 
-1.997019e+00 1.779282e+00 
8.099488e-01 2.325651e+00 
2.990092e+00 1.408445e+00 
-1.318182e+00 2.125348e+00 
1.574015e+00 2.000614e+00 
-2.821495e+00 1.437049e+00 
-5.124993e-01 2.403561e+00 
2.206714e+00 1.672226e+00 
-2.308570e+00 1.623209e+00 
3.568365e-01 2.430969e+00 
2.733447e+00 1.459414e+00 
-1.698206e+00 1.936562e+00 
1.180879e+00 2.186634e+00 
-3.075158e+00 1.401631e+00 
-9.574010e-01 2.275499e+00 
1.883952e+00 1.838783e+00 
-2.591867e+00 1.504800e+00 
-1.099506e-01 2.454552e+00 
2.461775e+00 1.555273e+00 
-2.039871e+00 1.756943e+00 
7.517139e-01 2.343428e+00 
2.956868e+00 1.412524e+00 
-1.370386e+00 2.100901e+00 
1.524528e+00 2.025614e+00 
-2.855334e+00 1.429762e+00 
-5.724404e-01 2.390499e+00 
2.166179e+00 1.692386e+00 
-2.347272e+00 1.605315e+00 
2.958571e-01 2.439089e+00 
2.698774e+00 1.469505e+00 
-1.745282e+00 1.911918e+00 
1.126362e+00 2.209632e+00 
-3.108129e+00 1.400414e+00 
-1.013739e+00 2.254488e+00 
1.838868e+00 1.862601e+00 
-2.627456e+00 1.492380e+00 
-1.714151e-01 2.450999e+00 
2.424448e+00 1.571069e+00 
-2.082126e+00 1.735100e+00 
6.930083e-01 2.360136e+00 
2.923523e+00 1.417402e+00 
-1.421922e+00 2.076213e+00 
1.474363e+00 2.050577e+00 
-2.888988e+00 1.423267e+00 
-6.320074e-01 2.376172e+00 
2.125091e+00 1.713128e+00 
-2.385501e+00 1.588098e+00 
2.346759e-01 2.445730e+00 
2.663820e+00 1.480370e+00 
-1.791694e+00 1.887497e+00 
1.071227e+00 2.232052e+00 
-3.141078e+00 1.400000e+00 
-1.069495e+00 2.232743e+00 
1.793134e+00 1.886739e+00 
-2.662723e+00 1.480722e+00 
-2.327616e-01 2.445914e+00 
2.386688e+00 1.587571e+00 
-2.123798e+00 1.713785e+00 
6.338622e-01 2.375704e+00 
2.890037e+00 1.423077e+00 
-1.472784e+00 2.051356e+00 
1.423521e+00 2.075439e+00 
-2.922479e+00 1.417567e+00 
-6.911668e-01 2.360640e+00 
2.083437e+00 1.734426e+00 
-2.423275e+00 1.571574e+00 
1.733339e-01 2.450863e+00 
2.628563e+00 1.492004e+00 
-1.837449e+00 1.863350e+00 
1.015490e+00 2.253819e+00 
