 0.000000e+00 0.000000e+00
1.000000e-01  4.462908e-04
2.000000e-01  1.741047e-03
3.000000e-01  3.754753e-03
4.000000e-01  6.280802e-03
5.000000e-01  9.048700e-03
6.000000e-01  1.174126e-02
7.000000e-01  1.401467e-02
8.000000e-01  1.552010e-02
9.000000e-01  1.592556e-02
1.000000e+00  1.493666e-02
1.100000e+00  1.231519e-02
1.200000e+00  7.894405e-03
1.300000e+00  1.590362e-03
1.400000e+00  -6.591288e-03
1.500000e+00  -1.655333e-02
1.600000e+00  -2.810986e-02
1.700000e+00  -4.099392e-02
1.800000e+00  -5.486934e-02
1.900000e+00  -6.934654e-02
2.000000e+00  -8.400119e-02
2.100000e+00  -9.839529e-02
2.200000e+00  -1.120993e-01
2.300000e+00  -1.247148e-01
2.400000e+00  -1.358960e-01
2.500000e+00  -1.453691e-01
2.600000e+00  -1.529494e-01
2.700000e+00  -1.585534e-01
2.800000e+00  -1.622062e-01
2.900000e+00  -1.640439e-01
3.000000e+00  -1.643090e-01
3.100000e+00  -1.633400e-01
3.200000e+00  -1.615554e-01
3.300000e+00  -1.594320e-01
3.400000e+00  -1.574790e-01
3.500000e+00  -1.562098e-01
3.600000e+00  -1.561118e-01
3.700000e+00  -1.576171e-01
3.800000e+00  -1.610761e-01
3.900000e+00  -1.667349e-01
4.000000e+00  -1.747176e-01
4.100000e+00  -1.850164e-01
4.200000e+00  -1.974882e-01
4.300000e+00  -2.118584e-01
4.400000e+00  -2.277323e-01
4.500000e+00  -2.446123e-01
4.600000e+00  -2.619206e-01
4.700000e+00  -2.790263e-01
4.800000e+00  -2.952741e-01
4.900000e+00  -3.100153e-01
5.000000e+00  -3.226383e-01
5.100000e+00  -3.325966e-01
5.200000e+00  -3.394356e-01
5.300000e+00  -3.428138e-01
5.400000e+00  -3.425205e-01
5.500000e+00  -3.384874e-01
5.600000e+00  -3.307934e-01
5.700000e+00  -3.196645e-01
5.800000e+00  -3.054657e-01
5.900000e+00  -2.886870e-01
6.000000e+00  -2.699234e-01
6.100000e+00  -2.498495e-01
6.200000e+00  -2.291888e-01
6.300000e+00  -2.086807e-01
6.400000e+00  -1.890447e-01
6.500000e+00  -1.709449e-01
6.600000e+00  -1.549552e-01
6.700000e+00  -1.415290e-01
6.800000e+00  -1.309735e-01
6.900000e+00  -1.234313e-01
7.000000e+00  -1.188702e-01
7.100000e+00  -1.170825e-01
7.200000e+00  -1.176942e-01
7.300000e+00  -1.201830e-01
7.400000e+00  -1.239052e-01
7.500000e+00  -1.281288e-01
7.600000e+00  -1.320722e-01
7.700000e+00  -1.349449e-01
7.800000e+00  -1.359878e-01
7.900000e+00  -1.345124e-01
8.000000e+00  -1.299347e-01
8.100000e+00  -1.218037e-01
8.200000e+00  -1.098227e-01
8.300000e+00  -9.386279e-02
8.400000e+00  -7.396802e-02
8.500000e+00  -5.035270e-02
8.600000e+00  -2.339102e-02
8.700000e+00  6.400191e-03
8.800000e+00  3.838461e-02
8.900000e+00  7.183448e-02
9.000000e+00  1.059623e-01
9.100000e+00  1.399549e-01
9.200000e+00  1.730082e-01
9.300000e+00  2.043624e-01
9.400000e+00  2.333345e-01
9.500000e+00  2.593486e-01
9.600000e+00  2.819613e-01
9.700000e+00  3.008815e-01
9.800000e+00  3.159845e-01
9.900000e+00  3.273174e-01
1.000000e+01  3.350968e-01
1.010000e+01  3.396991e-01
1.020000e+01  3.416407e-01
1.030000e+01  3.415523e-01
1.040000e+01  3.401454e-01
1.050000e+01  3.381749e-01
1.060000e+01  3.363975e-01
1.070000e+01  3.355312e-01
1.080000e+01  3.362157e-01
1.090000e+01  3.389779e-01
1.100000e+01  3.442042e-01
1.110000e+01  3.521209e-01
1.120000e+01  3.627851e-01
1.130000e+01  3.760845e-01
1.140000e+01  3.917471e-01
1.150000e+01  4.093599e-01
1.160000e+01  4.283932e-01
1.170000e+01  4.482319e-01
1.180000e+01  4.682082e-01
1.190000e+01  4.876367e-01
1.200000e+01  5.058485e-01
1.210000e+01  5.222230e-01
1.220000e+01  5.362164e-01
1.230000e+01  5.473858e-01
1.240000e+01  5.554069e-01
1.250000e+01  5.600871e-01
1.260000e+01  5.613713e-01
1.270000e+01  5.593419e-01
1.280000e+01  5.542126e-01
1.290000e+01  5.463161e-01
1.300000e+01  5.360871e-01
1.310000e+01  5.240399e-01
1.320000e+01  5.107430e-01
1.330000e+01  4.967907e-01
1.340000e+01  4.827734e-01
1.350000e+01  4.692478e-01
1.360000e+01  4.567083e-01
1.370000e+01  4.455618e-01
1.380000e+01  4.361062e-01
1.390000e+01  4.285154e-01
1.400000e+01  4.228312e-01
1.410000e+01  4.189627e-01
1.420000e+01  4.166945e-01
1.430000e+01  4.157031e-01
1.440000e+01  4.155795e-01
1.450000e+01  4.158585e-01
1.460000e+01  4.160515e-01
1.470000e+01  4.156803e-01
1.480000e+01  4.143103e-01
1.490000e+01  4.115798e-01
1.500000e+01  4.072246e-01
1.510000e+01  4.010951e-01
1.520000e+01  3.931666e-01
1.530000e+01  3.835413e-01
1.540000e+01  3.724428e-01
1.550000e+01  3.602040e-01
1.560000e+01  3.472489e-01
1.570000e+01  3.340705e-01
1.580000e+01  3.212046e-01
1.590000e+01  3.092025e-01
1.600000e+01  2.986030e-01
1.610000e+01  2.899047e-01
1.620000e+01  2.835412e-01
1.630000e+01  2.798580e-01
1.640000e+01  2.790944e-01
1.650000e+01  2.813695e-01
1.660000e+01  2.866738e-01
1.670000e+01  2.948663e-01
1.680000e+01  3.056784e-01
1.690000e+01  3.187236e-01
1.700000e+01  3.335137e-01
1.710000e+01  3.494805e-01
1.720000e+01  3.660039e-01
1.730000e+01  3.824425e-01
1.740000e+01  3.981693e-01
1.750000e+01  4.126069e-01
1.760000e+01  4.252636e-01
1.770000e+01  4.357659e-01
1.780000e+01  4.438861e-01
1.790000e+01  4.495625e-01
1.800000e+01  4.529102e-01
1.810000e+01  4.542211e-01
1.820000e+01  4.539528e-01
1.830000e+01  4.527059e-01
1.840000e+01  4.511920e-01
1.850000e+01  4.501940e-01
1.860000e+01  4.505220e-01
1.870000e+01  4.529665e-01
1.880000e+01  4.582545e-01
1.890000e+01  4.670082e-01
1.900000e+01  4.797112e-01
1.910000e+01  4.966819e-01
1.920000e+01  5.180557e-01
1.930000e+01  5.437769e-01
1.940000e+01  5.735990e-01
1.950000e+01  6.070936e-01
1.960000e+01  6.436669e-01
1.970000e+01  6.825832e-01
1.980000e+01  7.229934e-01
1.990000e+01  7.639680e-01
2.000000e+01  8.045338e-01
2.010000e+01  8.437113e-01
2.020000e+01  8.805538e-01
2.030000e+01  9.141853e-01
2.040000e+01  9.438365e-01
2.050000e+01  9.688774e-01
2.060000e+01  9.888461e-01
2.070000e+01  1.003471e+00
2.080000e+01  1.012688e+00
2.090000e+01  1.016645e+00
2.100000e+01  1.015707e+00
2.110000e+01  1.010441e+00
2.120000e+01  1.001599e+00
2.130000e+01  9.900842e-01
2.140000e+01  9.769174e-01
2.150000e+01  9.631856e-01
2.160000e+01  9.499894e-01
2.170000e+01  9.383864e-01
2.180000e+01  9.293335e-01
2.190000e+01  9.236329e-01
2.200000e+01  9.218856e-01
2.210000e+01  9.244561e-01
2.220000e+01  9.314500e-01
2.230000e+01  9.427078e-01
2.240000e+01  9.578138e-01
2.250000e+01  9.761198e-01
2.260000e+01  9.967816e-01
2.270000e+01  1.018805e+00
2.280000e+01  1.041097e+00
2.290000e+01  1.062521e+00
2.300000e+01  1.081954e+00
2.310000e+01  1.098332e+00
2.320000e+01  1.110700e+00
2.330000e+01  1.118253e+00
2.340000e+01  1.120361e+00
2.350000e+01  1.116599e+00
2.360000e+01  1.106753e+00
2.370000e+01  1.090831e+00
2.380000e+01  1.069059e+00
2.390000e+01  1.041865e+00
2.400000e+01  1.009867e+00
2.410000e+01  9.738404e-01
2.420000e+01  9.346933e-01
2.430000e+01  8.934279e-01
2.440000e+01  8.511017e-01
2.450000e+01  8.087872e-01
2.460000e+01  7.675285e-01
2.470000e+01  7.283004e-01
2.480000e+01  6.919680e-01
2.490000e+01  6.592508e-01
2.500000e+01  6.306919e-01
2.510000e+01  6.066336e-01
2.520000e+01  5.872024e-01
2.530000e+01  5.723034e-01
2.540000e+01  5.616254e-01
2.550000e+01  5.546584e-01
2.560000e+01  5.507207e-01
2.570000e+01  5.489979e-01
2.580000e+01  5.485881e-01
2.590000e+01  5.485543e-01
2.600000e+01  5.479768e-01
2.610000e+01  5.460054e-01
2.620000e+01  5.419054e-01
2.630000e+01  5.350957e-01
2.640000e+01  5.251761e-01
2.650000e+01  5.119430e-01
2.660000e+01  4.953934e-01
2.670000e+01  4.757169e-01
2.680000e+01  4.532785e-01
2.690000e+01  4.285929e-01
2.700000e+01  4.022931e-01
2.710000e+01  3.750946e-01
2.720000e+01  3.477583e-01
2.730000e+01  3.210533e-01
2.740000e+01  2.957209e-01
2.750000e+01  2.724423e-01
2.760000e+01  2.518100e-01
2.770000e+01  2.343042e-01
2.780000e+01  2.202752e-01
2.790000e+01  2.099317e-01
2.800000e+01  2.033355e-01
2.810000e+01  2.004024e-01
2.820000e+01  2.009098e-01
2.830000e+01  2.045102e-01
2.840000e+01  2.107494e-01
2.850000e+01  2.190905e-01
2.860000e+01  2.289410e-01
2.870000e+01  2.396829e-01
2.880000e+01  2.507042e-01
2.890000e+01  2.614302e-01
2.900000e+01  2.713533e-01
2.910000e+01  2.800594e-01
2.920000e+01  2.872487e-01
2.930000e+01  2.927507e-01
2.940000e+01  2.965307e-01
2.950000e+01  2.986884e-01
2.960000e+01  2.994472e-01
2.970000e+01  2.991362e-01
2.980000e+01  2.981649e-01
2.990000e+01  2.969928e-01
3.000000e+01  2.960972e-01
3.010000e+01  2.959392e-01
3.020000e+01  2.969330e-01
3.030000e+01  2.994185e-01
3.040000e+01  3.036397e-01
3.050000e+01  3.097293e-01
3.060000e+01  3.177014e-01
3.070000e+01  3.274508e-01
3.080000e+01  3.387590e-01
3.090000e+01  3.513069e-01
3.100000e+01  3.646921e-01
3.110000e+01  3.784507e-01
3.120000e+01  3.920814e-01
3.130000e+01  4.050717e-01
3.140000e+01  4.169244e-01
3.150000e+01  4.271826e-01
3.160000e+01  4.354537e-01
3.170000e+01  4.414298e-01
3.180000e+01  4.449044e-01
3.190000e+01  4.457844e-01
3.200000e+01  4.440963e-01
3.210000e+01  4.399873e-01
3.220000e+01  4.337196e-01
3.230000e+01  4.256591e-01
3.240000e+01  4.162572e-01
3.250000e+01  4.060289e-01
3.260000e+01  3.955247e-01
3.270000e+01  3.853005e-01
3.280000e+01  3.758854e-01
3.290000e+01  3.677499e-01
3.300000e+01  3.612761e-01
3.310000e+01  3.567327e-01
3.320000e+01  3.542553e-01
3.330000e+01  3.538350e-01
3.340000e+01  3.553155e-01
3.350000e+01  3.583990e-01
3.360000e+01  3.626606e-01
3.370000e+01  3.675715e-01
3.380000e+01  3.725269e-01
3.390000e+01  3.768793e-01
3.400000e+01  3.799740e-01
3.410000e+01  3.811836e-01
3.420000e+01  3.799422e-01
3.430000e+01  3.757746e-01
3.440000e+01  3.683217e-01
3.450000e+01  3.573583e-01
3.460000e+01  3.428058e-01
3.470000e+01  3.247372e-01
3.480000e+01  3.033744e-01
3.490000e+01  2.790802e-01
3.500000e+01  2.523427e-01
3.510000e+01  2.237548e-01
3.520000e+01  1.939890e-01
3.530000e+01  1.637684e-01
3.540000e+01  1.338351e-01
3.550000e+01  1.049174e-01
3.560000e+01  7.769737e-02
3.570000e+01  5.277877e-02
3.580000e+01  3.065908e-02
3.590000e+01  1.170484e-02
3.600000e+01  -3.867194e-03
3.610000e+01  -1.600234e-02
3.620000e+01  -2.481259e-02
3.630000e+01  -3.057302e-02
3.640000e+01  -3.370971e-02
3.650000e+01  -3.477941e-02
3.660000e+01  -3.444182e-02
3.670000e+01  -3.342562e-02
3.680000e+01  -3.249021e-02
3.690000e+01  -3.238524e-02
3.700000e+01  -3.381032e-02
3.710000e+01  -3.737745e-02
3.720000e+01  -4.357830e-02
3.730000e+01  -5.275835e-02
3.740000e+01  -6.509924e-02
3.750000e+01  -8.061014e-02
3.760000e+01  -9.912839e-02
3.770000e+01  -1.203289e-01
3.780000e+01  -1.437417e-01
3.790000e+01  -1.687759e-01
3.800000e+01  -1.947493e-01
3.810000e+01  -2.209211e-01
3.820000e+01  -2.465266e-01
3.830000e+01  -2.708124e-01
3.840000e+01  -2.930701e-01
3.850000e+01  -3.126670e-01
3.860000e+01  -3.290734e-01
3.870000e+01  -3.418848e-01
3.880000e+01  -3.508384e-01
3.890000e+01  -3.558232e-01
3.900000e+01  -3.568839e-01
3.910000e+01  -3.542176e-01
3.920000e+01  -3.481641e-01
3.930000e+01  -3.391897e-01
3.940000e+01  -3.278656e-01
3.950000e+01  -3.148410e-01
3.960000e+01  -3.008126e-01
3.970000e+01  -2.864919e-01
3.980000e+01  -2.725709e-01
3.990000e+01  -2.596890e-01
4.000000e+01  -2.484022e-01
4.010000e+01  -2.391561e-01
4.020000e+01  -2.322655e-01
4.030000e+01  -2.278995e-01
4.040000e+01  -2.260757e-01
4.050000e+01  -2.266622e-01
4.060000e+01  -2.293876e-01
4.070000e+01  -2.338583e-01
4.080000e+01  -2.395829e-01
4.090000e+01  -2.460007e-01
4.100000e+01  -2.525131e-01
4.110000e+01  -2.585166e-01
4.120000e+01  -2.634345e-01
4.130000e+01  -2.667462e-01
4.140000e+01  -2.680125e-01
4.150000e+01  -2.668960e-01
4.160000e+01  -2.631750e-01
4.170000e+01  -2.567518e-01
4.180000e+01  -2.476542e-01
4.190000e+01  -2.360310e-01
4.200000e+01  -2.221420e-01
4.210000e+01  -2.063431e-01
4.220000e+01  -1.890671e-01
4.230000e+01  -1.708020e-01
4.240000e+01  -1.520664e-01
4.250000e+01  -1.333853e-01
4.260000e+01  -1.152650e-01
4.270000e+01  -9.816961e-02
4.280000e+01  -8.250071e-02
4.290000e+01  -6.857914e-02
4.300000e+01  -5.663177e-02
4.310000e+01  -4.678279e-02
4.320000e+01  -3.905042e-02
4.330000e+01  -3.334905e-02
4.340000e+01  -2.949696e-02
4.350000e+01  -2.722919e-02
4.360000e+01  -2.621496e-02
4.370000e+01  -2.607862e-02
4.380000e+01  -2.642310e-02
4.390000e+01  -2.685427e-02
4.400000e+01  -2.700490e-02
4.410000e+01  -2.655659e-02
4.420000e+01  -2.525840e-02
4.430000e+01  -2.294096e-02
4.440000e+01  -1.952531e-02
4.450000e+01  -1.502597e-02
4.460000e+01  -9.548200e-03
4.470000e+01  -3.279822e-03
4.480000e+01  3.521734e-03
4.490000e+01  1.054622e-02
4.500000e+01  1.745008e-02
4.510000e+01  2.387737e-02
4.520000e+01  2.948105e-02
4.530000e+01  3.394320e-02
4.540000e+01  3.699339e-02
4.550000e+01  3.842404e-02
4.560000e+01  3.810220e-02
4.570000e+01  3.597722e-02
4.580000e+01  3.208389e-02
4.590000e+01  2.654102e-02
4.600000e+01  1.954545e-02
4.610000e+01  1.136191e-02
4.620000e+01  2.309025e-03
4.630000e+01  -7.257787e-03
4.640000e+01  -1.696575e-02
4.650000e+01  -2.644558e-02
4.660000e+01  -3.535268e-02
4.670000e+01  -4.338754e-02
4.680000e+01  -5.031418e-02
4.690000e+01  -5.597554e-02
4.700000e+01  -6.030469e-02
4.710000e+01  -6.333112e-02
4.720000e+01  -6.518130e-02
4.730000e+01  -6.607343e-02
4.740000e+01  -6.630624e-02
4.750000e+01  -6.624252e-02
4.760000e+01  -6.628805e-02
4.770000e+01  -6.686732e-02
4.780000e+01  -6.839737e-02
4.790000e+01  -7.126158e-02
4.800000e+01  -7.578486e-02
4.810000e+01  -8.221192e-02
4.820000e+01  -9.068994e-02
4.830000e+01  -1.012566e-01
4.840000e+01  -1.138341e-01
4.850000e+01  -1.282297e-01
4.860000e+01  -1.441419e-01
4.870000e+01  -1.611731e-01
4.880000e+01  -1.788467e-01
4.890000e+01  -1.966285e-01
4.900000e+01  -2.139517e-01
4.910000e+01  -2.302423e-01
4.920000e+01  -2.449472e-01
4.930000e+01  -2.575599e-01
4.940000e+01  -2.676460e-01
4.950000e+01  -2.748646e-01
4.960000e+01  -2.789872e-01
4.970000e+01  -2.799105e-01
4.980000e+01  -2.776651e-01
4.990000e+01  -2.724171e-01
5.000000e+01  -2.644641e-01
5.010000e+01  -2.542242e-01
5.020000e+01  -2.422190e-01
5.030000e+01  -2.290502e-01
5.040000e+01  -2.153722e-01
5.050000e+01  -2.018592e-01
5.060000e+01  -1.891714e-01
5.070000e+01  -1.779195e-01
5.080000e+01  -1.686307e-01
5.090000e+01  -1.617182e-01
5.100000e+01  -1.574557e-01
5.110000e+01  -1.559589e-01
5.120000e+01  -1.571756e-01
5.130000e+01  -1.608851e-01
5.140000e+01  -1.667067e-01
5.150000e+01  -1.741175e-01
5.160000e+01  -1.824781e-01
5.170000e+01  -1.910648e-01
5.180000e+01  -1.991058e-01
5.190000e+01  -2.058201e-01
5.200000e+01  -2.104565e-01
5.210000e+01  -2.123305e-01
5.220000e+01  -2.108572e-01
5.230000e+01  -2.055798e-01
5.240000e+01  -1.961910e-01
5.250000e+01  -1.825474e-01
5.260000e+01  -1.646770e-01
5.270000e+01  -1.427782e-01
5.280000e+01  -1.172124e-01
5.290000e+01  -8.848900e-02
5.300000e+01  -5.724396e-02
5.310000e+01  -2.421374e-02
5.320000e+01  9.795927e-03
5.330000e+01  4.394427e-02
5.340000e+01  7.739171e-02
5.350000e+01  1.093367e-01
5.360000e+01  1.390516e-01
5.370000e+01  1.659165e-01
5.380000e+01  1.894483e-01
5.390000e+01  2.093247e-01
5.400000e+01  2.254017e-01
5.410000e+01  2.377215e-01
5.420000e+01  2.465127e-01
5.430000e+01  2.521803e-01
5.440000e+01  2.552855e-01
5.450000e+01  2.565177e-01
5.460000e+01  2.566583e-01
5.470000e+01  2.565386e-01
5.480000e+01  2.569947e-01
5.490000e+01  2.588222e-01
5.500000e+01  2.627329e-01
5.510000e+01  2.693168e-01
5.520000e+01  2.790114e-01
5.530000e+01  2.920800e-01
5.540000e+01  3.086003e-01
5.550000e+01  3.284630e-01
5.560000e+01  3.513801e-01
5.570000e+01  3.769024e-01
5.580000e+01  4.044439e-01
5.590000e+01  4.333122e-01
5.600000e+01  4.627428e-01
5.610000e+01  4.919350e-01
5.620000e+01  5.200889e-01
5.630000e+01  5.464409e-01
5.640000e+01  5.702961e-01
5.650000e+01  5.910582e-01
5.660000e+01  6.082529e-01
5.670000e+01  6.215475e-01
5.680000e+01  6.307627e-01
5.690000e+01  6.358790e-01
5.700000e+01  6.370355e-01
5.710000e+01  6.345222e-01
5.720000e+01  6.287656e-01
5.730000e+01  6.203079e-01
5.740000e+01  6.097814e-01
5.750000e+01  5.978770e-01
5.760000e+01  5.853110e-01
5.770000e+01  5.727888e-01
5.780000e+01  5.609692e-01
5.790000e+01  5.504304e-01
5.800000e+01  5.416400e-01
5.810000e+01  5.349307e-01
5.820000e+01  5.304840e-01
5.830000e+01  5.283223e-01
5.840000e+01  5.283115e-01
5.850000e+01  5.301724e-01
5.860000e+01  5.335023e-01
5.870000e+01  5.378025e-01
5.880000e+01  5.425123e-01
5.890000e+01  5.470455e-01
5.900000e+01  5.508273e-01
5.910000e+01  5.533288e-01
5.920000e+01  5.540974e-01
5.930000e+01  5.527819e-01
5.940000e+01  5.491504e-01
5.950000e+01  5.431002e-01
5.960000e+01  5.346617e-01
5.970000e+01  5.239939e-01
5.980000e+01  5.113741e-01
5.990000e+01  4.971820e-01
6.000000e+01  4.818791e-01
6.010000e+01  4.659845e-01
6.020000e+01  4.500492e-01
6.030000e+01  4.346280e-01
6.040000e+01  4.202528e-01
6.050000e+01  4.074060e-01
6.060000e+01  3.964974e-01
6.070000e+01  3.878430e-01
6.080000e+01  3.816492e-01
6.090000e+01  3.780018e-01
6.100000e+01  3.768606e-01
6.110000e+01  3.780607e-01
6.120000e+01  3.813201e-01
6.130000e+01  3.862545e-01
6.140000e+01  3.923979e-01
6.150000e+01  3.992296e-01
6.160000e+01  4.062055e-01
6.170000e+01  4.127916e-01
6.180000e+01  4.185004e-01
6.190000e+01  4.229238e-01
6.200000e+01  4.257638e-01
6.210000e+01  4.268563e-01
6.220000e+01  4.261866e-01
6.230000e+01  4.238956e-01
6.240000e+01  4.202753e-01
6.250000e+01  4.157540e-01
6.260000e+01  4.108732e-01
6.270000e+01  4.062565e-01
6.280000e+01  4.025742e-01
6.290000e+01  4.005052e-01
6.300000e+01  4.006987e-01
6.310000e+01  4.037387e-01
6.320000e+01  4.101120e-01
6.330000e+01  4.201817e-01
6.340000e+01  4.341672e-01
6.350000e+01  4.521313e-01
6.360000e+01  4.739744e-01
6.370000e+01  4.994358e-01
6.380000e+01  5.281018e-01
6.390000e+01  5.594207e-01
6.400000e+01  5.927230e-01
6.410000e+01  6.272473e-01
6.420000e+01  6.621695e-01
6.430000e+01  6.966361e-01
6.440000e+01  7.297989e-01
6.450000e+01  7.608509e-01
6.460000e+01  7.890619e-01
6.470000e+01  8.138120e-01
6.480000e+01  8.346224e-01
6.490000e+01  8.511814e-01
6.500000e+01  8.633642e-01
6.510000e+01  8.712456e-01
6.520000e+01  8.751033e-01
6.530000e+01  8.754117e-01
6.540000e+01  8.728254e-01
6.550000e+01  8.681511e-01
6.560000e+01  8.623104e-01
6.570000e+01  8.562933e-01
6.580000e+01  8.511054e-01
6.590000e+01  8.477114e-01
6.600000e+01  8.469799e-01
6.610000e+01  8.496311e-01
6.620000e+01  8.561937e-01
6.630000e+01  8.669722e-01
6.640000e+01  8.820285e-01
6.650000e+01  9.011769e-01
6.660000e+01  9.239935e-01
6.670000e+01  9.498389e-01
6.680000e+01  9.778909e-01
6.690000e+01  1.007186e+00
6.700000e+01  1.036665e+00
6.710000e+01  1.065223e+00
6.720000e+01  1.091759e+00
6.730000e+01  1.115220e+00
6.740000e+01  1.134649e+00
6.750000e+01  1.149221e+00
6.760000e+01  1.158273e+00
6.770000e+01  1.161333e+00
6.780000e+01  1.158133e+00
6.790000e+01  1.148622e+00
6.800000e+01  1.132967e+00
6.810000e+01  1.111542e+00
6.820000e+01  1.084923e+00
6.830000e+01  1.053855e+00
6.840000e+01  1.019234e+00
6.850000e+01  9.820673e-01
6.860000e+01  9.434369e-01
6.870000e+01  9.044548e-01
6.880000e+01  8.662192e-01
6.890000e+01  8.297672e-01
6.900000e+01  7.960300e-01
6.910000e+01  7.657900e-01
6.920000e+01  7.396443e-01
6.930000e+01  7.179743e-01
6.940000e+01  7.009265e-01
6.950000e+01  6.884033e-01
6.960000e+01  6.800681e-01
6.970000e+01  6.753632e-01
6.980000e+01  6.735403e-01
6.990000e+01  6.737031e-01
7.000000e+01  6.748583e-01
7.010000e+01  6.759721e-01
7.020000e+01  6.760278e-01
7.030000e+01  6.740815e-01
7.040000e+01  6.693109e-01
7.050000e+01  6.610563e-01
7.060000e+01  6.488499e-01
7.070000e+01  6.324337e-01
7.080000e+01  6.117660e-01
7.090000e+01  5.870156e-01
7.100000e+01  5.585475e-01
7.110000e+01  5.268996e-01
7.120000e+01  4.927523e-01
7.130000e+01  4.568948e-01
7.140000e+01  4.201870e-01
7.150000e+01  3.835209e-01
7.160000e+01  3.477822e-01
7.170000e+01  3.138137e-01
7.180000e+01  2.823812e-01
7.190000e+01  2.541439e-01
7.200000e+01  2.296296e-01
7.210000e+01  2.092159e-01
7.220000e+01  1.931168e-01
7.230000e+01  1.813778e-01
7.240000e+01  1.738764e-01
7.250000e+01  1.703306e-01
7.260000e+01  1.703146e-01
7.270000e+01  1.732800e-01
7.280000e+01  1.785843e-01
7.290000e+01  1.855231e-01
7.300000e+01  1.933661e-01
7.310000e+01  2.013948e-01
7.320000e+01  2.089397e-01
7.330000e+01  2.154156e-01
7.340000e+01  2.203515e-01
7.350000e+01  2.234140e-01
7.360000e+01  2.244222e-01
7.370000e+01  2.233533e-01
7.380000e+01  2.203379e-01
7.390000e+01  2.156457e-01
7.400000e+01  2.096636e-01
7.410000e+01  2.028667e-01
7.420000e+01  1.957852e-01
7.430000e+01  1.889693e-01
7.440000e+01  1.829553e-01
7.450000e+01  1.782334e-01
7.460000e+01  1.752205e-01
7.470000e+01  1.742383e-01
7.480000e+01  1.754976e-01
7.490000e+01  1.790900e-01
7.500000e+01  1.849854e-01
7.510000e+01  1.930368e-01
7.520000e+01  2.029903e-01
7.530000e+01  2.145009e-01
7.540000e+01  2.271510e-01
7.550000e+01  2.404741e-01
7.560000e+01  2.539783e-01
7.570000e+01  2.671727e-01
7.580000e+01  2.795919e-01
7.590000e+01  2.908201e-01
7.600000e+01  3.005128e-01
7.610000e+01  3.084139e-01
7.620000e+01  3.143698e-01
7.630000e+01  3.183369e-01
7.640000e+01  3.203841e-01
7.650000e+01  3.206888e-01
7.660000e+01  3.195263e-01
7.670000e+01  3.172532e-01
7.680000e+01  3.142861e-01
7.690000e+01  3.110748e-01
7.700000e+01  3.080736e-01
7.710000e+01  3.057117e-01
7.720000e+01  3.043636e-01
7.730000e+01  3.043231e-01
7.740000e+01  3.057825e-01
7.750000e+01  3.088173e-01
7.760000e+01  3.133790e-01
7.770000e+01  3.192952e-01
7.780000e+01  3.262784e-01
7.790000e+01  3.339405e-01
7.800000e+01  3.418144e-01
7.810000e+01  3.493799e-01
7.820000e+01  3.560917e-01
7.830000e+01  3.614092e-01
7.840000e+01  3.648258e-01
7.850000e+01  3.658955e-01
7.860000e+01  3.642572e-01
7.870000e+01  3.596537e-01
7.880000e+01  3.519463e-01
7.890000e+01  3.411233e-01
7.900000e+01  3.273027e-01
7.910000e+01  3.107289e-01
7.920000e+01  2.917634e-01
7.930000e+01  2.708698e-01
7.940000e+01  2.485941e-01
7.950000e+01  2.255409e-01
7.960000e+01  2.023456e-01
7.970000e+01  1.796448e-01
7.980000e+01  1.580462e-01
7.990000e+01  1.380978e-01
8.000000e+01  1.202601e-01
8.010000e+01  1.048811e-01
8.020000e+01  9.217618e-02
8.030000e+01  8.221440e-02
8.040000e+01  7.491217e-02
8.050000e+01  7.003477e-02
8.060000e+01  6.720644e-02
8.070000e+01  6.592853e-02
8.080000e+01  6.560505e-02
8.090000e+01  6.557421e-02
8.100000e+01  6.514415e-02
8.110000e+01  6.363075e-02
8.120000e+01  6.039519e-02
8.130000e+01  5.487889e-02
8.140000e+01  4.663407e-02
8.150000e+01  3.534786e-02
8.160000e+01  2.085911e-02
8.170000e+01  3.167001e-03
8.180000e+01  -1.756862e-02
8.190000e+01  -4.103491e-02
8.200000e+01  -6.678103e-02
8.210000e+01  -9.423934e-02
8.220000e+01  -1.227519e-01
8.230000e+01  -1.516002e-01
8.240000e+01  -1.800380e-01
8.250000e+01  -2.073240e-01
8.260000e+01  -2.327551e-01
8.270000e+01  -2.556963e-01
8.280000e+01  -2.756096e-01
8.290000e+01  -2.920763e-01
8.300000e+01  -3.048162e-01
8.310000e+01  -3.136997e-01
8.320000e+01  -3.187540e-01
8.330000e+01  -3.201615e-01
8.340000e+01  -3.182524e-01
8.350000e+01  -3.134896e-01
8.360000e+01  -3.064473e-01
8.370000e+01  -2.977839e-01
8.380000e+01  -2.882109e-01
8.390000e+01  -2.784576e-01
8.400000e+01  -2.692357e-01
8.410000e+01  -2.612031e-01
8.420000e+01  -2.549311e-01
8.430000e+01  -2.508749e-01
8.440000e+01  -2.493515e-01
8.450000e+01  -2.505235e-01
8.460000e+01  -2.543927e-01
8.470000e+01  -2.608013e-01
8.480000e+01  -2.694428e-01
8.490000e+01  -2.798792e-01
8.500000e+01  -2.915665e-01
8.510000e+01  -3.038842e-01
8.520000e+01  -3.161676e-01
8.530000e+01  -3.277427e-01
8.540000e+01  -3.379592e-01
8.550000e+01  -3.462221e-01
8.560000e+01  -3.520191e-01
8.570000e+01  -3.549439e-01
8.580000e+01  -3.547124e-01
8.590000e+01  -3.511747e-01
8.600000e+01  -3.443186e-01
8.610000e+01  -3.342685e-01
8.620000e+01  -3.212772e-01
8.630000e+01  -3.057121e-01
8.640000e+01  -2.880375e-01
8.650000e+01  -2.687918e-01
8.660000e+01  -2.485623e-01
8.670000e+01  -2.279582e-01
8.680000e+01  -2.075821e-01
8.690000e+01  -1.880033e-01
8.700000e+01  -1.697314e-01
8.710000e+01  -1.531938e-01
8.720000e+01  -1.387171e-01
8.730000e+01  -1.265128e-01
8.740000e+01  -1.166700e-01
8.750000e+01  -1.091535e-01
8.760000e+01  -1.038087e-01
8.770000e+01  -1.003730e-01
8.780000e+01  -9.849303e-02
8.790000e+01  -9.774628e-02
8.800000e+01  -9.766690e-02
8.810000e+01  -9.777317e-02
8.820000e+01  -9.759554e-02
8.830000e+01  -9.670322e-02
8.840000e+01  -9.472797e-02
8.850000e+01  -9.138350e-02
8.860000e+01  -8.647971e-02
8.870000e+01  -7.993087e-02
8.880000e+01  -7.175773e-02
8.890000e+01  -6.208352e-02
8.900000e+01  -5.112451e-02
8.910000e+01  -3.917576e-02
8.920000e+01  -2.659321e-02
8.930000e+01  -1.377308e-02
8.940000e+01  -1.129889e-03
8.950000e+01  1.092590e-02
8.960000e+01  2.200927e-02
8.970000e+01  3.178025e-02
8.980000e+01  3.996073e-02
8.990000e+01  4.634777e-02
9.000000e+01  5.082280e-02
9.010000e+01  5.335639e-02
9.020000e+01  5.400824e-02
9.030000e+01  5.292257e-02
9.040000e+01  5.031895e-02
9.050000e+01  4.647907e-02
9.060000e+01  4.172998e-02
9.070000e+01  3.642475e-02
9.080000e+01  3.092145e-02
9.090000e+01  2.556149e-02
9.100000e+01  2.064882e-02
9.110000e+01  1.643101e-02
9.120000e+01  1.308347e-02
9.130000e+01  1.069809e-02
9.140000e+01  9.276819e-03
9.150000e+01  8.731058e-03
9.160000e+01  8.886815e-03
9.170000e+01  9.495482e-03
9.180000e+01  1.024956e-02
9.190000e+01  1.080237e-02
9.200000e+01  1.079038e-02
9.210000e+01  9.856855e-03
9.220000e+01  7.675177e-03
9.230000e+01  3.970441e-03
9.240000e+01  -1.461914e-03
9.250000e+01  -8.741544e-03
9.260000e+01  -1.789344e-02
9.270000e+01  -2.884345e-02
9.280000e+01  -4.141920e-02
9.290000e+01  -5.535636e-02
9.300000e+01  -7.030977e-02
9.310000e+01  -8.586898e-02
9.320000e+01  -1.015773e-01
9.330000e+01  -1.169537e-01
9.340000e+01  -1.315159e-01
9.350000e+01  -1.448049e-01
9.360000e+01  -1.564084e-01
9.370000e+01  -1.659826e-01
9.380000e+01  -1.732718e-01
9.390000e+01  -1.781240e-01
9.400000e+01  -1.805018e-01
9.410000e+01  -1.804878e-01
9.420000e+01  -1.782849e-01
9.430000e+01  -1.742086e-01
9.440000e+01  -1.686747e-01
9.450000e+01  -1.621794e-01
9.460000e+01  -1.552752e-01
9.470000e+01  -1.485415e-01
9.480000e+01  -1.425529e-01
9.490000e+01  -1.378462e-01
9.500000e+01  -1.348884e-01
9.510000e+01  -1.340469e-01
9.520000e+01  -1.355655e-01
9.530000e+01  -1.395464e-01
9.540000e+01  -1.459398e-01
9.550000e+01  -1.545427e-01
9.560000e+01  -1.650053e-01
9.570000e+01  -1.768468e-01
9.580000e+01  -1.894776e-01
9.590000e+01  -2.022275e-01
9.600000e+01  -2.143785e-01
9.610000e+01  -2.251993e-01
9.620000e+01  -2.339806e-01
9.630000e+01  -2.400694e-01
9.640000e+01  -2.429002e-01
9.650000e+01  -2.420219e-01
9.660000e+01  -2.371198e-01
9.670000e+01  -2.280317e-01
9.680000e+01  -2.147568e-01
9.690000e+01  -1.974579e-01
9.700000e+01  -1.764569e-01
9.710000e+01  -1.522229e-01
9.720000e+01  -1.253543e-01
9.730000e+01  -9.655420e-02
9.740000e+01  -6.660163e-02
9.750000e+01  -3.631786e-02
9.760000e+01  -6.530171e-03
9.770000e+01  2.196593e-02
9.780000e+01  4.844443e-02
9.790000e+01  7.228454e-02
9.800000e+01  9.300279e-02
9.810000e+01  1.102795e-01
9.820000e+01  1.239779e-01
9.830000e+01  1.341543e-01
9.840000e+01  1.410586e-01
9.850000e+01  1.451241e-01
9.860000e+01  1.469463e-01
9.870000e+01  1.472535e-01
9.880000e+01  1.468680e-01
9.890000e+01  1.466623e-01
9.900000e+01  1.475121e-01
9.910000e+01  1.502492e-01
9.920000e+01  1.556174e-01
9.930000e+01  1.642334e-01
9.940000e+01  1.765558e-01
9.950000e+01  1.928625e-01
9.960000e+01  2.132383e-01
9.970000e+01  2.375727e-01
9.980000e+01  2.655662e-01
9.990000e+01  2.967469e-01
1.000000e+02  3.304928e-01
