  -7.853982e-01  3.509972e-09
  -7.823302e-01  4.158801e-09
  -7.792622e-01  2.793352e-09
  -7.761943e-01  2.254960e-09
  -7.731263e-01  1.604436e-09
  -7.700584e-01  2.552627e-09
  -7.669904e-01  4.507884e-09
  -7.639224e-01  1.417314e-09
  -7.608545e-01  1.888846e-09
  -7.577865e-01  1.149380e-09
  -7.547185e-01  1.696888e-09
  -7.516506e-01  2.156597e-09
  -7.485826e-01  1.261087e-09
  -7.455147e-01  1.850938e-09
  -7.424467e-01  4.082361e-09
  -7.393787e-01  2.720166e-09
  -7.363108e-01  2.079685e-09
  -7.332428e-01  3.497961e-09
  -7.301749e-01  2.349445e-09
  -7.271069e-01  1.445145e-09
  -7.240389e-01  3.977330e-10
  -7.209710e-01  1.067467e-09
  -7.179030e-01  4.184336e-10
  -7.148350e-01  1.099698e-09
  -7.117671e-01  1.615896e-09
  -7.086991e-01  2.941742e-09
  -7.056312e-01  2.633396e-09
  -7.025632e-01  2.499361e-10
  -6.994952e-01  2.379617e-09
  -6.964273e-01  6.466971e-10
  -6.933593e-01  3.349881e-09
  -6.902914e-01  3.389836e-09
  -6.872234e-01  3.172433e-09
  -6.841554e-01  1.470162e-09
  -6.810875e-01  2.983718e-09
  -6.780195e-01  4.500538e-09
  -6.749515e-01  1.381417e-09
  -6.718836e-01  2.338911e-09
  -6.688156e-01  2.074773e-09
  -6.657477e-01  2.493963e-09
  -6.626797e-01  2.769869e-09
  -6.596117e-01  1.328527e-09
  -6.565438e-01  1.823660e-09
  -6.534758e-01  2.442733e-09
  -6.504079e-01  3.149796e-09
  -6.473399e-01  1.238795e-09
  -6.442719e-01  5.098318e-09
  -6.412040e-01  2.674039e-09
  -6.381360e-01  3.408189e-09
  -6.350680e-01  2.299079e-09
  -6.320001e-01  3.829763e-09
  -6.289321e-01  3.996497e-09
  -6.258642e-01  2.370272e-09
  -6.227962e-01  2.702350e-09
  -6.197282e-01  4.111674e-09
  -6.166603e-01  3.112026e-09
  -6.135923e-01  1.661230e-09
  -6.105244e-01  4.949157e-09
  -6.074564e-01  2.287487e-09
  -6.043884e-01  3.343168e-09
  -6.013205e-01  3.798041e-09
  -5.982525e-01  3.808594e-09
  -5.951845e-01  3.015390e-09
  -5.921166e-01  4.471125e-09
  -5.890486e-01  3.140342e-09
  -5.859807e-01  4.578257e-09
  -5.829127e-01  3.759673e-09
  -5.798447e-01  4.497580e-09
  -5.767768e-01  2.916236e-09
  -5.737088e-01  4.761281e-09
  -5.706409e-01  5.746805e-09
  -5.675729e-01  3.661959e-09
  -5.645049e-01  5.804151e-09
  -5.614370e-01  4.203788e-09
  -5.583690e-01  5.574962e-09
  -5.553010e-01  3.314973e-09
  -5.522331e-01  4.965898e-09
  -5.491651e-01  6.130099e-09
  -5.460972e-01  3.829835e-09
  -5.430292e-01  6.052361e-09
  -5.399612e-01  6.993695e-09
  -5.368933e-01  3.582317e-09
  -5.338253e-01  5.883929e-09
  -5.307574e-01  6.313044e-09
  -5.276894e-01  6.182346e-09
  -5.246214e-01  4.815470e-09
  -5.215535e-01  7.759976e-09
  -5.184855e-01  3.438347e-09
  -5.154175e-01  8.839017e-09
  -5.123496e-01  5.032641e-09
  -5.092816e-01  6.109930e-09
  -5.062137e-01  5.241267e-09
  -5.031457e-01  1.054620e-08
  -5.000777e-01  4.844885e-09
  -4.970098e-01  7.962622e-09
  -4.939418e-01  6.094248e-09
  -4.908739e-01  9.883905e-09
  -4.878059e-01  4.302138e-09
  -4.847379e-01  9.346888e-09
  -4.816700e-01  7.633577e-09
  -4.786020e-01  8.008217e-09
  -4.755340e-01  8.496859e-09
  -4.724661e-01  9.469232e-09
  -4.693981e-01  8.022544e-09
  -4.663302e-01  1.041089e-08
  -4.632622e-01  8.220827e-09
  -4.601942e-01  7.417004e-09
  -4.571263e-01  1.088260e-08
  -4.540583e-01  1.090359e-08
  -4.509904e-01  9.071783e-09
  -4.479224e-01  9.385177e-09
  -4.448544e-01  1.068643e-08
  -4.417865e-01  9.388269e-09
  -4.387185e-01  1.261207e-08
  -4.356505e-01  9.681378e-09
  -4.325826e-01  1.088756e-08
  -4.295146e-01  1.158543e-08
  -4.264467e-01  1.153832e-08
  -4.233787e-01  1.132759e-08
  -4.203107e-01  1.301079e-08
  -4.172428e-01  1.135914e-08
  -4.141748e-01  1.344620e-08
  -4.111069e-01  1.201356e-08
  -4.080389e-01  1.366583e-08
  -4.049709e-01  1.326015e-08
  -4.019030e-01  1.329991e-08
  -3.988350e-01  1.460496e-08
  -3.957670e-01  1.561211e-08
  -3.926991e-01  1.291072e-08
  -3.896311e-01  1.646974e-08
  -3.865632e-01  1.541406e-08
  -3.834952e-01  1.594690e-08
  -3.804272e-01  1.638129e-08
  -3.773593e-01  1.757497e-08
  -3.742913e-01  1.493389e-08
  -3.712234e-01  1.884010e-08
  -3.681554e-01  1.770527e-08
  -3.650874e-01  1.770154e-08
  -3.620195e-01  1.923193e-08
  -3.589515e-01  1.826066e-08
  -3.558835e-01  1.997393e-08
  -3.528156e-01  2.196690e-08
  -3.497476e-01  1.816285e-08
  -3.466797e-01  2.346998e-08
  -3.436117e-01  2.080653e-08
  -3.405437e-01  2.149269e-08
  -3.374758e-01  2.430267e-08
  -3.344078e-01  2.267442e-08
  -3.313399e-01  2.577989e-08
  -3.282719e-01  2.296896e-08
  -3.252039e-01  2.632215e-08
  -3.221360e-01  2.646678e-08
  -3.190680e-01  2.638816e-08
  -3.160000e-01  2.666096e-08
  -3.129321e-01  2.911834e-08
  -3.098641e-01  2.894347e-08
  -3.067962e-01  3.115923e-08
  -3.037282e-01  2.793414e-08
  -3.006602e-01  3.437048e-08
  -2.975923e-01  3.043580e-08
  -2.945243e-01  3.443864e-08
  -2.914563e-01  3.462873e-08
  -2.883884e-01  3.605121e-08
  -2.853204e-01  3.684952e-08
  -2.822525e-01  3.606964e-08
  -2.791845e-01  3.992821e-08
  -2.761165e-01  3.991539e-08
  -2.730486e-01  4.035143e-08
  -2.699806e-01  4.127890e-08
  -2.669127e-01  4.713145e-08
  -2.638447e-01  4.311275e-08
  -2.607767e-01  4.795737e-08
  -2.577088e-01  4.765929e-08
  -2.546408e-01  4.870869e-08
  -2.515728e-01  5.280692e-08
  -2.485049e-01  5.349222e-08
  -2.454369e-01  5.347792e-08
  -2.423690e-01  5.847365e-08
  -2.393010e-01  5.797550e-08
  -2.362330e-01  6.083432e-08
  -2.331651e-01  6.286021e-08
  -2.300971e-01  6.652476e-08
  -2.270292e-01  6.707655e-08
  -2.239612e-01  7.034012e-08
  -2.208932e-01  7.263250e-08
  -2.178253e-01  7.508730e-08
  -2.147573e-01  7.914480e-08
  -2.116893e-01  8.153555e-08
  -2.086214e-01  8.357451e-08
  -2.055534e-01  8.627943e-08
  -2.024855e-01  9.483929e-08
  -1.994175e-01  9.370789e-08
  -1.963495e-01  9.895090e-08
  -1.932816e-01  1.038276e-07
  -1.902136e-01  1.059996e-07
  -1.871457e-01  1.123577e-07
  -1.840777e-01  1.166165e-07
  -1.810097e-01  1.240017e-07
  -1.779418e-01  1.245327e-07
  -1.748738e-01  1.353494e-07
  -1.718058e-01  1.379528e-07
  -1.687379e-01  1.464725e-07
  -1.656699e-01  1.516783e-07
  -1.626020e-01  1.609533e-07
  -1.595340e-01  1.672849e-07
  -1.564660e-01  1.786989e-07
  -1.533981e-01  1.824449e-07
  -1.503301e-01  1.994897e-07
  -1.472622e-01  1.783040e-07
  -1.441942e-01  2.534366e-07
  -1.411262e-01  2.146555e-07
  -1.380583e-01  1.514100e-07
  -1.349903e-01  4.634835e-07
  -1.319223e-01  1.524030e-07
  -1.288544e-01  2.843305e-07
  -1.257864e-01  4.435057e-07
  -1.227185e-01  3.944321e-07
  -1.196505e-01  3.520653e-07
  -1.165825e-01  3.575237e-07
  -1.135146e-01  3.847968e-07
  -1.104466e-01  3.802721e-07
  -1.073787e-01  6.688548e-07
  -1.043107e-01  4.527211e-07
  -1.012427e-01  2.802024e-07
  -9.817477e-02  6.477380e-06
  -9.510681e-02  8.741099e-06
  -9.203885e-02  5.459567e-06
  -8.897089e-02  2.114864e-05
  -8.590292e-02  6.607580e-05
  -8.283496e-02  5.131523e-05
  -7.976700e-02  9.934627e-06
  -7.669904e-02  1.230651e-04
  -7.363108e-02  1.608444e-04
  -7.056312e-02  5.322590e-05
  -6.749515e-02  7.308658e-06
  -6.442719e-02  4.418823e-06
  -6.135923e-02  5.836798e-06
  -5.829127e-02  7.543145e-06
  -5.522331e-02  1.155595e-05
  -5.215535e-02  1.939496e-05
  -4.908739e-02  3.403982e-05
  -4.601942e-02  9.098103e-05
  -4.295146e-02  2.465458e-04
  -3.988350e-02  1.839951e-03
  -3.681554e-02  8.704063e-03
  -3.374758e-02  8.422790e-03
  -3.067962e-02  1.600995e-03
  -2.761165e-02  5.481343e-04
  -2.454369e-02  1.105027e-03
  -2.147573e-02  4.571865e-04
  -1.840777e-02  8.371777e-05
  -1.533981e-02  1.672855e-04
  -1.227185e-02  1.768755e-04
  -9.203885e-03  8.746302e-06
  -6.135923e-03  3.106739e-05
  -3.067962e-03  4.507816e-05
  0.000000e+00  6.333813e-05
  3.067962e-03  9.112093e-05
  6.135923e-03  1.431124e-04
  9.203885e-03  2.315078e-04
  1.227185e-02  8.779373e-04
  1.533981e-02  1.054620e-03
  1.840777e-02  4.329245e-03
  2.147573e-02  1.375757e-01
  2.454369e-02  3.174947e-01
  2.761165e-02  1.830400e-01
  3.067962e-02  8.231335e-03
  3.374758e-02  4.979188e-02
  3.681554e-02  5.046144e-02
  3.988350e-02  1.086354e-02
  4.295146e-02  1.534461e-03
  4.601942e-02  5.577935e-04
  4.908739e-02  2.478842e-04
  5.215535e-02  1.431104e-04
  5.522331e-02  8.971864e-05
  5.829127e-02  6.063164e-05
  6.135923e-02  4.444812e-05
  6.442719e-02  3.280648e-05
  6.749515e-02  3.323841e-05
  7.056312e-02  1.214762e-04
  7.363108e-02  3.117826e-04
  7.669904e-02  2.566946e-04
  7.976700e-02  1.382593e-05
  8.283496e-02  9.037513e-05
  8.590292e-02  1.244968e-04
  8.897089e-02  3.616835e-05
  9.203885e-02  1.067968e-05
  9.510681e-02  1.372316e-05
  9.817477e-02  1.250109e-05
  1.012427e-01  2.844773e-06
  1.043107e-01  2.102033e-06
  1.073787e-01  3.019322e-06
  1.104466e-01  2.019285e-06
  1.135146e-01  1.939121e-06
  1.165825e-01  1.738398e-06
  1.196505e-01  1.515748e-06
  1.227185e-01  1.799963e-06
  1.257864e-01  1.016631e-06
  1.288544e-01  1.254003e-06
  1.319223e-01  1.082880e-06
  1.349903e-01  1.097221e-06
  1.380583e-01  9.005745e-07
  1.411262e-01  8.232355e-07
  1.441942e-01  8.486600e-07
  1.472622e-01  6.598633e-07
  1.503301e-01  6.728349e-07
  1.533981e-01  6.241226e-07
  1.564660e-01  5.666019e-07
  1.595340e-01  5.364500e-07
  1.626020e-01  4.973681e-07
  1.656699e-01  4.635335e-07
  1.687379e-01  4.381778e-07
  1.718058e-01  4.044221e-07
  1.748738e-01  3.845850e-07
  1.779418e-01  3.566655e-07
  1.810097e-01  3.375626e-07
  1.840777e-01  3.177885e-07
  1.871457e-01  3.000874e-07
  1.902136e-01  2.832520e-07
  1.932816e-01  2.661594e-07
  1.963495e-01  2.537613e-07
  1.994175e-01  2.376490e-07
  2.024855e-01  2.269073e-07
  2.055534e-01  2.165927e-07
  2.086214e-01  2.029928e-07
  2.116893e-01  1.934360e-07
  2.147573e-01  1.850514e-07
  2.178253e-01  1.750311e-07
  2.208932e-01  1.682343e-07
  2.239612e-01  1.576516e-07
  2.270292e-01  1.538551e-07
  2.300971e-01  1.455816e-07
  2.331651e-01  1.368456e-07
  2.362330e-01  1.335759e-07
  2.393010e-01  1.269425e-07
  2.423690e-01  1.223614e-07
  2.454369e-01  1.147790e-07
  2.485049e-01  1.116927e-07
  2.515728e-01  1.069736e-07
  2.546408e-01  1.038813e-07
  2.577088e-01  9.654658e-08
  2.607767e-01  9.613047e-08
  2.638447e-01  9.033643e-08
  2.669127e-01  8.710369e-08
  2.699806e-01  8.454840e-08
  2.730486e-01  8.159223e-08
  2.761165e-01  7.597736e-08
  2.791845e-01  7.702437e-08
  2.822525e-01  7.098046e-08
  2.853204e-01  7.119126e-08
  2.883884e-01  6.623865e-08
  2.914563e-01  6.574985e-08
  2.945243e-01  6.189633e-08
  2.975923e-01  6.170536e-08
  3.006602e-01  5.817975e-08
  3.037282e-01  5.562207e-08
  3.067962e-01  5.565619e-08
  3.098641e-01  5.095798e-08
  3.129321e-01  5.407287e-08
  3.160000e-01  4.742483e-08
  3.190680e-01  4.920644e-08
  3.221360e-01  4.542822e-08
  3.252039e-01  4.535292e-08
  3.282719e-01  4.410400e-08
  3.313399e-01  4.206747e-08
  3.344078e-01  4.059297e-08
  3.374758e-01  3.937629e-08
  3.405437e-01  3.988116e-08
  3.436117e-01  3.631579e-08
  3.466797e-01  3.564629e-08
  3.497476e-01  3.618133e-08
  3.528156e-01  3.483585e-08
  3.558835e-01  3.278678e-08
  3.589515e-01  3.303303e-08
  3.620195e-01  3.007382e-08
  3.650874e-01  3.241774e-08
  3.681554e-01  2.847411e-08
  3.712234e-01  2.900889e-08
  3.742913e-01  2.878427e-08
  3.773593e-01  2.790754e-08
  3.804272e-01  2.485917e-08
  3.834952e-01  2.716079e-08
  3.865632e-01  2.545479e-08
  3.896311e-01  2.395543e-08
  3.926991e-01  2.435928e-08
  3.957670e-01  2.294806e-08
  3.988350e-01  2.283703e-08
  4.019030e-01  2.314600e-08
  4.049709e-01  2.185732e-08
  4.080389e-01  1.942393e-08
  4.111069e-01  2.260910e-08
  4.141748e-01  1.855714e-08
  4.172428e-01  1.878934e-08
  4.203107e-01  2.147610e-08
  4.233787e-01  1.674316e-08
  4.264467e-01  1.829625e-08
  4.295146e-01  1.828574e-08
  4.325826e-01  1.774385e-08
  4.356505e-01  1.652830e-08
  4.387185e-01  1.670958e-08
  4.417865e-01  1.669398e-08
  4.448544e-01  1.483537e-08
  4.479224e-01  1.612115e-08
  4.509904e-01  1.385335e-08
  4.540583e-01  1.730543e-08
  4.571263e-01  1.295480e-08
  4.601942e-01  1.455398e-08
  4.632622e-01  1.354848e-08
  4.663302e-01  1.335461e-08
  4.693981e-01  1.296636e-08
  4.724661e-01  1.478122e-08
  4.755340e-01  1.094289e-08
  4.786020e-01  1.068837e-08
  4.816700e-01  1.478276e-08
  4.847379e-01  1.117128e-08
  4.878059e-01  1.041739e-08
  4.908739e-01  1.251532e-08
  4.939418e-01  9.738344e-09
  4.970098e-01  1.068677e-08
  5.000777e-01  1.316914e-08
  5.031457e-01  7.734599e-09
  5.062137e-01  1.068753e-08
  5.092816e-01  9.375030e-09
  5.123496e-01  1.072288e-08
  5.154175e-01  7.906628e-09
  5.184855e-01  1.103634e-08
  5.215535e-01  7.760179e-09
  5.246214e-01  1.057254e-08
  5.276894e-01  6.524183e-09
  5.307574e-01  1.045906e-08
  5.338253e-01  5.607222e-09
  5.368933e-01  1.106515e-08
  5.399612e-01  6.450343e-09
  5.430292e-01  9.376195e-09
  5.460972e-01  6.112243e-09
  5.491651e-01  7.507284e-09
  5.522331e-01  7.241326e-09
  5.553010e-01  7.733782e-09
  5.583690e-01  7.855435e-09
  5.614370e-01  5.362830e-09
  5.645049e-01  7.305397e-09
  5.675729e-01  6.442141e-09
  5.706409e-01  6.869433e-09
  5.737088e-01  5.320580e-09
  5.767768e-01  7.167110e-09
  5.798447e-01  5.496311e-09
  5.829127e-01  8.036955e-09
  5.859807e-01  4.095192e-09
  5.890486e-01  6.935366e-09
  5.921166e-01  3.633313e-09
  5.951845e-01  5.876233e-09
  5.982525e-01  5.785668e-09
  6.013205e-01  5.144278e-09
  6.043884e-01  6.280070e-09
  6.074564e-01  4.747536e-09
  6.105244e-01  4.324748e-09
  6.135923e-01  5.797226e-09
  6.166603e-01  6.065150e-09
  6.197282e-01  4.159683e-09
  6.227962e-01  5.053613e-09
  6.258642e-01  4.631574e-09
  6.289321e-01  5.994830e-09
  6.320001e-01  3.116098e-09
  6.350680e-01  4.470389e-09
  6.381360e-01  6.442496e-09
  6.412040e-01  2.363707e-09
  6.442719e-01  4.103210e-09
  6.473399e-01  4.541042e-09
  6.504079e-01  2.548875e-09
  6.534758e-01  5.194897e-09
  6.565438e-01  1.927285e-09
  6.596117e-01  5.736401e-09
  6.626797e-01  3.652390e-09
  6.657477e-01  2.411631e-09
  6.688156e-01  2.487285e-09
  6.718836e-01  5.578733e-09
  6.749515e-01  4.494796e-10
  6.780195e-01  4.093713e-09
  6.810875e-01  3.690451e-09
  6.841554e-01  2.179256e-09
  6.872234e-01  2.923670e-09
  6.902914e-01  2.741520e-09
  6.933593e-01  3.026277e-09
  6.964273e-01  5.012435e-10
  6.994952e-01  4.256494e-09
  7.025632e-01  2.527336e-09
  7.056312e-01  1.517954e-09
  7.086991e-01  1.927526e-09
  7.117671e-01  1.725588e-09
  7.148350e-01  4.565599e-09
  7.179030e-01  1.632538e-09
  7.209710e-01  2.455212e-09
  7.240389e-01  2.561557e-09
  7.271069e-01  1.077583e-09
  7.301749e-01  2.881892e-09
  7.332428e-01  2.429055e-09
  7.363108e-01  2.012670e-09
  7.393787e-01  3.444703e-09
  7.424467e-01  4.073785e-09
  7.455147e-01  4.142565e-10
  7.485826e-01  2.372203e-09
  7.516506e-01  2.107202e-09
  7.547185e-01  2.469557e-09
  7.577865e-01  2.225584e-09
  7.608545e-01  1.284777e-09
  7.639224e-01  2.104927e-09
  7.669904e-01  1.596596e-09
  7.700584e-01  2.080425e-09
  7.731263e-01  2.678857e-09
  7.761943e-01  2.632935e-09
  7.792622e-01  4.668191e-10
  7.823302e-01  1.787785e-09
  7.853982e-01  3.509972e-09
